[UnityMemory] Configuration Parameters - Can be set up in boot.config
    "memorysetup-bucket-allocator-granularity=16"
    "memorysetup-bucket-allocator-bucket-count=8"
    "memorysetup-bucket-allocator-block-size=4194304"
    "memorysetup-bucket-allocator-block-count=1"
    "memorysetup-main-allocator-block-size=16777216"
    "memorysetup-thread-allocator-block-size=16777216"
    "memorysetup-gfx-main-allocator-block-size=16777216"
    "memorysetup-gfx-thread-allocator-block-size=16777216"
    "memorysetup-cache-allocator-block-size=4194304"
    "memorysetup-typetree-allocator-block-size=2097152"
    "memorysetup-profiler-bucket-allocator-granularity=16"
    "memorysetup-profiler-bucket-allocator-bucket-count=8"
    "memorysetup-profiler-bucket-allocator-block-size=4194304"
    "memorysetup-profiler-bucket-allocator-block-count=1"
    "memorysetup-profiler-allocator-block-size=16777216"
    "memorysetup-profiler-editor-allocator-block-size=1048576"
    "memorysetup-temp-allocator-size-main=4194304"
    "memorysetup-job-temp-allocator-block-size=2097152"
    "memorysetup-job-temp-allocator-block-size-background=1048576"
    "memorysetup-job-temp-allocator-reduction-small-platforms=262144"
    "memorysetup-allocator-temp-initial-block-size-main=262144"
    "memorysetup-allocator-temp-initial-block-size-worker=262144"
    "memorysetup-temp-allocator-size-background-worker=32768"
    "memorysetup-temp-allocator-size-job-worker=262144"
    "memorysetup-temp-allocator-size-preload-manager=262144"
    "memorysetup-temp-allocator-size-nav-mesh-worker=65536"
    "memorysetup-temp-allocator-size-audio-worker=65536"
    "memorysetup-temp-allocator-size-cloud-worker=32768"
    "memorysetup-temp-allocator-size-gfx=262144"
Remaining time:29s
Found 2 interfaces on host : 0) 10.141.0.4 1) 10.149.0.4
Player connection [140421163601792] Multi-casting "[IP] 10.141.0.4 [Port] 55000 [Flags] 19 [Guid] 4257504281 [EditorId] 68957167 [Version] 1048832 [Id] LinuxPlayer(13,10.141.0.4) [Debug] 0 [PackageName] LinuxPlayer [ProjectName] Opencraft" to [225.0.0.222:54997]...

Direct connection to host time out.
Stopping profiler. Profiler is not able to flush data to a file or socket and exceeded maximum allowed memory for buffering.
Please use Profiler.maxUsedMemory API or -profiler-maxusedmemory command line parameter to increase maximum allowed memory usage.
Using 134234112 bytes while Profiler.maxUsedMemory is 134217728 bytes.
Failed to initialize networking layer after 30 seconds, skipping waiting for connection before starting playback.
Preloaded 'lib_burst_generated.so'
Preloaded 'libwebrtc.so'
[Physics::Module] Initialized MultithreadedJobDispatcher with 47 workers.
Initialize engine version: 2022.3.16f1 (d2c21f0ef2f1)
[Subsystems] Discovering subsystems at path /var/scratch/zmr280/opencraft/opencraft_Data/UnitySubsystems
Forcing GfxDevice: Null
GfxDevice: creating device client; threaded=0; jobified=0
NullGfxDevice:
    Version:  NULL 1.0 [1.0]
    Renderer: Null Device
    Vendor:   Unity Technologies
ERROR: Shader Hidden/Universal Render Pipeline/Blit shader is not supported on this GPU (none of subshaders/fallbacks are suitable)
ERROR: Shader Hidden/Universal Render Pipeline/CopyDepth shader is not supported on this GPU (none of subshaders/fallbacks are suitable)
ERROR: Shader Hidden/Universal Render Pipeline/Sampling shader is not supported on this GPU (none of subshaders/fallbacks are suitable)
ERROR: Shader Hidden/Universal Render Pipeline/LutBuilderLdr shader is not supported on this GPU (none of subshaders/fallbacks are suitable)
ERROR: Shader Hidden/Universal Render Pipeline/LutBuilderHdr shader is not supported on this GPU (none of subshaders/fallbacks are suitable)
ERROR: Shader Hidden/Universal Render Pipeline/UberPost shader is not supported on this GPU (none of subshaders/fallbacks are suitable)
ERROR: Shader Hidden/Universal Render Pipeline/Debug/DebugReplacement shader is not supported on this GPU (none of subshaders/fallbacks are suitable)
ERROR: Shader Hidden/Universal/HDRDebugView shader is not supported on this GPU (none of subshaders/fallbacks are suitable)
WARNING: Shader Unsupported: 'Hidden/Universal Render Pipeline/FallbackError' - All subshaders removed
WARNING: Shader Did you use #pragma only_renderers and omit this platform?
WARNING: Shader If subshaders removal was intentional, you may have forgotten turning Fallback off?
ERROR: Shader Hidden/Universal Render Pipeline/FallbackError shader is not supported on this GPU (none of subshaders/fallbacks are suitable)
WARNING: Shader Unsupported: 'Hidden/Universal Render Pipeline/FallbackError' - All subshaders removed
WARNING: Shader Did you use #pragma only_renderers and omit this platform?
WARNING: Shader If subshaders removal was intentional, you may have forgotten turning Fallback off?
WARNING: Shader Unsupported: 'Hidden/Universal Render Pipeline/StencilDeferred' - All subshaders removed
WARNING: Shader Did you use #pragma only_renderers and omit this platform?
WARNING: Shader If subshaders removal was intentional, you may have forgotten turning Fallback off?
ERROR: Shader Hidden/Universal Render Pipeline/StencilDeferred shader is not supported on this GPU (none of subshaders/fallbacks are suitable)
WARNING: Shader Unsupported: 'Hidden/Universal Render Pipeline/StencilDeferred' - All subshaders removed
WARNING: Shader Did you use #pragma only_renderers and omit this platform?
WARNING: Shader If subshaders removal was intentional, you may have forgotten turning Fallback off?
ERROR: Shader Hidden/Universal Render Pipeline/CameraMotionVectors shader is not supported on this GPU (none of subshaders/fallbacks are suitable)
ERROR: Shader Hidden/Universal Render Pipeline/ObjectMotionVectors shader is not supported on this GPU (none of subshaders/fallbacks are suitable)
ERROR: Shader Hidden/Universal Render Pipeline/LensFlareDataDriven shader is not supported on this GPU (none of subshaders/fallbacks are suitable)
ERROR: Shader Hidden/Universal Render Pipeline/ScreenSpaceAmbientOcclusion shader is not supported on this GPU (none of subshaders/fallbacks are suitable)
ERROR: Shader Hidden/Universal Render Pipeline/Stop NaN shader is not supported on this GPU (none of subshaders/fallbacks are suitable)
ERROR: Shader Hidden/Universal Render Pipeline/SubpixelMorphologicalAntialiasing shader is not supported on this GPU (none of subshaders/fallbacks are suitable)
ERROR: Shader Hidden/Universal Render Pipeline/TemporalAA shader is not supported on this GPU (none of subshaders/fallbacks are suitable)
ERROR: Shader Hidden/Universal Render Pipeline/Scaling Setup shader is not supported on this GPU (none of subshaders/fallbacks are suitable)
ERROR: Shader Hidden/Universal Render Pipeline/Edge Adaptive Spatial Upsampling shader is not supported on this GPU (none of subshaders/fallbacks are suitable)
ERROR: Shader Hidden/Universal Render Pipeline/FinalPost shader is not supported on this GPU (none of subshaders/fallbacks are suitable)
ERROR: Shader Sprites/Default shader is not supported on this GPU (none of subshaders/fallbacks are suitable)
ERROR: Shader Sprites/Mask shader is not supported on this GPU (none of subshaders/fallbacks are suitable)
ERROR: Shader GUI/Text Shader shader is not supported on this GPU (none of subshaders/fallbacks are suitable)
UnloadTime: 0.838552 ms
Parsing args: /var/scratch/zmr280/opencraft/opencraft.x86_64, -batchmode, -nographics, -logStats, True, -terrainType, 1-Layer, -statsFile, /var/scratch/zmr280/runs/players_1-Layer_80p_300s/opencraft_stats/server.csv, -activeLogic, -circuitChunkRadius, 5, -playType, Server
Setting up worlds with playType Server and streaming role Disabled
Connecting worlds with playType Server and streaming role Disabled
Created listen request for 0.0.0.0:7979
Creating statistics writer!
Initializing multiplay!
Found non-specified codec: VP8 Internal video/VP8 implementation_name=Internal
Found codec: VP9 Profile0
Found codec: VP9 Profile2
Found codec: VP9 Profile1
Found codec: VP9 Profile3
Found codec: AV1 Profile0
Found codec: AV1 Profile1
Could not find H264.High as streaming codec!
Adding terrain areas statistics recorders
Streamed scene with   34ms latency from /var/scratch/zmr280/opencraft/opencraft_Data/StreamingAssets/EntityScenes/bea83102298cfb741939cdba85abe535.0.entities
AutoLoading authoring scene in world ServerWorld
ERROR: Shader Custom/VoxelShader shader is not supported on this GPU (none of subshaders/fallbacks are suitable)
WARNING: Shader Unsupported: 'Hidden/Universal Render Pipeline/FallbackError' - All subshaders removed
WARNING: Shader Did you use #pragma only_renderers and omit this platform?
WARNING: Shader If subshaders removal was intentional, you may have forgotten turning Fallback off?
ERROR: Shader Hidden/Universal Render Pipeline/FallbackError shader is not supported on this GPU (none of subshaders/fallbacks are suitable)
WARNING: Shader Unsupported: 'Hidden/Universal Render Pipeline/FallbackError' - All subshaders removed
WARNING: Shader Did you use #pragma only_renderers and omit this platform?
WARNING: Shader If subshaders removal was intentional, you may have forgotten turning Fallback off?
WARNING: Shader Unsupported: 'Universal Render Pipeline/Lit' - All subshaders removed
WARNING: Shader Did you use #pragma only_renderers and omit this platform?
WARNING: Shader If subshaders removal was intentional, you may have forgotten turning Fallback off?
ERROR: Shader Universal Render Pipeline/Lit shader is not supported on this GPU (none of subshaders/fallbacks are suitable)
WARNING: Shader Unsupported: 'Universal Render Pipeline/Lit' - All subshaders removed
WARNING: Shader Did you use #pragma only_renderers and omit this platform?
WARNING: Shader If subshaders removal was intentional, you may have forgotten turning Fallback off?
WARNING: Shader Unsupported: 'Universal Render Pipeline/Unlit' - All subshaders removed
WARNING: Shader Did you use #pragma only_renderers and omit this platform?
WARNING: Shader If subshaders removal was intentional, you may have forgotten turning Fallback off?
ERROR: Shader Universal Render Pipeline/Unlit shader is not supported on this GPU (none of subshaders/fallbacks are suitable)
WARNING: Shader Unsupported: 'Universal Render Pipeline/Unlit' - All subshaders removed
WARNING: Shader Did you use #pragma only_renderers and omit this platform?
WARNING: Shader If subshaders removal was intentional, you may have forgotten turning Fallback off?
Streamed scene with   48ms latency from /var/scratch/zmr280/opencraft/opencraft_Data/StreamingAssets/EntityScenes/62561c7118c5bbb46929c6bf65331faa.0.entities
Setting player spawn to 0, 5, 0
TerrainLogicSystem Tick 1
[13:53:15.6154380]:[ServerWorld] New connection ID:1
Starting game stream on connection 1!
'Spawning a Ghost '' for user '1' on connection '1'!
[13:53:15.8176120]:[ServerWorld] Connection disconnected ID:0 Reason:ConnectionClose
TerrainLogicSystem Tick 2
[13:53:18.5984510]:[ServerWorld] New connection ID:2
Starting game stream on connection 2!
'Spawning a Ghost '' for user '2' on connection '2'!
[13:53:18.7831110]:[ServerWorld] Connection disconnected ID:0 Reason:ConnectionClose
TerrainLogicSystem Tick 3
[13:53:21.7159390]:[ServerWorld] New connection ID:3
Starting game stream on connection 3!
'Spawning a Ghost '' for user '3' on connection '3'!
[13:53:21.9180470]:[ServerWorld] Connection disconnected ID:0 Reason:ConnectionClose
[13:53:24.2996510]:[ServerWorld] New connection ID:4
Starting game stream on connection 4!
'Spawning a Ghost '' for user '4' on connection '4'!
[13:53:24.4342010]:[ServerWorld] Connection disconnected ID:0 Reason:ConnectionClose
TerrainLogicSystem Tick 4
[13:53:27.5509980]:[ServerWorld] New connection ID:5
Starting game stream on connection 5!
'Spawning a Ghost '' for user '5' on connection '5'!
[13:53:27.7320570]:[ServerWorld] Connection disconnected ID:0 Reason:ConnectionClose
[13:53:30.7691060]:[ServerWorld] New connection ID:6
Starting game stream on connection 6!
'Spawning a Ghost '' for user '6' on connection '6'!
[13:53:30.9328400]:[ServerWorld] Connection disconnected ID:0 Reason:ConnectionClose
TerrainLogicSystem Tick 5
[13:53:33.9858600]:[ServerWorld] New connection ID:7
Starting game stream on connection 7!
'Spawning a Ghost '' for user '7' on connection '7'!
[13:53:34.1857570]:[ServerWorld] Connection disconnected ID:0 Reason:ConnectionClose
TerrainLogicSystem Tick 6
[13:53:36.8156830]:[ServerWorld] New connection ID:8
Starting game stream on connection 8!
'Spawning a Ghost '' for user '8' on connection '8'!
[13:53:37.0023760]:[ServerWorld] Connection disconnected ID:0 Reason:ConnectionClose
[13:53:39.7495860]:[ServerWorld] New connection ID:9
Starting game stream on connection 9!
'Spawning a Ghost '' for user '9' on connection '9'!
[13:53:39.9161180]:[ServerWorld] Connection disconnected ID:0 Reason:ConnectionClose
TerrainLogicSystem Tick 7
[13:53:42.9488850]:[ServerWorld] New connection ID:10
Starting game stream on connection 10!
'Spawning a Ghost '' for user '10' on connection '10'!
[13:53:43.1359400]:[ServerWorld] Connection disconnected ID:0 Reason:ConnectionClose
[13:53:45.2362500]:[ServerWorld] New connection ID:11
Starting game stream on connection 11!
'Spawning a Ghost '' for user '11' on connection '11'!
[13:53:45.3671460]:[ServerWorld] Connection disconnected ID:0 Reason:ConnectionClose
TerrainLogicSystem Tick 8
[13:53:49.1319880]:[ServerWorld] New connection ID:12
Starting game stream on connection 12!
'Spawning a Ghost '' for user '12' on connection '12'!
[13:53:49.2988280]:[ServerWorld] Connection disconnected ID:0 Reason:ConnectionClose
TerrainLogicSystem Tick 9
[13:53:51.2023000]:[ServerWorld] New connection ID:13
Starting game stream on connection 13!
'Spawning a Ghost '' for user '13' on connection '13'!
[13:53:51.3506430]:[ServerWorld] Connection disconnected ID:0 Reason:ConnectionClose
[13:53:54.9008100]:[ServerWorld] New connection ID:14
Starting game stream on connection 14!
'Spawning a Ghost '' for user '14' on connection '14'!
[13:53:55.0824900]:[ServerWorld] Connection disconnected ID:0 Reason:ConnectionClose
TerrainLogicSystem Tick 10
[13:53:57.5852670]:[ServerWorld] New connection ID:15
Starting game stream on connection 15!
'Spawning a Ghost '' for user '15' on connection '15'!
[13:53:57.8517570]:[ServerWorld] Connection disconnected ID:0 Reason:ConnectionClose
TerrainLogicSystem Tick 11
[13:54:02.1150930]:[ServerWorld] New connection ID:16
Starting game stream on connection 16!
'Spawning a Ghost '' for user '16' on connection '16'!
[13:54:02.3172270]:[ServerWorld] Connection disconnected ID:0 Reason:ConnectionClose
[13:54:04.0050950]:[ServerWorld] New connection ID:17
TerrainLogicSystem Tick 12
Starting game stream on connection 17!
'Spawning a Ghost '' for user '17' on connection '17'!
[13:54:04.2177660]:[ServerWorld] Connection disconnected ID:0 Reason:ConnectionClose
[13:54:06.9824340]:[ServerWorld] New connection ID:18
Starting game stream on connection 18!
'Spawning a Ghost '' for user '18' on connection '18'!
[13:54:07.1174510]:[ServerWorld] Connection disconnected ID:0 Reason:ConnectionClose
TerrainLogicSystem Tick 13
[13:54:09.4409970]:[ServerWorld] New connection ID:19
Starting game stream on connection 19!
'Spawning a Ghost '' for user '19' on connection '19'!
[13:54:09.5568400]:[ServerWorld] Connection disconnected ID:0 Reason:ConnectionClose
[13:54:12.8189110]:[ServerWorld] New connection ID:20
Starting game stream on connection 20!
'Spawning a Ghost '' for user '20' on connection '20'!
[13:54:13.0046660]:[ServerWorld] Connection disconnected ID:0 Reason:ConnectionClose
TerrainLogicSystem Tick 14
[13:54:16.2332140]:[ServerWorld] New connection ID:21
Starting game stream on connection 21!
'Spawning a Ghost '' for user '21' on connection '21'!
[13:54:16.4678930]:[ServerWorld] Connection disconnected ID:0 Reason:ConnectionClose
TerrainLogicSystem Tick 15
[13:54:18.7172650]:[ServerWorld] New connection ID:22
Starting game stream on connection 22!
'Spawning a Ghost '' for user '22' on connection '22'!
[13:54:18.8658870]:[ServerWorld] Connection disconnected ID:0 Reason:ConnectionClose
[13:54:21.2154160]:[ServerWorld] New connection ID:23
Starting game stream on connection 23!
'Spawning a Ghost '' for user '23' on connection '23'!
[13:54:21.3317370]:[ServerWorld] Connection disconnected ID:0 Reason:ConnectionClose
TerrainLogicSystem Tick 16
[13:54:25.3496670]:[ServerWorld] New connection ID:24
Starting game stream on connection 24!
'Spawning a Ghost '' for user '24' on connection '24'!
[13:54:25.5498970]:[ServerWorld] Connection disconnected ID:0 Reason:ConnectionClose
TerrainLogicSystem Tick 17
[13:54:26.7826040]:[ServerWorld] New connection ID:25
Starting game stream on connection 25!
'Spawning a Ghost '' for user '25' on connection '25'!
[13:54:26.9179880]:[ServerWorld] Connection disconnected ID:0 Reason:ConnectionClose
TerrainLogicSystem Tick 18
[13:54:29.9757880]:[ServerWorld] New connection ID:26
Starting game stream on connection 26!
'Spawning a Ghost '' for user '26' on connection '26'!
[13:54:30.1165880]:[ServerWorld] Connection disconnected ID:0 Reason:ConnectionClose
[13:54:33.6666270]:[ServerWorld] New connection ID:27
TerrainLogicSystem Tick 19
Starting game stream on connection 27!
'Spawning a Ghost '' for user '27' on connection '27'!
[13:54:33.7996110]:[ServerWorld] Connection disconnected ID:0 Reason:ConnectionClose
[13:54:37.4362130]:[ServerWorld] New connection ID:28
Starting game stream on connection 28!
'Spawning a Ghost '' for user '28' on connection '28'!
[13:54:37.6027100]:[ServerWorld] Connection disconnected ID:0 Reason:ConnectionClose
TerrainLogicSystem Tick 20
[13:54:39.9212410]:[ServerWorld] New connection ID:29
Starting game stream on connection 29!
'Spawning a Ghost '' for user '29' on connection '29'!
[13:54:40.0677530]:[ServerWorld] Connection disconnected ID:0 Reason:ConnectionClose
TerrainLogicSystem Tick 21
[13:54:43.2016650]:[ServerWorld] New connection ID:30
Starting game stream on connection 30!
'Spawning a Ghost '' for user '30' on connection '30'!
[13:54:43.4522230]:[ServerWorld] Connection disconnected ID:0 Reason:ConnectionClose
TerrainLogicSystem Tick 22
[13:54:45.7341520]:[ServerWorld] New connection ID:31
Starting game stream on connection 31!
'Spawning a Ghost '' for user '31' on connection '31'!
[13:54:45.9343290]:[ServerWorld] Connection disconnected ID:0 Reason:ConnectionClose
[13:54:49.2821060]:[ServerWorld] New connection ID:32
Starting game stream on connection 32!
'Spawning a Ghost '' for user '32' on connection '32'!
[13:54:49.4836800]:[ServerWorld] Connection disconnected ID:0 Reason:ConnectionClose
TerrainLogicSystem Tick 23
[13:54:51.7367540]:[ServerWorld] New connection ID:33
Starting game stream on connection 33!
'Spawning a Ghost '' for user '33' on connection '33'!
[13:54:51.8682980]:[ServerWorld] Connection disconnected ID:0 Reason:ConnectionClose
TerrainLogicSystem Tick 24
[13:54:54.9329050]:[ServerWorld] New connection ID:34
Starting game stream on connection 34!
'Spawning a Ghost '' for user '34' on connection '34'!
[13:54:55.1023410]:[ServerWorld] Connection disconnected ID:0 Reason:ConnectionClose
[13:54:57.7039780]:[ServerWorld] New connection ID:35
Starting game stream on connection 35!
'Spawning a Ghost '' for user '35' on connection '35'!
[13:54:57.9009550]:[ServerWorld] Connection disconnected ID:0 Reason:ConnectionClose
TerrainLogicSystem Tick 25
[13:55:00.4671230]:[ServerWorld] New connection ID:36
Starting game stream on connection 36!
'Spawning a Ghost '' for user '36' on connection '36'!
[13:55:00.6688790]:[ServerWorld] Connection disconnected ID:0 Reason:ConnectionClose
TerrainLogicSystem Tick 26
[13:55:04.1207510]:[ServerWorld] New connection ID:37
Starting game stream on connection 37!
'Spawning a Ghost '' for user '37' on connection '37'!
[13:55:04.2695110]:[ServerWorld] Connection disconnected ID:0 Reason:ConnectionClose
TerrainLogicSystem Tick 27
[13:55:07.3326900]:[ServerWorld] New connection ID:38
Starting game stream on connection 38!
'Spawning a Ghost '' for user '38' on connection '38'!
[13:55:07.5851040]:[ServerWorld] Connection disconnected ID:0 Reason:ConnectionClose
TerrainLogicSystem Tick 28
[13:55:09.4510940]:[ServerWorld] New connection ID:39
Starting game stream on connection 39!
'Spawning a Ghost '' for user '39' on connection '39'!
[13:55:09.5848020]:[ServerWorld] Connection disconnected ID:0 Reason:ConnectionClose
TerrainLogicSystem Tick 29
[13:55:12.9050500]:[ServerWorld] New connection ID:40
Starting game stream on connection 40!
'Spawning a Ghost '' for user '40' on connection '40'!
[13:55:13.0352820]:[ServerWorld] Connection disconnected ID:0 Reason:ConnectionClose
[13:55:15.7187780]:[ServerWorld] New connection ID:41
TerrainLogicSystem Tick 30
Starting game stream on connection 41!
'Spawning a Ghost '' for user '41' on connection '41'!
[13:55:15.9174470]:[ServerWorld] Connection disconnected ID:0 Reason:ConnectionClose
[13:55:18.1853180]:[ServerWorld] New connection ID:42
Starting game stream on connection 42!
'Spawning a Ghost '' for user '42' on connection '42'!
[13:55:18.3856210]:[ServerWorld] Connection disconnected ID:0 Reason:ConnectionClose
TerrainLogicSystem Tick 31
[13:55:21.5024230]:[ServerWorld] New connection ID:43
Starting game stream on connection 43!
'Spawning a Ghost '' for user '43' on connection '43'!
[13:55:21.7037520]:[ServerWorld] Connection disconnected ID:0 Reason:ConnectionClose
TerrainLogicSystem Tick 32
[13:55:25.1494840]:[ServerWorld] New connection ID:44
Starting game stream on connection 44!
'Spawning a Ghost '' for user '44' on connection '44'!
[13:55:25.3194800]:[ServerWorld] Connection disconnected ID:0 Reason:ConnectionClose
TerrainLogicSystem Tick 33
[13:55:28.0692840]:[ServerWorld] New connection ID:45
Starting game stream on connection 45!
'Spawning a Ghost '' for user '45' on connection '45'!
[13:55:28.2994270]:[ServerWorld] Connection disconnected ID:0 Reason:ConnectionClose
[13:55:31.0167490]:[ServerWorld] New connection ID:46
TerrainLogicSystem Tick 34
Starting game stream on connection 46!
'Spawning a Ghost '' for user '46' on connection '46'!
[13:55:31.1677670]:[ServerWorld] Connection disconnected ID:0 Reason:ConnectionClose
[13:55:34.8869650]:[ServerWorld] New connection ID:47
TerrainLogicSystem Tick 35
Starting game stream on connection 47!
'Spawning a Ghost '' for user '47' on connection '47'!
[13:55:35.0820470]:[ServerWorld] Connection disconnected ID:0 Reason:ConnectionClose
[13:55:37.3859800]:[ServerWorld] New connection ID:48
Starting game stream on connection 48!
'Spawning a Ghost '' for user '48' on connection '48'!
[13:55:37.5844930]:[ServerWorld] Connection disconnected ID:0 Reason:ConnectionClose
[13:55:38.9491140]:[ServerWorld] New connection ID:49
TerrainLogicSystem Tick 36
Starting game stream on connection 49!
'Spawning a Ghost '' for user '49' on connection '49'!
[13:55:39.1001370]:[ServerWorld] Connection disconnected ID:0 Reason:ConnectionClose
[13:55:42.2331650]:[ServerWorld] New connection ID:50
Starting game stream on connection 50!
'Spawning a Ghost '' for user '50' on connection '50'!
[13:55:42.3697170]:[ServerWorld] Connection disconnected ID:0 Reason:ConnectionClose
TerrainLogicSystem Tick 37
TerrainLogicSystem Tick 38
[13:55:46.4509530]:[ServerWorld] New connection ID:51
Starting game stream on connection 51!
'Spawning a Ghost '' for user '51' on connection '51'!
[13:55:46.6011960]:[ServerWorld] Connection disconnected ID:0 Reason:ConnectionClose
[13:55:48.4019520]:[ServerWorld] New connection ID:52
Starting game stream on connection 52!
'Spawning a Ghost '' for user '52' on connection '52'!
[13:55:48.5493070]:[ServerWorld] Connection disconnected ID:0 Reason:ConnectionClose
TerrainLogicSystem Tick 39
[13:55:52.5664530]:[ServerWorld] New connection ID:53
Starting game stream on connection 53!
'Spawning a Ghost '' for user '53' on connection '53'!
[13:55:52.7499710]:[ServerWorld] Connection disconnected ID:0 Reason:ConnectionClose
TerrainLogicSystem Tick 40
[13:55:54.9549090]:[ServerWorld] New connection ID:54
Starting game stream on connection 54!
'Spawning a Ghost '' for user '54' on connection '54'!
[13:55:55.1182630]:[ServerWorld] Connection disconnected ID:0 Reason:ConnectionClose
TerrainLogicSystem Tick 41
[13:55:57.8672030]:[ServerWorld] New connection ID:55
Starting game stream on connection 55!
'Spawning a Ghost '' for user '55' on connection '55'!
[13:55:58.0508200]:[ServerWorld] Connection disconnected ID:0 Reason:ConnectionClose
TerrainLogicSystem Tick 42
[13:56:01.4178860]:[ServerWorld] New connection ID:56
Starting game stream on connection 56!
'Spawning a Ghost '' for user '56' on connection '56'!
[13:56:01.6057160]:[ServerWorld] Connection disconnected ID:0 Reason:ConnectionClose
[13:56:03.5850440]:[ServerWorld] New connection ID:57
Starting game stream on connection 57!
'Spawning a Ghost '' for user '57' on connection '57'!
[13:56:03.7663960]:[ServerWorld] Connection disconnected ID:0 Reason:ConnectionClose
TerrainLogicSystem Tick 43
[13:56:07.0363960]:[ServerWorld] New connection ID:58
TerrainLogicSystem Tick 44
Starting game stream on connection 58!
'Spawning a Ghost '' for user '58' on connection '58'!
[13:56:07.2516580]:[ServerWorld] Connection disconnected ID:0 Reason:ConnectionClose
[13:56:09.7002610]:[ServerWorld] New connection ID:59
Starting game stream on connection 59!
'Spawning a Ghost '' for user '59' on connection '59'!
[13:56:09.9016560]:[ServerWorld] Connection disconnected ID:0 Reason:ConnectionClose
TerrainLogicSystem Tick 45
TerrainLogicSystem Tick 46
[13:56:13.2491580]:[ServerWorld] New connection ID:60
Starting game stream on connection 60!
'Spawning a Ghost '' for user '60' on connection '60'!
[13:56:13.4641040]:[ServerWorld] Connection disconnected ID:0 Reason:ConnectionClose
TerrainLogicSystem Tick 47
[13:56:15.9364270]:[ServerWorld] New connection ID:61
Starting game stream on connection 61!
'Spawning a Ghost '' for user '61' on connection '61'!
[13:56:16.0869050]:[ServerWorld] Connection disconnected ID:0 Reason:ConnectionClose
TerrainLogicSystem Tick 48
[13:56:19.1349470]:[ServerWorld] New connection ID:62
Starting game stream on connection 62!
'Spawning a Ghost '' for user '62' on connection '62'!
[13:56:19.3335390]:[ServerWorld] Connection disconnected ID:0 Reason:ConnectionClose
TerrainLogicSystem Tick 49
[13:56:22.5859800]:[ServerWorld] New connection ID:63
Starting game stream on connection 63!
'Spawning a Ghost '' for user '63' on connection '63'!
[13:56:22.8531360]:[ServerWorld] Connection disconnected ID:0 Reason:ConnectionClose
TerrainLogicSystem Tick 50
[13:56:25.8009500]:[ServerWorld] New connection ID:64
Starting game stream on connection 64!
'Spawning a Ghost '' for user '64' on connection '64'!
[13:56:25.9691240]:[ServerWorld] Connection disconnected ID:0 Reason:ConnectionClose
[13:56:27.1519180]:[ServerWorld] New connection ID:65
Starting game stream on connection 65!
'Spawning a Ghost '' for user '65' on connection '65'!
[13:56:27.3379600]:[ServerWorld] Connection disconnected ID:0 Reason:ConnectionClose
TerrainLogicSystem Tick 51
[13:56:30.1170460]:[ServerWorld] New connection ID:66
Starting game stream on connection 66!
'Spawning a Ghost '' for user '66' on connection '66'!
[13:56:30.2832720]:[ServerWorld] Connection disconnected ID:0 Reason:ConnectionClose
TerrainLogicSystem Tick 52
[13:56:33.6029860]:[ServerWorld] New connection ID:67
Starting game stream on connection 67!
'Spawning a Ghost '' for user '67' on connection '67'!
[13:56:33.7495860]:[ServerWorld] Connection disconnected ID:0 Reason:ConnectionClose
TerrainLogicSystem Tick 53
[13:56:36.9364870]:[ServerWorld] New connection ID:68
Starting game stream on connection 68!
'Spawning a Ghost '' for user '68' on connection '68'!
[13:56:37.1006390]:[ServerWorld] Connection disconnected ID:0 Reason:ConnectionClose
TerrainLogicSystem Tick 54
[13:56:39.4226640]:[ServerWorld] New connection ID:69
Starting game stream on connection 69!
'Spawning a Ghost '' for user '69' on connection '69'!
[13:56:39.5686400]:[ServerWorld] Connection disconnected ID:0 Reason:ConnectionClose
TerrainLogicSystem Tick 55
[13:56:42.9860410]:[ServerWorld] New connection ID:70
Starting game stream on connection 70!
'Spawning a Ghost '' for user '70' on connection '70'!
[13:56:43.1493440]:[ServerWorld] Connection disconnected ID:0 Reason:ConnectionClose
TerrainLogicSystem Tick 56
[13:56:45.8005340]:[ServerWorld] New connection ID:71
Starting game stream on connection 71!
'Spawning a Ghost '' for user '71' on connection '71'!
[13:56:45.9524980]:[ServerWorld] Connection disconnected ID:0 Reason:ConnectionClose
TerrainLogicSystem Tick 57
[13:56:50.0666390]:[ServerWorld] New connection ID:72
Starting game stream on connection 72!
'Spawning a Ghost '' for user '72' on connection '72'!
[13:56:50.2870940]:[ServerWorld] Connection disconnected ID:0 Reason:ConnectionClose
TerrainLogicSystem Tick 58
[13:56:51.6368130]:[ServerWorld] New connection ID:73
Starting game stream on connection 73!
'Spawning a Ghost '' for user '73' on connection '73'!
[13:56:51.7847590]:[ServerWorld] Connection disconnected ID:0 Reason:ConnectionClose
TerrainLogicSystem Tick 59
[13:56:54.1530940]:[ServerWorld] New connection ID:74
Starting game stream on connection 74!
'Spawning a Ghost '' for user '74' on connection '74'!
[13:56:54.3027710]:[ServerWorld] Connection disconnected ID:0 Reason:ConnectionClose
TerrainLogicSystem Tick 60
[13:56:57.6355880]:[ServerWorld] New connection ID:75
Starting game stream on connection 75!
'Spawning a Ghost '' for user '75' on connection '75'!
[13:56:57.8184510]:[ServerWorld] Connection disconnected ID:0 Reason:ConnectionClose
TerrainLogicSystem Tick 61
[13:57:00.3542580]:[ServerWorld] New connection ID:76
Starting game stream on connection 76!
'Spawning a Ghost '' for user '76' on connection '76'!
[13:57:00.4850320]:[ServerWorld] Connection disconnected ID:0 Reason:ConnectionClose
TerrainLogicSystem Tick 62
[13:57:03.1160890]:[ServerWorld] New connection ID:77
Starting game stream on connection 77!
'Spawning a Ghost '' for user '77' on connection '77'!
[13:57:03.2165740]:[ServerWorld] Connection disconnected ID:0 Reason:ConnectionClose
TerrainLogicSystem Tick 63
[13:57:06.2772710]:[ServerWorld] New connection ID:78
Starting game stream on connection 78!
'Spawning a Ghost '' for user '78' on connection '78'!
[13:57:06.4491530]:[ServerWorld] Connection disconnected ID:0 Reason:ConnectionClose
TerrainLogicSystem Tick 64
[13:57:10.2698930]:[ServerWorld] New connection ID:79
Starting game stream on connection 79!
'Spawning a Ghost '' for user '79' on connection '79'!
[13:57:10.5335960]:[ServerWorld] Connection disconnected ID:0 Reason:ConnectionClose
TerrainLogicSystem Tick 65
[13:57:13.2997440]:[ServerWorld] New connection ID:80
Starting game stream on connection 80!
'Spawning a Ghost '' for user '80' on connection '80'!
[13:57:13.4881730]:[ServerWorld] Connection disconnected ID:0 Reason:ConnectionClose
TerrainLogicSystem Tick 66
TerrainLogicSystem Tick 67
TerrainLogicSystem Tick 68
TerrainLogicSystem Tick 69
TerrainLogicSystem Tick 70
TerrainLogicSystem Tick 71
TerrainLogicSystem Tick 72
TerrainLogicSystem Tick 73
TerrainLogicSystem Tick 74
TerrainLogicSystem Tick 75
TerrainLogicSystem Tick 76
TerrainLogicSystem Tick 77
TerrainLogicSystem Tick 78
TerrainLogicSystem Tick 79
TerrainLogicSystem Tick 80
TerrainLogicSystem Tick 81
TerrainLogicSystem Tick 82
TerrainLogicSystem Tick 83
TerrainLogicSystem Tick 84
TerrainLogicSystem Tick 85
TerrainLogicSystem Tick 86
TerrainLogicSystem Tick 87
TerrainLogicSystem Tick 88
TerrainLogicSystem Tick 89
TerrainLogicSystem Tick 90
TerrainLogicSystem Tick 91
TerrainLogicSystem Tick 92
TerrainLogicSystem Tick 93
TerrainLogicSystem Tick 94
TerrainLogicSystem Tick 95
TerrainLogicSystem Tick 96
TerrainLogicSystem Tick 97
TerrainLogicSystem Tick 98
TerrainLogicSystem Tick 99
TerrainLogicSystem Tick 100
TerrainLogicSystem Tick 101
TerrainLogicSystem Tick 102
TerrainLogicSystem Tick 103
TerrainLogicSystem Tick 104
TerrainLogicSystem Tick 105
TerrainLogicSystem Tick 106
TerrainLogicSystem Tick 107
TerrainLogicSystem Tick 108
TerrainLogicSystem Tick 109
TerrainLogicSystem Tick 110
TerrainLogicSystem Tick 111
TerrainLogicSystem Tick 112
TerrainLogicSystem Tick 113
TerrainLogicSystem Tick 114
TerrainLogicSystem Tick 115
TerrainLogicSystem Tick 116
TerrainLogicSystem Tick 117
TerrainLogicSystem Tick 118
TerrainLogicSystem Tick 119
TerrainLogicSystem Tick 120
TerrainLogicSystem Tick 121
TerrainLogicSystem Tick 122
TerrainLogicSystem Tick 123
TerrainLogicSystem Tick 124
TerrainLogicSystem Tick 125
TerrainLogicSystem Tick 126
TerrainLogicSystem Tick 127
TerrainLogicSystem Tick 128
TerrainLogicSystem Tick 129
TerrainLogicSystem Tick 130
TerrainLogicSystem Tick 131
TerrainLogicSystem Tick 132
TerrainLogicSystem Tick 133
TerrainLogicSystem Tick 134
TerrainLogicSystem Tick 135
TerrainLogicSystem Tick 136
TerrainLogicSystem Tick 137
TerrainLogicSystem Tick 138
TerrainLogicSystem Tick 139
TerrainLogicSystem Tick 140
TerrainLogicSystem Tick 141
TerrainLogicSystem Tick 142
TerrainLogicSystem Tick 143
TerrainLogicSystem Tick 144
TerrainLogicSystem Tick 145
TerrainLogicSystem Tick 146
TerrainLogicSystem Tick 147
TerrainLogicSystem Tick 148
TerrainLogicSystem Tick 149
TerrainLogicSystem Tick 150
TerrainLogicSystem Tick 151
TerrainLogicSystem Tick 152
TerrainLogicSystem Tick 153
TerrainLogicSystem Tick 154
TerrainLogicSystem Tick 155
TerrainLogicSystem Tick 156
TerrainLogicSystem Tick 157
Caught fatal signal - signo:15 code:0 errno:0 addr:0x150200017e8c
Obtained 18 stack frames.
#0  0x007fb6580829c9 in PlayerMain(int, char**)
#1  0x007fb6580774b7 in (Unknown)
#2  0x007fb655ddfc20 in funlockfile
#3  0x007fb589f16938 in GC_mark_from
#4  0x007fb589f129d9 in GC_mark_some
#5  0x007fb589f11b6d in GC_stopped_mark
#6  0x007fb589f111cc in GC_maybe_gc
#7  0x007fb589f127b7 in GC_collect_a_little_inner
#8  0x007fb589f11115 in GC_collect_a_little
#9  0x007fb657fc2088 in (Unknown)
#10 0x007fb657fc217e in (Unknown)
#11 0x007fb657b0d373 in (Unknown)
#12 0x007fb657afa247 in (Unknown)
#13 0x007fb657afa201 in (Unknown)
#14 0x007fb657afa570 in (Unknown)
#15 0x007fb658079077 in PlayerMain(int, char**)
#16 0x007fb655a2b493 in __libc_start_main
#17 0x00000000201029 in _start
Setting up 12 worker threads for Enlighten.
Writing stats to file
Calling DomainUnloadOrPlayModeChangeShutdown!
Caught fatal signal - signo:11 code:1 errno:0 addr:0x48
Obtained 25 stack frames.
#0  0x007fb6580829c9 in PlayerMain(int, char**)
#1  0x007fb6580774b7 in (Unknown)
#2  0x007fb655ddfc20 in funlockfile
#3  0x007fb657a3aff3 in (Unknown)
#4  0x007fb657a3b671 in (Unknown)
#5  0x007fb657a1be7a in (Unknown)
#6  0x007fb65841742e in PlayerMain(int, char**)
#7  0x007fb6573c9426 in (Unknown)
#8  0x007fb58ef6d730 in ContentLoadInterface_ContentFile_UnloadAsync_Injected_mBD2F1D561285B0DE37DCDA4DEA75931201B5E680
#9  0x007fb58ef6cb9f in ContentLoadInterface_ContentFile_UnloadAsync_m197A3C60564D4E9F9049BAD57B46FB404A8F17BD
#10 0x007fb58ef6ca45 in ContentFile_UnloadAsync_mF35518E83FCF4C1701AF2C6CEBF7E507490481D6
#11 0x007fb58e1e497a in RuntimeContentManager_ReleaseFile_m12EDB377B39EF4D01B3268E711303D79747A4F4C
#12 0x007fb58e1e286c in RuntimeContentManager_ReleaseObjectImpl_m84E24B7727CAA367D95ABC97FC529A5594840414
#13 0x007fb58e1e0ef8 in RuntimeContentManager_Cleanup_m6436DF58ED05204D0A7DFACFB212018BD6B813FD
#14 0x007fb58e1e2348 in RuntimeContentManager_OnShutdown_m09B1F0AD37BE7168472DDB84F55C43F02CD40113
#15 0x007fb589ce1516 in EventHandler_Invoke_m9D3126CBE291A3E7E7C304094E1DA846832F9B96_Multicast(EventHandler_tC6323FD7E6163F965259C33D72612C0E5B9BAB82*, Il2CppObject*, EventArgs_t37273F03EAC87217701DD431B190FBD84AD7C377*, MethodInfo const*)
#16 0x007fb58d64fcb0 in EventHandler_Invoke_m9D3126CBE291A3E7E7C304094E1DA846832F9B96
#17 0x007fb589e8b713 in il2cpp::vm::Runtime::InvokeWithThrow(MethodInfo const*, void*, void**)
#18 0x007fb589e8b67b in il2cpp::vm::Runtime::Invoke(MethodInfo const*, void*, void**, Il2CppException**)
#19 0x007fb589e8b1bc in il2cpp::vm::Runtime::Shutdown()
#20 0x007fb657fd0f56 in (Unknown)
#21 0x007fb657b0c658 in (Unknown)
#22 0x007fb658078ee6 in PlayerMain(int, char**)
#23 0x007fb655a2b493 in __libc_start_main
#24 0x00000000201029 in _start
