[UnityMemory] Configuration Parameters - Can be set up in boot.config
    "memorysetup-bucket-allocator-granularity=16"
    "memorysetup-bucket-allocator-bucket-count=8"
    "memorysetup-bucket-allocator-block-size=4194304"
    "memorysetup-bucket-allocator-block-count=1"
    "memorysetup-main-allocator-block-size=16777216"
    "memorysetup-thread-allocator-block-size=16777216"
    "memorysetup-gfx-main-allocator-block-size=16777216"
    "memorysetup-gfx-thread-allocator-block-size=16777216"
    "memorysetup-cache-allocator-block-size=4194304"
    "memorysetup-typetree-allocator-block-size=2097152"
    "memorysetup-profiler-bucket-allocator-granularity=16"
    "memorysetup-profiler-bucket-allocator-bucket-count=8"
    "memorysetup-profiler-bucket-allocator-block-size=4194304"
    "memorysetup-profiler-bucket-allocator-block-count=1"
    "memorysetup-profiler-allocator-block-size=16777216"
    "memorysetup-profiler-editor-allocator-block-size=1048576"
    "memorysetup-temp-allocator-size-main=4194304"
    "memorysetup-job-temp-allocator-block-size=2097152"
    "memorysetup-job-temp-allocator-block-size-background=1048576"
    "memorysetup-job-temp-allocator-reduction-small-platforms=262144"
    "memorysetup-allocator-temp-initial-block-size-main=262144"
    "memorysetup-allocator-temp-initial-block-size-worker=262144"
    "memorysetup-temp-allocator-size-background-worker=32768"
    "memorysetup-temp-allocator-size-job-worker=262144"
    "memorysetup-temp-allocator-size-preload-manager=262144"
    "memorysetup-temp-allocator-size-nav-mesh-worker=65536"
    "memorysetup-temp-allocator-size-audio-worker=65536"
    "memorysetup-temp-allocator-size-cloud-worker=32768"
    "memorysetup-temp-allocator-size-gfx=262144"
Remaining time:29s
Found 2 interfaces on host : 0) 10.141.0.1 1) 10.149.0.1
Player connection [140162098229120] Multi-casting "[IP] 10.141.0.1 [Port] 55000 [Flags] 19 [Guid] 3929146748 [EditorId] 1679853332 [Version] 1048832 [Id] LinuxPlayer(13,10.141.0.1) [Debug] 0 [PackageName] LinuxPlayer [ProjectName] Opencraft" to [225.0.0.222:54997]...

Direct connection to host time out.
Stopping profiler. Profiler is not able to flush data to a file or socket and exceeded maximum allowed memory for buffering.
Please use Profiler.maxUsedMemory API or -profiler-maxusedmemory command line parameter to increase maximum allowed memory usage.
Using 134234112 bytes while Profiler.maxUsedMemory is 134217728 bytes.
Failed to initialize networking layer after 30 seconds, skipping waiting for connection before starting playback.
Preloaded 'lib_burst_generated.so'
Preloaded 'libwebrtc.so'
[Physics::Module] Initialized MultithreadedJobDispatcher with 47 workers.
Initialize engine version: 2022.3.16f1 (d2c21f0ef2f1)
[Subsystems] Discovering subsystems at path /var/scratch/zmr280/opencraft/opencraft_Data/UnitySubsystems
Forcing GfxDevice: Null
GfxDevice: creating device client; threaded=0; jobified=0
NullGfxDevice:
    Version:  NULL 1.0 [1.0]
    Renderer: Null Device
    Vendor:   Unity Technologies
ERROR: Shader Hidden/Universal Render Pipeline/Blit shader is not supported on this GPU (none of subshaders/fallbacks are suitable)
ERROR: Shader Hidden/Universal Render Pipeline/CopyDepth shader is not supported on this GPU (none of subshaders/fallbacks are suitable)
ERROR: Shader Hidden/Universal Render Pipeline/Sampling shader is not supported on this GPU (none of subshaders/fallbacks are suitable)
ERROR: Shader Hidden/Universal Render Pipeline/LutBuilderLdr shader is not supported on this GPU (none of subshaders/fallbacks are suitable)
ERROR: Shader Hidden/Universal Render Pipeline/LutBuilderHdr shader is not supported on this GPU (none of subshaders/fallbacks are suitable)
ERROR: Shader Hidden/Universal Render Pipeline/UberPost shader is not supported on this GPU (none of subshaders/fallbacks are suitable)
ERROR: Shader Hidden/Universal Render Pipeline/Debug/DebugReplacement shader is not supported on this GPU (none of subshaders/fallbacks are suitable)
ERROR: Shader Hidden/Universal/HDRDebugView shader is not supported on this GPU (none of subshaders/fallbacks are suitable)
WARNING: Shader Unsupported: 'Hidden/Universal Render Pipeline/FallbackError' - All subshaders removed
WARNING: Shader Did you use #pragma only_renderers and omit this platform?
WARNING: Shader If subshaders removal was intentional, you may have forgotten turning Fallback off?
ERROR: Shader Hidden/Universal Render Pipeline/FallbackError shader is not supported on this GPU (none of subshaders/fallbacks are suitable)
WARNING: Shader Unsupported: 'Hidden/Universal Render Pipeline/FallbackError' - All subshaders removed
WARNING: Shader Did you use #pragma only_renderers and omit this platform?
WARNING: Shader If subshaders removal was intentional, you may have forgotten turning Fallback off?
WARNING: Shader Unsupported: 'Hidden/Universal Render Pipeline/StencilDeferred' - All subshaders removed
WARNING: Shader Did you use #pragma only_renderers and omit this platform?
WARNING: Shader If subshaders removal was intentional, you may have forgotten turning Fallback off?
ERROR: Shader Hidden/Universal Render Pipeline/StencilDeferred shader is not supported on this GPU (none of subshaders/fallbacks are suitable)
WARNING: Shader Unsupported: 'Hidden/Universal Render Pipeline/StencilDeferred' - All subshaders removed
WARNING: Shader Did you use #pragma only_renderers and omit this platform?
WARNING: Shader If subshaders removal was intentional, you may have forgotten turning Fallback off?
ERROR: Shader Hidden/Universal Render Pipeline/CameraMotionVectors shader is not supported on this GPU (none of subshaders/fallbacks are suitable)
ERROR: Shader Hidden/Universal Render Pipeline/ObjectMotionVectors shader is not supported on this GPU (none of subshaders/fallbacks are suitable)
ERROR: Shader Hidden/Universal Render Pipeline/LensFlareDataDriven shader is not supported on this GPU (none of subshaders/fallbacks are suitable)
ERROR: Shader Hidden/Universal Render Pipeline/ScreenSpaceAmbientOcclusion shader is not supported on this GPU (none of subshaders/fallbacks are suitable)
ERROR: Shader Hidden/Universal Render Pipeline/Stop NaN shader is not supported on this GPU (none of subshaders/fallbacks are suitable)
ERROR: Shader Hidden/Universal Render Pipeline/SubpixelMorphologicalAntialiasing shader is not supported on this GPU (none of subshaders/fallbacks are suitable)
ERROR: Shader Hidden/Universal Render Pipeline/TemporalAA shader is not supported on this GPU (none of subshaders/fallbacks are suitable)
ERROR: Shader Hidden/Universal Render Pipeline/Scaling Setup shader is not supported on this GPU (none of subshaders/fallbacks are suitable)
ERROR: Shader Hidden/Universal Render Pipeline/Edge Adaptive Spatial Upsampling shader is not supported on this GPU (none of subshaders/fallbacks are suitable)
ERROR: Shader Hidden/Universal Render Pipeline/FinalPost shader is not supported on this GPU (none of subshaders/fallbacks are suitable)
ERROR: Shader Sprites/Default shader is not supported on this GPU (none of subshaders/fallbacks are suitable)
ERROR: Shader Sprites/Mask shader is not supported on this GPU (none of subshaders/fallbacks are suitable)
ERROR: Shader GUI/Text Shader shader is not supported on this GPU (none of subshaders/fallbacks are suitable)
UnloadTime: 0.838393 ms
Parsing args: /var/scratch/zmr280/opencraft/opencraft.x86_64, -batchmode, -nographics, -logStats, True, -terrainType, RollingHills, -statsFile, /var/scratch/zmr280/runs/players_RollingHills_70p_300s/opencraft_stats/server.csv, -playType, Server
Setting up worlds with playType Server and streaming role Disabled
Connecting worlds with playType Server and streaming role Disabled
Created listen request for 0.0.0.0:7979
Creating statistics writer!
Initializing multiplay!
Found non-specified codec: VP8 Internal video/VP8 implementation_name=Internal
Found codec: VP9 Profile0
Found codec: VP9 Profile2
Found codec: VP9 Profile1
Found codec: VP9 Profile3
Found codec: AV1 Profile0
Found codec: AV1 Profile1
Could not find H264.High as streaming codec!
Adding terrain areas statistics recorders
Streamed scene with   34ms latency from /var/scratch/zmr280/opencraft/opencraft_Data/StreamingAssets/EntityScenes/bea83102298cfb741939cdba85abe535.0.entities
AutoLoading authoring scene in world ServerWorld
ERROR: Shader Custom/VoxelShader shader is not supported on this GPU (none of subshaders/fallbacks are suitable)
WARNING: Shader Unsupported: 'Hidden/Universal Render Pipeline/FallbackError' - All subshaders removed
WARNING: Shader Did you use #pragma only_renderers and omit this platform?
WARNING: Shader If subshaders removal was intentional, you may have forgotten turning Fallback off?
ERROR: Shader Hidden/Universal Render Pipeline/FallbackError shader is not supported on this GPU (none of subshaders/fallbacks are suitable)
WARNING: Shader Unsupported: 'Hidden/Universal Render Pipeline/FallbackError' - All subshaders removed
WARNING: Shader Did you use #pragma only_renderers and omit this platform?
WARNING: Shader If subshaders removal was intentional, you may have forgotten turning Fallback off?
WARNING: Shader Unsupported: 'Universal Render Pipeline/Lit' - All subshaders removed
WARNING: Shader Did you use #pragma only_renderers and omit this platform?
WARNING: Shader If subshaders removal was intentional, you may have forgotten turning Fallback off?
ERROR: Shader Universal Render Pipeline/Lit shader is not supported on this GPU (none of subshaders/fallbacks are suitable)
WARNING: Shader Unsupported: 'Universal Render Pipeline/Lit' - All subshaders removed
WARNING: Shader Did you use #pragma only_renderers and omit this platform?
WARNING: Shader If subshaders removal was intentional, you may have forgotten turning Fallback off?
WARNING: Shader Unsupported: 'Universal Render Pipeline/Unlit' - All subshaders removed
WARNING: Shader Did you use #pragma only_renderers and omit this platform?
WARNING: Shader If subshaders removal was intentional, you may have forgotten turning Fallback off?
ERROR: Shader Universal Render Pipeline/Unlit shader is not supported on this GPU (none of subshaders/fallbacks are suitable)
WARNING: Shader Unsupported: 'Universal Render Pipeline/Unlit' - All subshaders removed
WARNING: Shader Did you use #pragma only_renderers and omit this platform?
WARNING: Shader If subshaders removal was intentional, you may have forgotten turning Fallback off?
Streamed scene with   44ms latency from /var/scratch/zmr280/opencraft/opencraft_Data/StreamingAssets/EntityScenes/62561c7118c5bbb46929c6bf65331faa.0.entities
Setting player spawn to 0, 42, 0
[18:11:32.2564290]:[ServerWorld] New connection ID:1
Starting game stream on connection 1!
'Spawning a Ghost '' for user '1' on connection '1'!
[18:11:32.4421440]:[ServerWorld] Connection disconnected ID:0 Reason:ConnectionClose
[18:11:34.5575520]:[ServerWorld] New connection ID:2
Starting game stream on connection 2!
'Spawning a Ghost '' for user '2' on connection '2'!
[18:11:34.7225850]:[ServerWorld] Connection disconnected ID:0 Reason:ConnectionClose
[18:11:37.7919890]:[ServerWorld] New connection ID:3
Starting game stream on connection 3!
'Spawning a Ghost '' for user '3' on connection '3'!
[18:11:37.9251100]:[ServerWorld] Connection disconnected ID:0 Reason:ConnectionClose
[18:11:40.5566820]:[ServerWorld] New connection ID:4
Starting game stream on connection 4!
'Spawning a Ghost '' for user '4' on connection '4'!
[18:11:40.6558230]:[ServerWorld] Connection disconnected ID:0 Reason:ConnectionClose
[18:11:43.8277340]:[ServerWorld] New connection ID:5
Starting game stream on connection 5!
'Spawning a Ghost '' for user '5' on connection '5'!
[18:11:43.9747260]:[ServerWorld] Connection disconnected ID:0 Reason:ConnectionClose
[18:11:47.5741400]:[ServerWorld] New connection ID:6
Starting game stream on connection 6!
'Spawning a Ghost '' for user '6' on connection '6'!
[18:11:47.7742550]:[ServerWorld] Connection disconnected ID:0 Reason:ConnectionClose
[18:11:49.5084140]:[ServerWorld] New connection ID:7
Starting game stream on connection 7!
'Spawning a Ghost '' for user '7' on connection '7'!
[18:11:49.6416530]:[ServerWorld] Connection disconnected ID:0 Reason:ConnectionClose
[18:11:52.7918040]:[ServerWorld] New connection ID:8
Starting game stream on connection 8!
'Spawning a Ghost '' for user '8' on connection '8'!
[18:11:52.9410270]:[ServerWorld] Connection disconnected ID:0 Reason:ConnectionClose
[18:11:55.7427490]:[ServerWorld] New connection ID:9
Starting game stream on connection 9!
'Spawning a Ghost '' for user '9' on connection '9'!
[18:11:55.8929480]:[ServerWorld] Connection disconnected ID:0 Reason:ConnectionClose
[18:11:58.7912760]:[ServerWorld] New connection ID:10
Starting game stream on connection 10!
'Spawning a Ghost '' for user '10' on connection '10'!
[18:11:58.9415160]:[ServerWorld] Connection disconnected ID:0 Reason:ConnectionClose
[18:12:01.8736950]:[ServerWorld] New connection ID:11
Starting game stream on connection 11!
'Spawning a Ghost '' for user '11' on connection '11'!
[18:12:02.0237700]:[ServerWorld] Connection disconnected ID:0 Reason:ConnectionClose
[18:12:04.6080920]:[ServerWorld] New connection ID:12
Starting game stream on connection 12!
'Spawning a Ghost '' for user '12' on connection '12'!
[18:12:04.7573340]:[ServerWorld] Connection disconnected ID:0 Reason:ConnectionClose
[18:12:08.1394120]:[ServerWorld] New connection ID:13
Starting game stream on connection 13!
'Spawning a Ghost '' for user '13' on connection '13'!
[18:12:08.3270080]:[ServerWorld] Connection disconnected ID:0 Reason:ConnectionClose
[18:12:11.0582480]:[ServerWorld] New connection ID:14
Starting game stream on connection 14!
'Spawning a Ghost '' for user '14' on connection '14'!
[18:12:11.2117580]:[ServerWorld] Connection disconnected ID:0 Reason:ConnectionClose
[18:12:13.9244700]:[ServerWorld] New connection ID:15
Starting game stream on connection 15!
'Spawning a Ghost '' for user '15' on connection '15'!
[18:12:14.0416000]:[ServerWorld] Connection disconnected ID:0 Reason:ConnectionClose
[18:12:16.7897110]:[ServerWorld] New connection ID:16
Starting game stream on connection 16!
'Spawning a Ghost '' for user '16' on connection '16'!
[18:12:16.9425910]:[ServerWorld] Connection disconnected ID:0 Reason:ConnectionClose
[18:12:19.5600290]:[ServerWorld] New connection ID:17
Starting game stream on connection 17!
'Spawning a Ghost '' for user '17' on connection '17'!
[18:12:19.6929280]:[ServerWorld] Connection disconnected ID:0 Reason:ConnectionClose
[18:12:22.9727430]:[ServerWorld] New connection ID:18
Starting game stream on connection 18!
'Spawning a Ghost '' for user '18' on connection '18'!
[18:12:23.0896820]:[ServerWorld] Connection disconnected ID:0 Reason:ConnectionClose
[18:12:25.8576250]:[ServerWorld] New connection ID:19
Starting game stream on connection 19!
'Spawning a Ghost '' for user '19' on connection '19'!
[18:12:26.0225460]:[ServerWorld] Connection disconnected ID:0 Reason:ConnectionClose
[18:12:28.8059810]:[ServerWorld] New connection ID:20
Starting game stream on connection 20!
'Spawning a Ghost '' for user '20' on connection '20'!
[18:12:29.0017850]:[ServerWorld] Connection disconnected ID:0 Reason:ConnectionClose
[18:12:32.1601340]:[ServerWorld] New connection ID:21
Starting game stream on connection 21!
'Spawning a Ghost '' for user '21' on connection '21'!
[18:12:32.3069300]:[ServerWorld] Connection disconnected ID:0 Reason:ConnectionClose
[18:12:34.5258730]:[ServerWorld] New connection ID:22
Starting game stream on connection 22!
'Spawning a Ghost '' for user '22' on connection '22'!
[18:12:34.6617440]:[ServerWorld] Connection disconnected ID:0 Reason:ConnectionClose
[18:12:37.8602900]:[ServerWorld] New connection ID:23
Starting game stream on connection 23!
'Spawning a Ghost '' for user '23' on connection '23'!
[18:12:38.0279380]:[ServerWorld] Connection disconnected ID:0 Reason:ConnectionClose
[18:12:40.9767560]:[ServerWorld] New connection ID:24
Starting game stream on connection 24!
'Spawning a Ghost '' for user '24' on connection '24'!
[18:12:41.1268590]:[ServerWorld] Connection disconnected ID:0 Reason:ConnectionClose
[18:12:44.3270240]:[ServerWorld] New connection ID:25
Starting game stream on connection 25!
'Spawning a Ghost '' for user '25' on connection '25'!
[18:12:44.4414840]:[ServerWorld] Connection disconnected ID:0 Reason:ConnectionClose
[18:12:47.6448100]:[ServerWorld] New connection ID:26
Starting game stream on connection 26!
'Spawning a Ghost '' for user '26' on connection '26'!
[18:12:47.8076120]:[ServerWorld] Connection disconnected ID:0 Reason:ConnectionClose
[18:12:50.5075560]:[ServerWorld] New connection ID:27
Starting game stream on connection 27!
'Spawning a Ghost '' for user '27' on connection '27'!
[18:12:50.7079990]:[ServerWorld] Connection disconnected ID:0 Reason:ConnectionClose
[18:12:52.9758420]:[ServerWorld] New connection ID:28
Starting game stream on connection 28!
'Spawning a Ghost '' for user '28' on connection '28'!
[18:12:53.1265710]:[ServerWorld] Connection disconnected ID:0 Reason:ConnectionClose
[18:12:55.4758410]:[ServerWorld] New connection ID:29
Starting game stream on connection 29!
'Spawning a Ghost '' for user '29' on connection '29'!
[18:12:55.6084200]:[ServerWorld] Connection disconnected ID:0 Reason:ConnectionClose
[18:12:58.6232630]:[ServerWorld] New connection ID:30
Starting game stream on connection 30!
'Spawning a Ghost '' for user '30' on connection '30'!
[18:12:58.7401070]:[ServerWorld] Connection disconnected ID:0 Reason:ConnectionClose
[18:13:02.6097660]:[ServerWorld] New connection ID:31
Starting game stream on connection 31!
'Spawning a Ghost '' for user '31' on connection '31'!
[18:13:02.7740200]:[ServerWorld] Connection disconnected ID:0 Reason:ConnectionClose
[18:13:05.2734010]:[ServerWorld] New connection ID:32
Starting game stream on connection 32!
'Spawning a Ghost '' for user '32' on connection '32'!
[18:13:05.4596100]:[ServerWorld] Connection disconnected ID:0 Reason:ConnectionClose
[18:13:08.0635500]:[ServerWorld] New connection ID:33
Starting game stream on connection 33!
'Spawning a Ghost '' for user '33' on connection '33'!
[18:13:08.2095310]:[ServerWorld] Connection disconnected ID:0 Reason:ConnectionClose
[18:13:10.8561740]:[ServerWorld] New connection ID:34
Starting game stream on connection 34!
'Spawning a Ghost '' for user '34' on connection '34'!
[18:13:10.9772730]:[ServerWorld] Connection disconnected ID:0 Reason:ConnectionClose
[18:13:14.4426340]:[ServerWorld] New connection ID:35
Starting game stream on connection 35!
'Spawning a Ghost '' for user '35' on connection '35'!
[18:13:14.6582790]:[ServerWorld] Connection disconnected ID:0 Reason:ConnectionClose
[18:13:16.7248640]:[ServerWorld] New connection ID:36
Starting game stream on connection 36!
'Spawning a Ghost '' for user '36' on connection '36'!
[18:13:16.8746670]:[ServerWorld] Connection disconnected ID:0 Reason:ConnectionClose
[18:13:20.0448690]:[ServerWorld] New connection ID:37
Starting game stream on connection 37!
'Spawning a Ghost '' for user '37' on connection '37'!
[18:13:20.1612280]:[ServerWorld] Connection disconnected ID:0 Reason:ConnectionClose
[18:13:23.0782140]:[ServerWorld] New connection ID:38
Starting game stream on connection 38!
'Spawning a Ghost '' for user '38' on connection '38'!
[18:13:23.1910300]:[ServerWorld] Connection disconnected ID:0 Reason:ConnectionClose
[18:13:26.1250050]:[ServerWorld] New connection ID:39
Starting game stream on connection 39!
'Spawning a Ghost '' for user '39' on connection '39'!
[18:13:26.2585640]:[ServerWorld] Connection disconnected ID:0 Reason:ConnectionClose
[18:13:29.7925430]:[ServerWorld] New connection ID:40
Starting game stream on connection 40!
'Spawning a Ghost '' for user '40' on connection '40'!
[18:13:29.9590950]:[ServerWorld] Connection disconnected ID:0 Reason:ConnectionClose
[18:13:31.7429960]:[ServerWorld] New connection ID:41
Starting game stream on connection 41!
'Spawning a Ghost '' for user '41' on connection '41'!
[18:13:31.8736450]:[ServerWorld] Connection disconnected ID:0 Reason:ConnectionClose
[18:13:35.4585790]:[ServerWorld] New connection ID:42
Starting game stream on connection 42!
'Spawning a Ghost '' for user '42' on connection '42'!
[18:13:35.6747940]:[ServerWorld] Connection disconnected ID:0 Reason:ConnectionClose
[18:13:37.9289540]:[ServerWorld] New connection ID:43
Starting game stream on connection 43!
'Spawning a Ghost '' for user '43' on connection '43'!
[18:13:38.0590550]:[ServerWorld] Connection disconnected ID:0 Reason:ConnectionClose
[18:13:41.0586560]:[ServerWorld] New connection ID:44
Starting game stream on connection 44!
'Spawning a Ghost '' for user '44' on connection '44'!
[18:13:41.2430210]:[ServerWorld] Connection disconnected ID:0 Reason:ConnectionClose
[18:13:43.9262510]:[ServerWorld] New connection ID:45
Starting game stream on connection 45!
'Spawning a Ghost '' for user '45' on connection '45'!
[18:13:44.0419470]:[ServerWorld] Connection disconnected ID:0 Reason:ConnectionClose
[18:13:46.7411380]:[ServerWorld] New connection ID:46
Starting game stream on connection 46!
'Spawning a Ghost '' for user '46' on connection '46'!
[18:13:46.8747730]:[ServerWorld] Connection disconnected ID:0 Reason:ConnectionClose
[18:13:50.0663930]:[ServerWorld] New connection ID:47
Starting game stream on connection 47!
'Spawning a Ghost '' for user '47' on connection '47'!
[18:13:50.1870070]:[ServerWorld] Connection disconnected ID:0 Reason:ConnectionClose
[18:13:53.3243320]:[ServerWorld] New connection ID:48
Starting game stream on connection 48!
'Spawning a Ghost '' for user '48' on connection '48'!
[18:13:53.4762130]:[ServerWorld] Connection disconnected ID:0 Reason:ConnectionClose
[18:13:56.0256340]:[ServerWorld] New connection ID:49
Starting game stream on connection 49!
'Spawning a Ghost '' for user '49' on connection '49'!
[18:13:56.1940190]:[ServerWorld] Connection disconnected ID:0 Reason:ConnectionClose
[18:13:59.0794030]:[ServerWorld] New connection ID:50
Starting game stream on connection 50!
'Spawning a Ghost '' for user '50' on connection '50'!
[18:13:59.2079080]:[ServerWorld] Connection disconnected ID:0 Reason:ConnectionClose
[18:14:01.6924760]:[ServerWorld] New connection ID:51
Starting game stream on connection 51!
'Spawning a Ghost '' for user '51' on connection '51'!
[18:14:01.8243980]:[ServerWorld] Connection disconnected ID:0 Reason:ConnectionClose
[18:14:05.0025700]:[ServerWorld] New connection ID:52
Starting game stream on connection 52!
'Spawning a Ghost '' for user '52' on connection '52'!
[18:14:05.1434190]:[ServerWorld] Connection disconnected ID:0 Reason:ConnectionClose
[18:14:07.5766580]:[ServerWorld] New connection ID:53
Starting game stream on connection 53!
'Spawning a Ghost '' for user '53' on connection '53'!
[18:14:07.7108390]:[ServerWorld] Connection disconnected ID:0 Reason:ConnectionClose
[18:14:11.3263560]:[ServerWorld] New connection ID:54
Starting game stream on connection 54!
'Spawning a Ghost '' for user '54' on connection '54'!
[18:14:11.5098020]:[ServerWorld] Connection disconnected ID:0 Reason:ConnectionClose
[18:14:13.8429960]:[ServerWorld] New connection ID:55
Starting game stream on connection 55!
'Spawning a Ghost '' for user '55' on connection '55'!
[18:14:14.0292630]:[ServerWorld] Connection disconnected ID:0 Reason:ConnectionClose
[18:14:17.3152720]:[ServerWorld] New connection ID:56
Starting game stream on connection 56!
'Spawning a Ghost '' for user '56' on connection '56'!
[18:14:17.4940190]:[ServerWorld] Connection disconnected ID:0 Reason:ConnectionClose
[18:14:20.6098500]:[ServerWorld] New connection ID:57
Starting game stream on connection 57!
'Spawning a Ghost '' for user '57' on connection '57'!
[18:14:20.7722620]:[ServerWorld] Connection disconnected ID:0 Reason:ConnectionClose
[18:14:22.6109230]:[ServerWorld] New connection ID:58
Starting game stream on connection 58!
'Spawning a Ghost '' for user '58' on connection '58'!
[18:14:22.7098880]:[ServerWorld] Connection disconnected ID:0 Reason:ConnectionClose
[18:14:25.4446920]:[ServerWorld] New connection ID:59
Starting game stream on connection 59!
'Spawning a Ghost '' for user '59' on connection '59'!
[18:14:25.6051450]:[ServerWorld] Connection disconnected ID:0 Reason:ConnectionClose
[18:14:29.0287580]:[ServerWorld] New connection ID:60
Starting game stream on connection 60!
'Spawning a Ghost '' for user '60' on connection '60'!
[18:14:29.1876190]:[ServerWorld] Connection disconnected ID:0 Reason:ConnectionClose
[18:14:32.1902880]:[ServerWorld] New connection ID:61
Starting game stream on connection 61!
'Spawning a Ghost '' for user '61' on connection '61'!
[18:14:32.3270220]:[ServerWorld] Connection disconnected ID:0 Reason:ConnectionClose
[18:14:34.8260590]:[ServerWorld] New connection ID:62
Starting game stream on connection 62!
'Spawning a Ghost '' for user '62' on connection '62'!
[18:14:35.0134510]:[ServerWorld] Connection disconnected ID:0 Reason:ConnectionClose
[18:14:38.3257860]:[ServerWorld] New connection ID:63
Starting game stream on connection 63!
'Spawning a Ghost '' for user '63' on connection '63'!
[18:14:38.4456260]:[ServerWorld] Connection disconnected ID:0 Reason:ConnectionClose
[18:14:40.5417390]:[ServerWorld] New connection ID:64
Starting game stream on connection 64!
'Spawning a Ghost '' for user '64' on connection '64'!
[18:14:40.6789030]:[ServerWorld] Connection disconnected ID:0 Reason:ConnectionClose
[18:14:43.9244040]:[ServerWorld] New connection ID:65
Starting game stream on connection 65!
'Spawning a Ghost '' for user '65' on connection '65'!
[18:14:44.0575400]:[ServerWorld] Connection disconnected ID:0 Reason:ConnectionClose
[18:14:47.1629540]:[ServerWorld] New connection ID:66
Starting game stream on connection 66!
'Spawning a Ghost '' for user '66' on connection '66'!
[18:14:47.3278080]:[ServerWorld] Connection disconnected ID:0 Reason:ConnectionClose
[18:14:49.9769840]:[ServerWorld] New connection ID:67
Starting game stream on connection 67!
'Spawning a Ghost '' for user '67' on connection '67'!
[18:14:50.1263130]:[ServerWorld] Connection disconnected ID:0 Reason:ConnectionClose
[18:14:53.6112320]:[ServerWorld] New connection ID:68
Starting game stream on connection 68!
'Spawning a Ghost '' for user '68' on connection '68'!
[18:14:53.7774840]:[ServerWorld] Connection disconnected ID:0 Reason:ConnectionClose
[18:14:56.6590430]:[ServerWorld] New connection ID:69
Starting game stream on connection 69!
'Spawning a Ghost '' for user '69' on connection '69'!
[18:14:56.8613580]:[ServerWorld] Connection disconnected ID:0 Reason:ConnectionClose
[18:14:59.2094610]:[ServerWorld] New connection ID:70
Starting game stream on connection 70!
'Spawning a Ghost '' for user '70' on connection '70'!
[18:14:59.3740550]:[ServerWorld] Connection disconnected ID:0 Reason:ConnectionClose
Caught fatal signal - signo:15 code:0 errno:0 addr:0x15020002820e
Obtained 26 stack frames.
#0  0x007f7a068849c9 in PlayerMain(int, char**)
#1  0x007f7a068794b7 in (Unknown)
#2  0x007f7a045e1c20 in funlockfile
#3  0x007f7a0436a9f5 in __memmove_avx_unaligned_erms
#4  0x007f793d6bdb2c in Buffer_InternalMemcpy_mFABC315DCD001655DDA90A2531F56366794E72C5
#5  0x007f793d6bda7b in Buffer_Memcpy_m87345ACEE449F8CEA42341BC9F4AFC3743EF96D1
#6  0x007f793d6be0b5 in Buffer_Memmove_mAA31A45BF1B1FA6490F0913B7FB59537767E5EF3
#7  0x007f793d417aef in String_wstrcpy_m7F8C35DCD0E2D5AAC35B153EF73E6B0F1501406B
#8  0x007f793d417a1b in String_FillStringChecked_m3413709C427A00C5AB0F94E659DB63E6B4816D62
#9  0x007f793d404ab9 in String_Concat_m9E3155FB84015C823606188F53B47CB44C444991
#10 0x007f793d8bdcd7 in StatisticsWriter_Update_m24123BF001E17A5463E4292E5A6CFD276BBDA76C
#11 0x007f793d8bd9a3 in StatisticsWriterInstance_Update_m336F478398EDE3BFB1A5F3FBFF6830892C7A1FF0
#12 0x007f7939e8b713 in il2cpp::vm::Runtime::InvokeWithThrow(MethodInfo const*, void*, void**)
#13 0x007f7939e8b67b in il2cpp::vm::Runtime::Invoke(MethodInfo const*, void*, void**, Il2CppException**)
#14 0x007f7a067bdf0b in (Unknown)
#15 0x007f7a067c8cd7 in (Unknown)
#16 0x007f7a067ef9a4 in (Unknown)
#17 0x007f7a05ff2c96 in (Unknown)
#18 0x007f7a05ff2aae in (Unknown)
#19 0x007f7a063108cd in (Unknown)
#20 0x007f7a062fc247 in (Unknown)
#21 0x007f7a062fc201 in (Unknown)
#22 0x007f7a062fc570 in (Unknown)
#23 0x007f7a0687b077 in PlayerMain(int, char**)
#24 0x007f7a0422d493 in __libc_start_main
#25 0x00000000201029 in _start
Setting up 12 worker threads for Enlighten.
Writing stats to file
Calling DomainUnloadOrPlayModeChangeShutdown!
Caught fatal signal - signo:11 code:1 errno:0 addr:0x48
Obtained 25 stack frames.
#0  0x007f7a068849c9 in PlayerMain(int, char**)
#1  0x007f7a068794b7 in (Unknown)
#2  0x007f7a045e1c20 in funlockfile
#3  0x007f7a0623cff3 in (Unknown)
#4  0x007f7a0623d671 in (Unknown)
#5  0x007f7a0621de7a in (Unknown)
#6  0x007f7a06c1942e in PlayerMain(int, char**)
#7  0x007f7a05bcb426 in (Unknown)
#8  0x007f793ef6d7a0 in ContentLoadInterface_ContentFile_UnloadAsync_Injected_mBD2F1D561285B0DE37DCDA4DEA75931201B5E680
#9  0x007f793ef6cc0f in ContentLoadInterface_ContentFile_UnloadAsync_m197A3C60564D4E9F9049BAD57B46FB404A8F17BD
#10 0x007f793ef6cab5 in ContentFile_UnloadAsync_mF35518E83FCF4C1701AF2C6CEBF7E507490481D6
#11 0x007f793e1e49ea in RuntimeContentManager_ReleaseFile_m12EDB377B39EF4D01B3268E711303D79747A4F4C
#12 0x007f793e1e28dc in RuntimeContentManager_ReleaseObjectImpl_m84E24B7727CAA367D95ABC97FC529A5594840414
#13 0x007f793e1e0f68 in RuntimeContentManager_Cleanup_m6436DF58ED05204D0A7DFACFB212018BD6B813FD
#14 0x007f793e1e23b8 in RuntimeContentManager_OnShutdown_m09B1F0AD37BE7168472DDB84F55C43F02CD40113
#15 0x007f7939ce1516 in EventHandler_Invoke_m9D3126CBE291A3E7E7C304094E1DA846832F9B96_Multicast(EventHandler_tC6323FD7E6163F965259C33D72612C0E5B9BAB82*, Il2CppObject*, EventArgs_t37273F03EAC87217701DD431B190FBD84AD7C377*, MethodInfo const*)
#16 0x007f793d64fcd0 in EventHandler_Invoke_m9D3126CBE291A3E7E7C304094E1DA846832F9B96
#17 0x007f7939e8b713 in il2cpp::vm::Runtime::InvokeWithThrow(MethodInfo const*, void*, void**)
#18 0x007f7939e8b67b in il2cpp::vm::Runtime::Invoke(MethodInfo const*, void*, void**, Il2CppException**)
#19 0x007f7939e8b1bc in il2cpp::vm::Runtime::Shutdown()
#20 0x007f7a067d2f56 in (Unknown)
#21 0x007f7a0630e658 in (Unknown)
#22 0x007f7a0687aee6 in PlayerMain(int, char**)
#23 0x007f7a0422d493 in __libc_start_main
#24 0x00000000201029 in _start
