[UnityMemory] Configuration Parameters - Can be set up in boot.config
    "memorysetup-bucket-allocator-granularity=16"
    "memorysetup-bucket-allocator-bucket-count=8"
    "memorysetup-bucket-allocator-block-size=4194304"
    "memorysetup-bucket-allocator-block-count=1"
    "memorysetup-main-allocator-block-size=16777216"
    "memorysetup-thread-allocator-block-size=16777216"
    "memorysetup-gfx-main-allocator-block-size=16777216"
    "memorysetup-gfx-thread-allocator-block-size=16777216"
    "memorysetup-cache-allocator-block-size=4194304"
    "memorysetup-typetree-allocator-block-size=2097152"
    "memorysetup-profiler-bucket-allocator-granularity=16"
    "memorysetup-profiler-bucket-allocator-bucket-count=8"
    "memorysetup-profiler-bucket-allocator-block-size=4194304"
    "memorysetup-profiler-bucket-allocator-block-count=1"
    "memorysetup-profiler-allocator-block-size=16777216"
    "memorysetup-profiler-editor-allocator-block-size=1048576"
    "memorysetup-temp-allocator-size-main=4194304"
    "memorysetup-job-temp-allocator-block-size=2097152"
    "memorysetup-job-temp-allocator-block-size-background=1048576"
    "memorysetup-job-temp-allocator-reduction-small-platforms=262144"
    "memorysetup-allocator-temp-initial-block-size-main=262144"
    "memorysetup-allocator-temp-initial-block-size-worker=262144"
    "memorysetup-temp-allocator-size-background-worker=32768"
    "memorysetup-temp-allocator-size-job-worker=262144"
    "memorysetup-temp-allocator-size-preload-manager=262144"
    "memorysetup-temp-allocator-size-nav-mesh-worker=65536"
    "memorysetup-temp-allocator-size-audio-worker=65536"
    "memorysetup-temp-allocator-size-cloud-worker=32768"
    "memorysetup-temp-allocator-size-gfx=262144"
Remaining time:29s
Found 2 interfaces on host : 0) 10.141.0.5 1) 10.149.0.5
Player connection [139950064217984] Multi-casting "[IP] 10.141.0.5 [Port] 55000 [Flags] 19 [Guid] 2970307570 [EditorId] 68957167 [Version] 1048832 [Id] LinuxPlayer(13,10.141.0.5) [Debug] 0 [PackageName] LinuxPlayer [ProjectName] Opencraft" to [225.0.0.222:54997]...

Direct connection to host time out.
Stopping profiler. Profiler is not able to flush data to a file or socket and exceeded maximum allowed memory for buffering.
Please use Profiler.maxUsedMemory API or -profiler-maxusedmemory command line parameter to increase maximum allowed memory usage.
Using 134234112 bytes while Profiler.maxUsedMemory is 134217728 bytes.
Failed to initialize networking layer after 30 seconds, skipping waiting for connection before starting playback.
Preloaded 'lib_burst_generated.so'
Preloaded 'libwebrtc.so'
[Physics::Module] Initialized MultithreadedJobDispatcher with 47 workers.
Initialize engine version: 2022.3.16f1 (d2c21f0ef2f1)
[Subsystems] Discovering subsystems at path /var/scratch/zmr280/opencraft/opencraft_Data/UnitySubsystems
Forcing GfxDevice: Null
GfxDevice: creating device client; threaded=0; jobified=0
NullGfxDevice:
    Version:  NULL 1.0 [1.0]
    Renderer: Null Device
    Vendor:   Unity Technologies
ERROR: Shader Hidden/Universal Render Pipeline/Blit shader is not supported on this GPU (none of subshaders/fallbacks are suitable)
ERROR: Shader Hidden/Universal Render Pipeline/CopyDepth shader is not supported on this GPU (none of subshaders/fallbacks are suitable)
ERROR: Shader Hidden/Universal Render Pipeline/Sampling shader is not supported on this GPU (none of subshaders/fallbacks are suitable)
ERROR: Shader Hidden/Universal Render Pipeline/LutBuilderLdr shader is not supported on this GPU (none of subshaders/fallbacks are suitable)
ERROR: Shader Hidden/Universal Render Pipeline/LutBuilderHdr shader is not supported on this GPU (none of subshaders/fallbacks are suitable)
ERROR: Shader Hidden/Universal Render Pipeline/UberPost shader is not supported on this GPU (none of subshaders/fallbacks are suitable)
ERROR: Shader Hidden/Universal Render Pipeline/Debug/DebugReplacement shader is not supported on this GPU (none of subshaders/fallbacks are suitable)
ERROR: Shader Hidden/Universal/HDRDebugView shader is not supported on this GPU (none of subshaders/fallbacks are suitable)
WARNING: Shader Unsupported: 'Hidden/Universal Render Pipeline/FallbackError' - All subshaders removed
WARNING: Shader Did you use #pragma only_renderers and omit this platform?
WARNING: Shader If subshaders removal was intentional, you may have forgotten turning Fallback off?
ERROR: Shader Hidden/Universal Render Pipeline/FallbackError shader is not supported on this GPU (none of subshaders/fallbacks are suitable)
WARNING: Shader Unsupported: 'Hidden/Universal Render Pipeline/FallbackError' - All subshaders removed
WARNING: Shader Did you use #pragma only_renderers and omit this platform?
WARNING: Shader If subshaders removal was intentional, you may have forgotten turning Fallback off?
WARNING: Shader Unsupported: 'Hidden/Universal Render Pipeline/StencilDeferred' - All subshaders removed
WARNING: Shader Did you use #pragma only_renderers and omit this platform?
WARNING: Shader If subshaders removal was intentional, you may have forgotten turning Fallback off?
ERROR: Shader Hidden/Universal Render Pipeline/StencilDeferred shader is not supported on this GPU (none of subshaders/fallbacks are suitable)
WARNING: Shader Unsupported: 'Hidden/Universal Render Pipeline/StencilDeferred' - All subshaders removed
WARNING: Shader Did you use #pragma only_renderers and omit this platform?
WARNING: Shader If subshaders removal was intentional, you may have forgotten turning Fallback off?
ERROR: Shader Hidden/Universal Render Pipeline/CameraMotionVectors shader is not supported on this GPU (none of subshaders/fallbacks are suitable)
ERROR: Shader Hidden/Universal Render Pipeline/ObjectMotionVectors shader is not supported on this GPU (none of subshaders/fallbacks are suitable)
ERROR: Shader Hidden/Universal Render Pipeline/LensFlareDataDriven shader is not supported on this GPU (none of subshaders/fallbacks are suitable)
ERROR: Shader Hidden/Universal Render Pipeline/ScreenSpaceAmbientOcclusion shader is not supported on this GPU (none of subshaders/fallbacks are suitable)
ERROR: Shader Hidden/Universal Render Pipeline/Stop NaN shader is not supported on this GPU (none of subshaders/fallbacks are suitable)
ERROR: Shader Hidden/Universal Render Pipeline/SubpixelMorphologicalAntialiasing shader is not supported on this GPU (none of subshaders/fallbacks are suitable)
ERROR: Shader Hidden/Universal Render Pipeline/TemporalAA shader is not supported on this GPU (none of subshaders/fallbacks are suitable)
ERROR: Shader Hidden/Universal Render Pipeline/Scaling Setup shader is not supported on this GPU (none of subshaders/fallbacks are suitable)
ERROR: Shader Hidden/Universal Render Pipeline/Edge Adaptive Spatial Upsampling shader is not supported on this GPU (none of subshaders/fallbacks are suitable)
ERROR: Shader Hidden/Universal Render Pipeline/FinalPost shader is not supported on this GPU (none of subshaders/fallbacks are suitable)
ERROR: Shader Sprites/Default shader is not supported on this GPU (none of subshaders/fallbacks are suitable)
ERROR: Shader Sprites/Mask shader is not supported on this GPU (none of subshaders/fallbacks are suitable)
ERROR: Shader GUI/Text Shader shader is not supported on this GPU (none of subshaders/fallbacks are suitable)
UnloadTime: 1.036454 ms
Parsing args: /var/scratch/zmr280/opencraft/opencraft.x86_64, -batchmode, -nographics, -logStats, True, -serverUrl, 10.141.0.4, -statsFile, /var/scratch/zmr280/runs/players__10p_s/opencraft_stats/client1.csv, -userID, 1, -playType, Client, -emulationType, Simulation
Setting up worlds with playType Client and streaming role Disabled
Adding type with UniqueSystemAttribute: StatisticsSystem
Adding type with UniqueSystemAttribute: StatisticsSystem
Adding world ClientWorld to update list
Connecting worlds with playType Client and streaming role Disabled
Created connection request for 10.141.0.4:7979
Creating statistics writer!
Recorder [ServerFixedUpdate] is invalid!
UnityEngine.DebugLogHandler:Internal_Log(LogType, LogOption, String, Object)
UnityEngine.DebugLogHandler:LogFormat(LogType, Object, String, Object[])
UnityEngine.Logger:Log(LogType, Object)
UnityEngine.Debug:LogWarning(Object)
PolkaDOTS.Statistics.StatisticsWriter:.ctor()
PolkaDOTS.Statistics.StatisticsWriterInstance:Awake()

Recorder [TerrainGeneration] is invalid!
UnityEngine.DebugLogHandler:Internal_Log(LogType, LogOption, String, Object)
UnityEngine.DebugLogHandler:LogFormat(LogType, Object, String, Object[])
UnityEngine.Logger:Log(LogType, Object)
UnityEngine.Debug:LogWarning(Object)
PolkaDOTS.Statistics.StatisticsWriter:.ctor()
PolkaDOTS.Statistics.StatisticsWriterInstance:Awake()

Recorder [PlayerTerrainGenCheck] is invalid!
UnityEngine.DebugLogHandler:Internal_Log(LogType, LogOption, String, Object)
UnityEngine.DebugLogHandler:LogFormat(LogType, Object, String, Object[])
UnityEngine.Logger:Log(LogType, Object)
UnityEngine.Debug:LogWarning(Object)
PolkaDOTS.Statistics.StatisticsWriter:.ctor()
PolkaDOTS.Statistics.StatisticsWriterInstance:Awake()

Recorder [StructureGeneration] is invalid!
UnityEngine.DebugLogHandler:Internal_Log(LogType, LogOption, String, Object)
UnityEngine.DebugLogHandler:LogFormat(LogType, Object, String, Object[])
UnityEngine.Logger:Log(LogType, Object)
UnityEngine.Debug:LogWarning(Object)
PolkaDOTS.Statistics.StatisticsWriter:.ctor()
PolkaDOTS.Statistics.StatisticsWriterInstance:Awake()

Recorder [TerrainLogicSystem] is invalid!
UnityEngine.DebugLogHandler:Internal_Log(LogType, LogOption, String, Object)
UnityEngine.DebugLogHandler:LogFormat(LogType, Object, String, Object[])
UnityEngine.Logger:Log(LogType, Object)
UnityEngine.Debug:LogWarning(Object)
PolkaDOTS.Statistics.StatisticsWriter:.ctor()
PolkaDOTS.Statistics.StatisticsWriterInstance:Awake()

Recorder [GetUpdates] is invalid!
UnityEngine.DebugLogHandler:Internal_Log(LogType, LogOption, String, Object)
UnityEngine.DebugLogHandler:LogFormat(LogType, Object, String, Object[])
UnityEngine.Logger:Log(LogType, Object)
UnityEngine.Debug:LogWarning(Object)
PolkaDOTS.Statistics.StatisticsWriter:.ctor()
PolkaDOTS.Statistics.StatisticsWriterInstance:Awake()

Recorder [ReevaluatePropagateMarker] is invalid!
UnityEngine.DebugLogHandler:Internal_Log(LogType, LogOption, String, Object)
UnityEngine.DebugLogHandler:LogFormat(LogType, Object, String, Object[])
UnityEngine.Logger:Log(LogType, Object)
UnityEngine.Debug:LogWarning(Object)
PolkaDOTS.Statistics.StatisticsWriter:.ctor()
PolkaDOTS.Statistics.StatisticsWriterInstance:Awake()

Recorder [PropagateLogicState] is invalid!
UnityEngine.DebugLogHandler:Internal_Log(LogType, LogOption, String, Object)
UnityEngine.DebugLogHandler:LogFormat(LogType, Object, String, Object[])
UnityEngine.Logger:Log(LogType, Object)
UnityEngine.Debug:LogWarning(Object)
PolkaDOTS.Statistics.StatisticsWriter:.ctor()
PolkaDOTS.Statistics.StatisticsWriterInstance:Awake()

Recorder [CheckGateState] is invalid!
UnityEngine.DebugLogHandler:Internal_Log(LogType, LogOption, String, Object)
UnityEngine.DebugLogHandler:LogFormat(LogType, Object, String, Object[])
UnityEngine.Logger:Log(LogType, Object)
UnityEngine.Debug:LogWarning(Object)
PolkaDOTS.Statistics.StatisticsWriter:.ctor()
PolkaDOTS.Statistics.StatisticsWriterInstance:Awake()

Initializing multiplay!
Found non-specified codec: VP8 Internal video/VP8 implementation_name=Internal
Found codec: VP9 Profile0
Found codec: VP9 Profile2
Found codec: VP9 Profile1
Found codec: VP9 Profile3
Found codec: AV1 Profile0
Found codec: AV1 Profile1
Could not find H264.High as streaming codec!
Adding terrain areas statistics recorders
Streamed scene with   42ms latency from /var/scratch/zmr280/opencraft/opencraft_Data/StreamingAssets/EntityScenes/bea83102298cfb741939cdba85abe535.0.entities
AutoLoading authoring scene in world ClientWorld
[12:52:42.3478560]:[ClientWorld] New connection ID:1
ERROR: Shader Custom/VoxelShader shader is not supported on this GPU (none of subshaders/fallbacks are suitable)
WARNING: Shader Unsupported: 'Hidden/Universal Render Pipeline/FallbackError' - All subshaders removed
WARNING: Shader Did you use #pragma only_renderers and omit this platform?
WARNING: Shader If subshaders removal was intentional, you may have forgotten turning Fallback off?
ERROR: Shader Hidden/Universal Render Pipeline/FallbackError shader is not supported on this GPU (none of subshaders/fallbacks are suitable)
WARNING: Shader Unsupported: 'Hidden/Universal Render Pipeline/FallbackError' - All subshaders removed
WARNING: Shader Did you use #pragma only_renderers and omit this platform?
WARNING: Shader If subshaders removal was intentional, you may have forgotten turning Fallback off?
WARNING: Shader Unsupported: 'Universal Render Pipeline/Lit' - All subshaders removed
WARNING: Shader Did you use #pragma only_renderers and omit this platform?
WARNING: Shader If subshaders removal was intentional, you may have forgotten turning Fallback off?
ERROR: Shader Universal Render Pipeline/Lit shader is not supported on this GPU (none of subshaders/fallbacks are suitable)
WARNING: Shader Unsupported: 'Universal Render Pipeline/Lit' - All subshaders removed
WARNING: Shader Did you use #pragma only_renderers and omit this platform?
WARNING: Shader If subshaders removal was intentional, you may have forgotten turning Fallback off?
WARNING: Shader Unsupported: 'Universal Render Pipeline/Unlit' - All subshaders removed
WARNING: Shader Did you use #pragma only_renderers and omit this platform?
WARNING: Shader If subshaders removal was intentional, you may have forgotten turning Fallback off?
ERROR: Shader Universal Render Pipeline/Unlit shader is not supported on this GPU (none of subshaders/fallbacks are suitable)
WARNING: Shader Unsupported: 'Universal Render Pipeline/Unlit' - All subshaders removed
WARNING: Shader Did you use #pragma only_renderers and omit this platform?
WARNING: Shader If subshaders removal was intentional, you may have forgotten turning Fallback off?
Streamed scene with   41ms latency from /var/scratch/zmr280/opencraft/opencraft_Data/StreamingAssets/EntityScenes/62561c7118c5bbb46929c6bf65331faa.0.entities
Sending start game stream RPC
Emulation type is Idle, Simulation
Creating local player object
Sending spawn player RPC for user 1
ERROR: Shader UI/Default shader is not supported on this GPU (none of subshaders/fallbacks are suitable)
Player 1 has no connection ID!
UnityEngine.DebugLogHandler:Internal_Log(LogType, LogOption, String, Object)
UnityEngine.DebugLogHandler:LogFormat(LogType, Object, String, Object[])
UnityEngine.Logger:Log(LogType, Object)
UnityEngine.Debug:LogWarning(Object)
Opencraft.Player.SamplePlayerInput:OnUpdate(SystemState&)
Opencraft.Player.SamplePlayerInput:__codegen__OnUpdate(IntPtr, IntPtr)

Linking player entity Entity(157:1) to 1@LOCALPLAYER
    0: Could not find target at int3(0, 40, 0)
Player simulation searching for path from float3(0.5f, 40.60003f, 0.5f) = int3(0, 40, 0) to int3(1, 42, -2)
Player simulation could not find a path from int3(0, 40, 0) to int3(1, 42, -2), will choose new target
Player simulation searching for path from float3(0.5f, 40.60003f, 0.5f) = int3(0, 40, 0) to int3(13, 42, -11)
Player simulation could not find a path from int3(0, 40, 0) to int3(13, 42, -11), will choose new target
Player simulation searching for path from float3(0.5f, 40.60003f, 0.5f) = int3(0, 40, 0) to int3(7, 42, -9)
Player simulation could not find a path from int3(0, 40, 0) to int3(7, 42, -9), will choose new target
    4: Could not find target at int3(0, 40, 0)
    5: Could not find target at int3(0, 40, 0)
Player simulation searching for path from float3(0.5f, 40.60003f, 0.5f) = int3(0, 40, 0) to int3(4, 42, -14)
Player simulation could not find a path from int3(0, 40, 0) to int3(4, 42, -14), will choose new target
    7: Could not find target at int3(0, 40, 0)
Player simulation searching for path from float3(0.5f, 40.60003f, 0.5f) = int3(0, 40, 0) to int3(0, 42, 13)
Player simulation could not find a path from int3(0, 40, 0) to int3(0, 42, 13), will choose new target
ClientWorld player simulation could not find a path in 9 attempts, waiting to try again
    0: Could not find target at int3(0, 40, 0)
Player simulation searching for path from float3(0.5f, 40.30003f, 0.5f) = int3(0, 40, 0) to int3(1, 42, -2)
Player simulation could not find a path from int3(0, 40, 0) to int3(1, 42, -2), will choose new target
Player simulation searching for path from float3(0.5f, 40.30003f, 0.5f) = int3(0, 40, 0) to int3(13, 42, -11)
Player simulation could not find a path from int3(0, 40, 0) to int3(13, 42, -11), will choose new target
Player simulation searching for path from float3(0.5f, 40.30003f, 0.5f) = int3(0, 40, 0) to int3(7, 42, -9)
Player simulation could not find a path from int3(0, 40, 0) to int3(7, 42, -9), will choose new target
    4: Could not find target at int3(0, 40, 0)
    5: Could not find target at int3(0, 40, 0)
Player simulation searching for path from float3(0.5f, 40.30003f, 0.5f) = int3(0, 40, 0) to int3(4, 42, -14)
Player simulation could not find a path from int3(0, 40, 0) to int3(4, 42, -14), will choose new target
    7: Could not find target at int3(0, 40, 0)
Player simulation searching for path from float3(0.5f, 40.30003f, 0.5f) = int3(0, 40, 0) to int3(0, 42, 13)
Player simulation could not find a path from int3(0, 40, 0) to int3(0, 42, 13), will choose new target
ClientWorld player simulation could not find a path in 9 attempts, waiting to try again
Player simulation searching for path from float3(0.5f, 42.1f, 0.5f) = int3(0, 42, 0) to int3(2, 42, -4)
ClientWorld player simulation set new target int3(2, 42, -4)
ClientWorld player simulation reached target int3(2, 42, -4)
Player simulation searching for path from float3(2.324132f, 42.1f, -3.524132f) = int3(2, 42, -4) to int3(-9, 42, 14)
ClientWorld player simulation set new target int3(-9, 42, 14)
ClientWorld player simulation reached target int3(-9, 42, 14)
Player simulation searching for path from float3(-8.341002f, 42.1f, 14.47f) = int3(-9, 42, 14) to int3(-8, 42, 8)
ClientWorld player simulation set new target int3(-8, 42, 8)
ClientWorld player simulation reached target int3(-8, 42, 8)
Player simulation searching for path from float3(-7.645579f, 42.1f, 8.475578f) = int3(-8, 42, 8) to int3(-14, 42, 1)
ClientWorld player simulation set new target int3(-14, 42, 1)
ClientWorld player simulation reached target int3(-14, 42, 1)
Player simulation searching for path from float3(-13.36f, 42.1f, 1.52f) = int3(-14, 42, 1) to int3(-14, 42, 11)
ClientWorld player simulation set new target int3(-14, 42, 11)
ClientWorld player simulation reached target int3(-14, 42, 11)
Player simulation searching for path from float3(-13.501f, 42.1f, 11.361f) = int3(-14, 42, 11) to int3(-7, 42, 11)
ClientWorld player simulation set new target int3(-7, 42, 11)
ClientWorld player simulation reached target int3(-7, 42, 11)
Player simulation searching for path from float3(-6.660001f, 42.1f, 11.502f) = int3(-7, 42, 11) to int3(-14, 42, -10)
ClientWorld player simulation set new target int3(-14, 42, -10)
ClientWorld player simulation reached target int3(-14, 42, -10)
Player simulation searching for path from float3(-13.33f, 42.1f, -9.502001f) = int3(-14, 42, -10) to int3(-2, 42, 7)
ClientWorld player simulation set new target int3(-2, 42, 7)
ClientWorld player simulation reached target int3(-2, 42, 7)
Player simulation searching for path from float3(-1.478f, 42.1f, 7.36f) = int3(-2, 42, 7) to int3(-14, 42, 8)
ClientWorld player simulation set new target int3(-14, 42, 8)
ClientWorld player simulation reached target int3(-14, 42, 8)
Player simulation searching for path from float3(-13.60242f, 42.1f, 8.367423f) = int3(-14, 42, 8) to int3(5, 42, -5)
ClientWorld player simulation set new target int3(5, 42, -5)
ClientWorld player simulation reached target int3(5, 42, -5)
Player simulation searching for path from float3(5.365f, 42.1f, -4.5f) = int3(5, 42, -5) to int3(13, 42, -15)
ClientWorld player simulation set new target int3(13, 42, -15)
ClientWorld player simulation reached target int3(13, 42, -15)
Player simulation searching for path from float3(13.493f, 42.1f, -14.311f) = int3(13, 42, -15) to int3(-9, 42, -9)
ClientWorld player simulation set new target int3(-9, 42, -9)
[12:53:16.0133000]:[ClientWorld] Connection disconnected ID:1 Reason:ClosedByRemote
Caught fatal signal - signo:15 code:0 errno:0 addr:0x1502000ee60f
Obtained 24 stack frames.
#0  0x007f48a85209c9 in PlayerMain(int, char**)
#1  0x007f48a85154b7 in (Unknown)
#2  0x007f48a627dc20 in funlockfile
#3  0x007f47d9f0642b in il2cpp::vm::Profiler::MethodEnter(MethodInfo const*)
#4  0x007f47de7183a9 in CommandSendSystemGroup_OnUpdate_m17EB67F6FC4EF546EA5C2E2CDDC7A32D66638948
#5  0x007f47de2f683f in SystemBase_Update_m795994EE60C054DFA78C313A60ED025B2668C9B4
#6  0x007f47de094b68 in ComponentSystemGroup_UpdateAllSystems_m78B1AA9EAF07133497E9BA556B592AC93935441C
#7  0x007f47de0948e8 in ComponentSystemGroup_OnUpdate_m83128938DF97469E0D1CB883E5C9000C0C2DA9A7
#8  0x007f47de2f683f in SystemBase_Update_m795994EE60C054DFA78C313A60ED025B2668C9B4
#9  0x007f47de094b68 in ComponentSystemGroup_UpdateAllSystems_m78B1AA9EAF07133497E9BA556B592AC93935441C
#10 0x007f47de0948db in ComponentSystemGroup_OnUpdate_m83128938DF97469E0D1CB883E5C9000C0C2DA9A7
#11 0x007f47de2f683f in SystemBase_Update_m795994EE60C054DFA78C313A60ED025B2668C9B4
#12 0x007f47de2e4bd6 in DummyDelegateWrapper_TriggerUpdate_m2C37F16899DE9C87FE35B065E0FF7E410E463FE7
#13 0x007f47deffb5b0 in UpdateFunction_Invoke_m9BCEE4E5BEE924EB804DA64314B78D0E831C179B
#14 0x007f47d9e8b713 in il2cpp::vm::Runtime::InvokeWithThrow(MethodInfo const*, void*, void**)
#15 0x007f47d9e8b67b in il2cpp::vm::Runtime::Invoke(MethodInfo const*, void*, void**, Il2CppException**)
#16 0x007f48a8459f0b in (Unknown)
#17 0x007f48a8464cd7 in (Unknown)
#18 0x007f48a7f982e8 in (Unknown)
#19 0x007f48a7f98201 in (Unknown)
#20 0x007f48a7f98570 in (Unknown)
#21 0x007f48a8517077 in PlayerMain(int, char**)
#22 0x007f48a5ec9493 in __libc_start_main
#23 0x00000000201029 in _start
Setting up 12 worker threads for Enlighten.
Writing stats to file
Calling DomainUnloadOrPlayModeChangeShutdown!
Caught fatal signal - signo:11 code:1 errno:0 addr:0x48
Obtained 25 stack frames.
#0  0x007f48a85209c9 in PlayerMain(int, char**)
#1  0x007f48a85154b7 in (Unknown)
#2  0x007f48a627dc20 in funlockfile
#3  0x007f48a7ed8ff3 in (Unknown)
#4  0x007f48a7ed9671 in (Unknown)
#5  0x007f48a7eb9e7a in (Unknown)
#6  0x007f48a88b542e in PlayerMain(int, char**)
#7  0x007f48a7867426 in (Unknown)
#8  0x007f47def6d730 in ContentLoadInterface_ContentFile_UnloadAsync_Injected_mBD2F1D561285B0DE37DCDA4DEA75931201B5E680
#9  0x007f47def6cb9f in ContentLoadInterface_ContentFile_UnloadAsync_m197A3C60564D4E9F9049BAD57B46FB404A8F17BD
#10 0x007f47def6ca45 in ContentFile_UnloadAsync_mF35518E83FCF4C1701AF2C6CEBF7E507490481D6
#11 0x007f47de1e497a in RuntimeContentManager_ReleaseFile_m12EDB377B39EF4D01B3268E711303D79747A4F4C
#12 0x007f47de1e286c in RuntimeContentManager_ReleaseObjectImpl_m84E24B7727CAA367D95ABC97FC529A5594840414
#13 0x007f47de1e0ef8 in RuntimeContentManager_Cleanup_m6436DF58ED05204D0A7DFACFB212018BD6B813FD
#14 0x007f47de1e2348 in RuntimeContentManager_OnShutdown_m09B1F0AD37BE7168472DDB84F55C43F02CD40113
#15 0x007f47d9ce1516 in EventHandler_Invoke_m9D3126CBE291A3E7E7C304094E1DA846832F9B96_Multicast(EventHandler_tC6323FD7E6163F965259C33D72612C0E5B9BAB82*, Il2CppObject*, EventArgs_t37273F03EAC87217701DD431B190FBD84AD7C377*, MethodInfo const*)
#16 0x007f47dd64fcb0 in EventHandler_Invoke_m9D3126CBE291A3E7E7C304094E1DA846832F9B96
#17 0x007f47d9e8b713 in il2cpp::vm::Runtime::InvokeWithThrow(MethodInfo const*, void*, void**)
#18 0x007f47d9e8b67b in il2cpp::vm::Runtime::Invoke(MethodInfo const*, void*, void**, Il2CppException**)
#19 0x007f47d9e8b1bc in il2cpp::vm::Runtime::Shutdown()
#20 0x007f48a846ef56 in (Unknown)
#21 0x007f48a7faa658 in (Unknown)
#22 0x007f48a8516ee6 in PlayerMain(int, char**)
#23 0x007f48a5ec9493 in __libc_start_main
#24 0x00000000201029 in _start
