[UnityMemory] Configuration Parameters - Can be set up in boot.config
    "memorysetup-bucket-allocator-granularity=16"
    "memorysetup-bucket-allocator-bucket-count=8"
    "memorysetup-bucket-allocator-block-size=4194304"
    "memorysetup-bucket-allocator-block-count=1"
    "memorysetup-main-allocator-block-size=16777216"
    "memorysetup-thread-allocator-block-size=16777216"
    "memorysetup-gfx-main-allocator-block-size=16777216"
    "memorysetup-gfx-thread-allocator-block-size=16777216"
    "memorysetup-cache-allocator-block-size=4194304"
    "memorysetup-typetree-allocator-block-size=2097152"
    "memorysetup-profiler-bucket-allocator-granularity=16"
    "memorysetup-profiler-bucket-allocator-bucket-count=8"
    "memorysetup-profiler-bucket-allocator-block-size=4194304"
    "memorysetup-profiler-bucket-allocator-block-count=1"
    "memorysetup-profiler-allocator-block-size=16777216"
    "memorysetup-profiler-editor-allocator-block-size=1048576"
    "memorysetup-temp-allocator-size-main=4194304"
    "memorysetup-job-temp-allocator-block-size=2097152"
    "memorysetup-job-temp-allocator-block-size-background=1048576"
    "memorysetup-job-temp-allocator-reduction-small-platforms=262144"
    "memorysetup-allocator-temp-initial-block-size-main=262144"
    "memorysetup-allocator-temp-initial-block-size-worker=262144"
    "memorysetup-temp-allocator-size-background-worker=32768"
    "memorysetup-temp-allocator-size-job-worker=262144"
    "memorysetup-temp-allocator-size-preload-manager=262144"
    "memorysetup-temp-allocator-size-nav-mesh-worker=65536"
    "memorysetup-temp-allocator-size-audio-worker=65536"
    "memorysetup-temp-allocator-size-cloud-worker=32768"
    "memorysetup-temp-allocator-size-gfx=262144"
Remaining time:29s
Found 4 interfaces on host : 0) 10.141.0.52 1) 10.150.0.52 2) 10.149.0.52 3) 192.168.122.1
Player connection [46912496401984] Multi-casting "[IP] 10.141.0.52 [Port] 55016 [Flags] 19 [Guid] 2064943500 [EditorId] 2902723566 [Version] 1048832 [Id] LinuxPlayer(13,10.141.0.52) [Debug] 0 [PackageName] LinuxPlayer [ProjectName] Opencraft" to [225.0.0.222:54997]...

Direct connection to host time out.
Failed to initialize networking layer after 30 seconds, skipping waiting for connection before starting playback.
Preloaded 'lib_burst_generated.so'
Preloaded 'libwebrtc.so'
[Physics::Module] Initialized MultithreadedJobDispatcher with 31 workers.
Initialize engine version: 2022.3.16f1 (d2c21f0ef2f1)
[Subsystems] Discovering subsystems at path /var/scratch/zmr280/opencraft/opencraft_Data/UnitySubsystems
Forcing GfxDevice: Null
GfxDevice: creating device client; threaded=0; jobified=0
NullGfxDevice:
    Version:  NULL 1.0 [1.0]
    Renderer: Null Device
    Vendor:   Unity Technologies
ERROR: Shader Hidden/Universal Render Pipeline/Blit shader is not supported on this GPU (none of subshaders/fallbacks are suitable)
ERROR: Shader Hidden/Universal Render Pipeline/CopyDepth shader is not supported on this GPU (none of subshaders/fallbacks are suitable)
ERROR: Shader Hidden/Universal Render Pipeline/Sampling shader is not supported on this GPU (none of subshaders/fallbacks are suitable)
ERROR: Shader Hidden/Universal Render Pipeline/LutBuilderLdr shader is not supported on this GPU (none of subshaders/fallbacks are suitable)
ERROR: Shader Hidden/Universal Render Pipeline/LutBuilderHdr shader is not supported on this GPU (none of subshaders/fallbacks are suitable)
ERROR: Shader Hidden/Universal Render Pipeline/UberPost shader is not supported on this GPU (none of subshaders/fallbacks are suitable)
ERROR: Shader Hidden/Universal Render Pipeline/Debug/DebugReplacement shader is not supported on this GPU (none of subshaders/fallbacks are suitable)
ERROR: Shader Hidden/Universal/HDRDebugView shader is not supported on this GPU (none of subshaders/fallbacks are suitable)
WARNING: Shader Unsupported: 'Hidden/Universal Render Pipeline/FallbackError' - All subshaders removed
WARNING: Shader Did you use #pragma only_renderers and omit this platform?
WARNING: Shader If subshaders removal was intentional, you may have forgotten turning Fallback off?
ERROR: Shader Hidden/Universal Render Pipeline/FallbackError shader is not supported on this GPU (none of subshaders/fallbacks are suitable)
WARNING: Shader Unsupported: 'Hidden/Universal Render Pipeline/FallbackError' - All subshaders removed
WARNING: Shader Did you use #pragma only_renderers and omit this platform?
WARNING: Shader If subshaders removal was intentional, you may have forgotten turning Fallback off?
WARNING: Shader Unsupported: 'Hidden/Universal Render Pipeline/StencilDeferred' - All subshaders removed
WARNING: Shader Did you use #pragma only_renderers and omit this platform?
WARNING: Shader If subshaders removal was intentional, you may have forgotten turning Fallback off?
ERROR: Shader Hidden/Universal Render Pipeline/StencilDeferred shader is not supported on this GPU (none of subshaders/fallbacks are suitable)
WARNING: Shader Unsupported: 'Hidden/Universal Render Pipeline/StencilDeferred' - All subshaders removed
WARNING: Shader Did you use #pragma only_renderers and omit this platform?
WARNING: Shader If subshaders removal was intentional, you may have forgotten turning Fallback off?
ERROR: Shader Hidden/Universal Render Pipeline/CameraMotionVectors shader is not supported on this GPU (none of subshaders/fallbacks are suitable)
ERROR: Shader Hidden/Universal Render Pipeline/ObjectMotionVectors shader is not supported on this GPU (none of subshaders/fallbacks are suitable)
ERROR: Shader Hidden/Universal Render Pipeline/LensFlareDataDriven shader is not supported on this GPU (none of subshaders/fallbacks are suitable)
ERROR: Shader Hidden/Universal Render Pipeline/ScreenSpaceAmbientOcclusion shader is not supported on this GPU (none of subshaders/fallbacks are suitable)
ERROR: Shader Hidden/Universal Render Pipeline/Stop NaN shader is not supported on this GPU (none of subshaders/fallbacks are suitable)
ERROR: Shader Hidden/Universal Render Pipeline/SubpixelMorphologicalAntialiasing shader is not supported on this GPU (none of subshaders/fallbacks are suitable)
ERROR: Shader Hidden/Universal Render Pipeline/TemporalAA shader is not supported on this GPU (none of subshaders/fallbacks are suitable)
ERROR: Shader Hidden/Universal Render Pipeline/Scaling Setup shader is not supported on this GPU (none of subshaders/fallbacks are suitable)
ERROR: Shader Hidden/Universal Render Pipeline/Edge Adaptive Spatial Upsampling shader is not supported on this GPU (none of subshaders/fallbacks are suitable)
ERROR: Shader Hidden/Universal Render Pipeline/FinalPost shader is not supported on this GPU (none of subshaders/fallbacks are suitable)
ERROR: Shader Sprites/Default shader is not supported on this GPU (none of subshaders/fallbacks are suitable)
ERROR: Shader Sprites/Mask shader is not supported on this GPU (none of subshaders/fallbacks are suitable)
ERROR: Shader GUI/Text Shader shader is not supported on this GPU (none of subshaders/fallbacks are suitable)
UnloadTime: 2.134776 ms
Parsing args: /var/scratch/zmr280/opencraft/opencraft.x86_64, -batchmode, -nographics, -logStats, True, -serverUrl, 10.141.0.5, -statsFile, /var/scratch/zmr280/runs/players_1-Layer_90p_300s/opencraft_stats/client88.csv, -userID, 88, -playType, Client, -emulationType, Simulation
Setting up worlds with playType Client and streaming role Disabled
Adding type with UniqueSystemAttribute: StatisticsSystem
Adding type with UniqueSystemAttribute: StatisticsSystem
Failed to create websocket: System.Net.Sockets.SocketException (0x80004005): Address already in use
  at System.Net.Sockets.Socket.Bind (System.Net.EndPoint localEP) [0x00000] in <00000000000000000000000000000000>:0 
  at Unity.NetCode.DebugWebSocket..ctor (System.UInt16 port) [0x00000] in <00000000000000000000000000000000>:0 
  at Unity.NetCode.GhostStatsConnection..ctor () [0x00000] in <00000000000000000000000000000000>:0 
  at Unity.NetCode.GhostStatsFlushSystem.OnCreate () [0x00000] in <00000000000000000000000000000000>:0 
  at Unity.Entities.ComponentSystemBase.CreateInstance (Unity.Entities.World world) [0x00000] in <00000000000000000000000000000000>:0 
  at Unity.Entities.World.AddSystem_OnCreate_Internal (Unity.Entities.ComponentSystemBase system) [0x00000] in <00000000000000000000000000000000>:0 
  at Unity.Entities.World.GetOrCreateSystemsAndLogException (Unity.Collections.NativeList`1[T] types, System.Int32 typesCount, Unity.Collections.AllocatorManager+AllocatorHandle allocator) [0x00000] in <00000000000000000000000000000000>:0 
  at Unity.Entities.World.GetOrCreateSystemsAndLogException (Unity.Collections.NativeList`1[T] types, Unity.Collections.AllocatorManager+AllocatorHandle allocator) [0x00000] in <00000000000000000000000000000000>:0 
  at Unity.Entities.DefaultWorldInitialization.AddSystemToRootLevelSystemGroupsInternal[T] (Unity.Entities.World world, Unity.Collections.NativeList`1[T] systemTypesOrig, Unity.Entities.ComponentSystemGroup defaultGroup, T rootGroups) [0x00000] in <00000000000000000000000000000000>:0 
  at Unity.Entities.DefaultWorldInitialization.AddSystemToRootLevelSystemGroupsInternal (Unity.Entities.World world, Unity.Collections.NativeList`1[T] systemTypesOrig) [0x00000] in <00000000000000000000000000000000>:0 
  at Unity.Entities.DefaultWorldInitialization.AddSystemsToRootLevelSystemGroups (Unity.Entities.World world, System.Collections.Generic.IReadOnlyList`1[T] systemTypes) [0x00000] in <00000000000000000000000000000000>:0 
  at PolkaDOTS.Bootstrap.GameBootstrap.CreateClientWorld (System.String name, Unity.Entities.WorldFlags flags, System.Collections.Generic.IReadOnlyList`1[T] systems) [0x00000] in <00000000000000000000000000000000>:0 
  at PolkaDOTS.Bootstrap.GameBootstrap.CreateDefaultClientWorld (System.String worldName, System.Boolean isHost, System.Boolean isCloudHost) [0x00000] in <00000000000000000000000000000000>:0 
  at PolkaDOTS.Bootstrap.GameBootstrap.SetupWorlds (PolkaDOTS.Deployment.MultiplayStreamingRoles mRole, PolkaDOTS.Bootstrap.GameBootstrap+BootstrapPlayTypes playTypes, Unity.Collections.NativeList`1[Unity.Entities.WorldUnmanaged]& worldReferences, System.Int32 numSimulatedClients, System.Boolean autoStart, System.Boolean autoConnect, System.String serverUrl, System.UInt16 serverPort, System.String signalingUrl, System.String worldName) [0x00000] in <00000000000000000000000000000000>:0 
  at PolkaDOTS.Bootstrap.GameBootstrap.SetupWorldsFromLocalConfig () [0x00000] in <00000000000000000000000000000000>:0 
  at PolkaDOTS.Bootstrap.GameBootstrap.Initialize (System.String defaultWorldName) [0x00000] in <00000000000000000000000000000000>:0 
  at Unity.Entities.CustomWorldInitialization.Initialize (System.String defaultWorldName, System.Boolean editorWorld) [0x00000] in <00000000000000000000000000000000>:0 
  at Unity.Entities.CustomAutomaticWorldBootstrap.Initialize () [0x00000] in <00000000000000000000000000000000>:0 
UnityEngine.DebugLogHandler:Internal_Log(LogType, LogOption, String, Object)
UnityEngine.DebugLogHandler:LogFormat(LogType, Object, String, Object[])
UnityEngine.Logger:Log(LogType, Object)
UnityEngine.Debug:LogError(Object)
Unity.NetCode.DebugWebSocket:.ctor(UInt16)
Unity.NetCode.GhostStatsConnection:.ctor()
Unity.NetCode.GhostStatsFlushSystem:OnCreate()
Unity.Entities.ComponentSystemBase:CreateInstance(World)
Unity.Entities.World:AddSystem_OnCreate_Internal(ComponentSystemBase)
Unity.Entities.World:GetOrCreateSystemsAndLogException(NativeList`1, Int32, AllocatorHandle)
Unity.Entities.World:GetOrCreateSystemsAndLogException(NativeList`1, AllocatorHandle)
Unity.Entities.DefaultWorldInitialization:AddSystemToRootLevelSystemGroupsInternal(World, NativeList`1, ComponentSystemGroup, T)
Unity.Entities.DefaultWorldInitialization:AddSystemToRootLevelSystemGroupsInternal(World, NativeList`1)
Unity.Entities.DefaultWorldInitialization:AddSystemsToRootLevelSystemGroups(World, IReadOnlyList`1)
PolkaDOTS.Bootstrap.GameBootstrap:CreateClientWorld(String, WorldFlags, IReadOnlyList`1)
PolkaDOTS.Bootstrap.GameBootstrap:CreateDefaultClientWorld(String, Boolean, Boolean)
PolkaDOTS.Bootstrap.GameBootstrap:SetupWorlds(MultiplayStreamingRoles, BootstrapPlayTypes, NativeList`1&, Int32, Boolean, Boolean, String, UInt16, String, String)
PolkaDOTS.Bootstrap.GameBootstrap:SetupWorldsFromLocalConfig()
PolkaDOTS.Bootstrap.GameBootstrap:Initialize(String)
Unity.Entities.CustomWorldInitialization:Initialize(String, Boolean)
Unity.Entities.CustomAutomaticWorldBootstrap:Initialize()

Adding world ClientWorld to update list
Connecting worlds with playType Client and streaming role Disabled
Created connection request for 10.141.0.5:7979
Creating statistics writer!
Recorder [ServerFixedUpdate] is invalid!
UnityEngine.DebugLogHandler:Internal_Log(LogType, LogOption, String, Object)
UnityEngine.DebugLogHandler:LogFormat(LogType, Object, String, Object[])
UnityEngine.Logger:Log(LogType, Object)
UnityEngine.Debug:LogWarning(Object)
PolkaDOTS.Statistics.StatisticsWriter:.ctor()
PolkaDOTS.Statistics.StatisticsWriterInstance:Awake()

Recorder [TerrainGeneration] is invalid!
UnityEngine.DebugLogHandler:Internal_Log(LogType, LogOption, String, Object)
UnityEngine.DebugLogHandler:LogFormat(LogType, Object, String, Object[])
UnityEngine.Logger:Log(LogType, Object)
UnityEngine.Debug:LogWarning(Object)
PolkaDOTS.Statistics.StatisticsWriter:.ctor()
PolkaDOTS.Statistics.StatisticsWriterInstance:Awake()

Recorder [PlayerTerrainGenCheck] is invalid!
UnityEngine.DebugLogHandler:Internal_Log(LogType, LogOption, String, Object)
UnityEngine.DebugLogHandler:LogFormat(LogType, Object, String, Object[])
UnityEngine.Logger:Log(LogType, Object)
UnityEngine.Debug:LogWarning(Object)
PolkaDOTS.Statistics.StatisticsWriter:.ctor()
PolkaDOTS.Statistics.StatisticsWriterInstance:Awake()

Recorder [StructureGeneration] is invalid!
UnityEngine.DebugLogHandler:Internal_Log(LogType, LogOption, String, Object)
UnityEngine.DebugLogHandler:LogFormat(LogType, Object, String, Object[])
UnityEngine.Logger:Log(LogType, Object)
UnityEngine.Debug:LogWarning(Object)
PolkaDOTS.Statistics.StatisticsWriter:.ctor()
PolkaDOTS.Statistics.StatisticsWriterInstance:Awake()

Recorder [TerrainLogicSystem] is invalid!
UnityEngine.DebugLogHandler:Internal_Log(LogType, LogOption, String, Object)
UnityEngine.DebugLogHandler:LogFormat(LogType, Object, String, Object[])
UnityEngine.Logger:Log(LogType, Object)
UnityEngine.Debug:LogWarning(Object)
PolkaDOTS.Statistics.StatisticsWriter:.ctor()
PolkaDOTS.Statistics.StatisticsWriterInstance:Awake()

Recorder [GetUpdates] is invalid!
UnityEngine.DebugLogHandler:Internal_Log(LogType, LogOption, String, Object)
UnityEngine.DebugLogHandler:LogFormat(LogType, Object, String, Object[])
UnityEngine.Logger:Log(LogType, Object)
UnityEngine.Debug:LogWarning(Object)
PolkaDOTS.Statistics.StatisticsWriter:.ctor()
PolkaDOTS.Statistics.StatisticsWriterInstance:Awake()

Recorder [ReevaluatePropagateMarker] is invalid!
UnityEngine.DebugLogHandler:Internal_Log(LogType, LogOption, String, Object)
UnityEngine.DebugLogHandler:LogFormat(LogType, Object, String, Object[])
UnityEngine.Logger:Log(LogType, Object)
UnityEngine.Debug:LogWarning(Object)
PolkaDOTS.Statistics.StatisticsWriter:.ctor()
PolkaDOTS.Statistics.StatisticsWriterInstance:Awake()

Recorder [PropagateLogicState] is invalid!
UnityEngine.DebugLogHandler:Internal_Log(LogType, LogOption, String, Object)
UnityEngine.DebugLogHandler:LogFormat(LogType, Object, String, Object[])
UnityEngine.Logger:Log(LogType, Object)
UnityEngine.Debug:LogWarning(Object)
PolkaDOTS.Statistics.StatisticsWriter:.ctor()
PolkaDOTS.Statistics.StatisticsWriterInstance:Awake()

Recorder [CheckGateState] is invalid!
UnityEngine.DebugLogHandler:Internal_Log(LogType, LogOption, String, Object)
UnityEngine.DebugLogHandler:LogFormat(LogType, Object, String, Object[])
UnityEngine.Logger:Log(LogType, Object)
UnityEngine.Debug:LogWarning(Object)
PolkaDOTS.Statistics.StatisticsWriter:.ctor()
PolkaDOTS.Statistics.StatisticsWriterInstance:Awake()

Initializing multiplay!
Found non-specified codec: VP8 Internal video/VP8 implementation_name=Internal
Found codec: VP9 Profile0
Found codec: VP9 Profile2
Found codec: VP9 Profile1
Found codec: VP9 Profile3
Found codec: AV1 Profile0
Found codec: AV1 Profile1
Could not find H264.High as streaming codec!
Streamed scene with   10ms latency from /var/scratch/zmr280/opencraft/opencraft_Data/StreamingAssets/EntityScenes/bea83102298cfb741939cdba85abe535.0.entities
Adding terrain areas statistics recorders
AutoLoading authoring scene in world ClientWorld
ERROR: Shader Custom/VoxelShader shader is not supported on this GPU (none of subshaders/fallbacks are suitable)
WARNING: Shader Unsupported: 'Hidden/Universal Render Pipeline/FallbackError' - All subshaders removed
WARNING: Shader Did you use #pragma only_renderers and omit this platform?
WARNING: Shader If subshaders removal was intentional, you may have forgotten turning Fallback off?
ERROR: Shader Hidden/Universal Render Pipeline/FallbackError shader is not supported on this GPU (none of subshaders/fallbacks are suitable)
WARNING: Shader Unsupported: 'Hidden/Universal Render Pipeline/FallbackError' - All subshaders removed
WARNING: Shader Did you use #pragma only_renderers and omit this platform?
WARNING: Shader If subshaders removal was intentional, you may have forgotten turning Fallback off?
WARNING: Shader Unsupported: 'Universal Render Pipeline/Lit' - All subshaders removed
WARNING: Shader Did you use #pragma only_renderers and omit this platform?
WARNING: Shader If subshaders removal was intentional, you may have forgotten turning Fallback off?
ERROR: Shader Universal Render Pipeline/Lit shader is not supported on this GPU (none of subshaders/fallbacks are suitable)
WARNING: Shader Unsupported: 'Universal Render Pipeline/Lit' - All subshaders removed
WARNING: Shader Did you use #pragma only_renderers and omit this platform?
WARNING: Shader If subshaders removal was intentional, you may have forgotten turning Fallback off?
WARNING: Shader Unsupported: 'Universal Render Pipeline/Unlit' - All subshaders removed
WARNING: Shader Did you use #pragma only_renderers and omit this platform?
WARNING: Shader If subshaders removal was intentional, you may have forgotten turning Fallback off?
ERROR: Shader Universal Render Pipeline/Unlit shader is not supported on this GPU (none of subshaders/fallbacks are suitable)
WARNING: Shader Unsupported: 'Universal Render Pipeline/Unlit' - All subshaders removed
WARNING: Shader Did you use #pragma only_renderers and omit this platform?
WARNING: Shader If subshaders removal was intentional, you may have forgotten turning Fallback off?
[19:25:14.4897590]:[ClientWorld] New connection ID:88
Streamed scene with  134ms latency from /var/scratch/zmr280/opencraft/opencraft_Data/StreamingAssets/EntityScenes/62561c7118c5bbb46929c6bf65331faa.0.entities
Sending start game stream RPC
Emulation type is Idle, Simulation
Creating local player object
Sending spawn player RPC for user 88
ERROR: Shader UI/Default shader is not supported on this GPU (none of subshaders/fallbacks are suitable)
Player 88 has no connection ID!
UnityEngine.DebugLogHandler:Internal_Log(LogType, LogOption, String, Object)
UnityEngine.DebugLogHandler:LogFormat(LogType, Object, String, Object[])
UnityEngine.Logger:Log(LogType, Object)
UnityEngine.Debug:LogWarning(Object)
Opencraft.Player.SamplePlayerInput:OnUpdate(SystemState&)
Opencraft.Player.SamplePlayerInput:__codegen__OnUpdate(IntPtr, IntPtr)

Linking player entity Entity(163:1) to 88@LOCALPLAYER
Player simulation searching for path from float3(0.5f, 4.100001f, 0.5f) = int3(0, 4, 0) to int3(-3, 5, 4)
Player simulation could not find a path from int3(0, 4, 0) to int3(-3, 5, 4), will choose new target
Player simulation searching for path from float3(0.5f, 4.100001f, 0.5f) = int3(0, 4, 0) to int3(1, 5, 4)
Player simulation could not find a path from int3(0, 4, 0) to int3(1, 5, 4), will choose new target
Player simulation searching for path from float3(0.5f, 4.100001f, 0.5f) = int3(0, 4, 0) to int3(-9, 5, -3)
Player simulation could not find a path from int3(0, 4, 0) to int3(-9, 5, -3), will choose new target
Player simulation searching for path from float3(0.5f, 4.100001f, 0.5f) = int3(0, 4, 0) to int3(-1, 5, -9)
Player simulation could not find a path from int3(0, 4, 0) to int3(-1, 5, -9), will choose new target
Player simulation searching for path from float3(0.5f, 4.100001f, 0.5f) = int3(0, 4, 0) to int3(-10, 5, -11)
Player simulation could not find a path from int3(0, 4, 0) to int3(-10, 5, -11), will choose new target
Player simulation searching for path from float3(0.5f, 4.100001f, 0.5f) = int3(0, 4, 0) to int3(7, 5, 7)
Player simulation could not find a path from int3(0, 4, 0) to int3(7, 5, 7), will choose new target
Player simulation searching for path from float3(0.5f, 4.100001f, 0.5f) = int3(0, 4, 0) to int3(-7, 5, -1)
Player simulation could not find a path from int3(0, 4, 0) to int3(-7, 5, -1), will choose new target
Player simulation searching for path from float3(0.5f, 4.100001f, 0.5f) = int3(0, 4, 0) to int3(12, 5, -4)
Player simulation could not find a path from int3(0, 4, 0) to int3(12, 5, -4), will choose new target
Player simulation searching for path from float3(0.5f, 4.100001f, 0.5f) = int3(0, 4, 0) to int3(-10, 5, -6)
Player simulation could not find a path from int3(0, 4, 0) to int3(-10, 5, -6), will choose new target
ClientWorld player simulation could not find a path in 9 attempts, waiting to try again
Player simulation searching for path from float3(0.5f, 5.1f, 0.5f) = int3(0, 5, 0) to int3(-6, 5, -6)
ClientWorld player simulation set new target int3(-6, 5, -6)
ClientWorld player simulation reached target int3(-6, 5, -6)
Player simulation searching for path from float3(-5.48f, 5.1f, -5.338f) = int3(-6, 5, -6) to int3(-4, 5, -1)
ClientWorld player simulation set new target int3(-4, 5, -1)
ClientWorld player simulation reached target int3(-4, 5, -1)
Player simulation searching for path from float3(-3.531f, 5.1f, -0.656f) = int3(-4, 5, -1) to int3(13, 5, -4)
ClientWorld player simulation set new target int3(13, 5, -4)
ClientWorld player simulation reached target int3(13, 5, -4)
Player simulation searching for path from float3(13.373f, 5.1f, -3.518f) = int3(13, 5, -4) to int3(-6, 5, 1)
ClientWorld player simulation set new target int3(-6, 5, 1)
ClientWorld player simulation reached target int3(-6, 5, 1)
Player simulation searching for path from float3(-5.476f, 5.1f, 1.379f) = int3(-6, 5, 1) to int3(2, 5, -15)
ClientWorld player simulation set new target int3(2, 5, -15)
ClientWorld player simulation reached target int3(2, 5, -15)
Player simulation searching for path from float3(2.347421f, 5.1f, -14.496f) = int3(2, 5, -15) to int3(-6, 5, -1)
ClientWorld player simulation set new target int3(-6, 5, -1)
ClientWorld player simulation reached target int3(-6, 5, -1)
Player simulation searching for path from float3(-5.597422f, 5.1f, -0.5635787f) = int3(-6, 5, -1) to int3(6, 5, -14)
ClientWorld player simulation set new target int3(6, 5, -14)
ClientWorld player simulation reached target int3(6, 5, -14)
Player simulation searching for path from float3(6.344579f, 5.1f, -13.35442f) = int3(6, 5, -14) to int3(-9, 5, -1)
ClientWorld player simulation set new target int3(-9, 5, -1)
ClientWorld player simulation reached target int3(-9, 5, -1)
Player simulation searching for path from float3(-8.488289f, 5.1f, -0.6122893f) = int3(-9, 5, -1) to int3(8, 5, -9)
ClientWorld player simulation set new target int3(8, 5, -9)
ClientWorld player simulation reached target int3(8, 5, -9)
Player simulation searching for path from float3(8.308423f, 5.1f, -8.487f) = int3(8, 5, -9) to int3(-12, 5, 0)
ClientWorld player simulation set new target int3(-12, 5, 0)
ClientWorld player simulation reached target int3(-12, 5, 0)
Player simulation searching for path from float3(-11.37758f, 5.1f, 0.3024214f) = int3(-12, 5, 0) to int3(-2, 5, -14)
ClientWorld player simulation set new target int3(-2, 5, -14)
ClientWorld player simulation reached target int3(-2, 5, -14)
Player simulation searching for path from float3(-1.65f, 5.1f, -13.49f) = int3(-2, 5, -14) to int3(-10, 5, 12)
ClientWorld player simulation set new target int3(-10, 5, 12)
ClientWorld player simulation reached target int3(-10, 5, 12)
Player simulation searching for path from float3(-9.491f, 5.1f, 12.30942f) = int3(-10, 5, 12) to int3(-5, 5, -7)
ClientWorld player simulation set new target int3(-5, 5, -7)
ClientWorld player simulation reached target int3(-5, 5, -7)
Player simulation searching for path from float3(-4.649868f, 5.1f, -6.49029f) = int3(-5, 5, -7) to int3(5, 5, -5)
ClientWorld player simulation set new target int3(5, 5, -5)
ClientWorld player simulation reached target int3(5, 5, -5)
Player simulation searching for path from float3(5.356579f, 5.1f, -4.558158f) = int3(5, 5, -5) to int3(1, 5, -1)
ClientWorld player simulation set new target int3(1, 5, -1)
ClientWorld player simulation reached target int3(1, 5, -1)
Player simulation searching for path from float3(1.531f, 5.1f, -0.6149999f) = int3(1, 5, -1) to int3(-7, 5, 15)
ClientWorld player simulation set new target int3(-7, 5, 15)
ClientWorld player simulation reached target int3(-7, 5, 15)
Player simulation searching for path from float3(-6.491711f, 5.1f, 15.38656f) = int3(-7, 5, 15) to int3(2, 5, 5)
ClientWorld player simulation set new target int3(2, 5, 5)
ClientWorld player simulation reached target int3(2, 5, 5)
Player simulation searching for path from float3(2.333843f, 5.1f, 5.509f) = int3(2, 5, 5) to int3(5, 5, -12)
ClientWorld player simulation set new target int3(5, 5, -12)
ClientWorld player simulation reached target int3(5, 5, -12)
Player simulation searching for path from float3(5.584132f, 5.1f, -11.36656f) = int3(5, 5, -12) to int3(-15, 5, -6)
ClientWorld player simulation set new target int3(-15, 5, -6)
ClientWorld player simulation reached target int3(-15, 5, -6)
Player simulation searching for path from float3(-14.412f, 5.1f, -5.692f) = int3(-15, 5, -6) to int3(-5, 5, 0)
ClientWorld player simulation set new target int3(-5, 5, 0)
ClientWorld player simulation reached target int3(-5, 5, 0)
Player simulation searching for path from float3(-4.472f, 5.1f, 0.346f) = int3(-5, 5, 0) to int3(15, 5, 12)
ClientWorld player simulation set new target int3(15, 5, 12)
ClientWorld player simulation reached target int3(15, 5, 12)
Player simulation searching for path from float3(15.51129f, 5.1f, 12.35713f) = int3(15, 5, 12) to int3(-11, 5, -15)
ClientWorld player simulation set new target int3(-11, 5, -15)
ClientWorld player simulation reached target int3(-11, 5, -15)
Player simulation searching for path from float3(-10.45813f, 5.1f, -14.32287f) = int3(-11, 5, -15) to int3(-4, 5, -3)
ClientWorld player simulation set new target int3(-4, 5, -3)
ClientWorld player simulation reached target int3(-4, 5, -3)
Player simulation searching for path from float3(-3.695711f, 5.1f, -2.50429f) = int3(-4, 5, -3) to int3(13, 5, -8)
ClientWorld player simulation set new target int3(13, 5, -8)
ClientWorld player simulation reached target int3(13, 5, -8)
Player simulation searching for path from float3(13.535f, 5.1f, -7.364f) = int3(13, 5, -8) to int3(-6, 5, -8)
ClientWorld player simulation set new target int3(-6, 5, -8)
ClientWorld player simulation reached target int3(-6, 5, -8)
Player simulation searching for path from float3(-5.345975f, 5.1f, -7.36429f) = int3(-6, 5, -8) to int3(13, 5, -11)
ClientWorld player simulation set new target int3(13, 5, -11)
ClientWorld player simulation reached target int3(13, 5, -11)
Player simulation searching for path from float3(13.45813f, 5.1f, -10.49271f) = int3(13, 5, -11) to int3(5, 5, 14)
ClientWorld player simulation set new target int3(5, 5, 14)
ClientWorld player simulation reached target int3(5, 5, 14)
Player simulation searching for path from float3(5.554421f, 5.1f, 14.32842f) = int3(5, 5, 14) to int3(-15, 5, 9)
ClientWorld player simulation set new target int3(-15, 5, 9)
ClientWorld player simulation reached target int3(-15, 5, 9)
Player simulation searching for path from float3(-14.34427f, 5.1f, 9.587845f) = int3(-15, 5, 9) to int3(-9, 5, 11)
ClientWorld player simulation set new target int3(-9, 5, 11)
ClientWorld player simulation reached target int3(-9, 5, 11)
Player simulation searching for path from float3(-8.655578f, 5.1f, 11.44858f) = int3(-9, 5, 11) to int3(11, 5, 6)
ClientWorld player simulation set new target int3(11, 5, 6)
ClientWorld player simulation reached target int3(11, 5, 6)
Player simulation searching for path from float3(11.308f, 5.1f, 6.38f) = int3(11, 5, 6) to int3(-3, 5, -13)
ClientWorld player simulation set new target int3(-3, 5, -13)
ClientWorld player simulation reached target int3(-3, 5, -13)
Player simulation searching for path from float3(-2.446975f, 5.1f, -12.51587f) = int3(-3, 5, -13) to int3(13, 5, -11)
ClientWorld player simulation set new target int3(13, 5, -11)
ClientWorld player simulation reached target int3(13, 5, -11)
Player simulation searching for path from float3(13.431f, 5.1f, -10.514f) = int3(13, 5, -11) to int3(5, 5, 14)
ClientWorld player simulation set new target int3(5, 5, 14)
ClientWorld player simulation reached target int3(5, 5, 14)
Player simulation searching for path from float3(5.474f, 5.1f, 14.39642f) = int3(5, 5, 14) to int3(-15, 5, 9)
ClientWorld player simulation set new target int3(-15, 5, 9)
ClientWorld player simulation reached target int3(-15, 5, 9)
Player simulation searching for path from float3(-14.60513f, 5.1f, 9.366289f) = int3(-15, 5, 9) to int3(-9, 5, 11)
ClientWorld player simulation set new target int3(-9, 5, 11)
ClientWorld player simulation reached target int3(-9, 5, 11)
Player simulation searching for path from float3(-8.414156f, 5.1f, 11.32142f) = int3(-9, 5, 11) to int3(11, 5, 6)
ClientWorld player simulation set new target int3(11, 5, 6)
ClientWorld player simulation reached target int3(11, 5, 6)
Player simulation searching for path from float3(11.33498f, 5.1f, 6.510132f) = int3(11, 5, 6) to int3(-3, 5, -13)
ClientWorld player simulation set new target int3(-3, 5, -13)
ClientWorld player simulation reached target int3(-3, 5, -13)
Player simulation searching for path from float3(-2.312975f, 5.1f, -12.59329f) = int3(-3, 5, -13) to int3(13, 5, -11)
ClientWorld player simulation set new target int3(13, 5, -11)
ClientWorld player simulation reached target int3(13, 5, -11)
Player simulation searching for path from float3(13.41285f, 5.1f, -10.525f) = int3(13, 5, -11) to int3(5, 5, 14)
ClientWorld player simulation set new target int3(5, 5, 14)
ClientWorld player simulation reached target int3(5, 5, 14)
Player simulation searching for path from float3(5.497422f, 5.1f, 14.33784f) = int3(5, 5, 14) to int3(-15, 5, 9)
ClientWorld player simulation set new target int3(-15, 5, 9)
ClientWorld player simulation reached target int3(-15, 5, 9)
Player simulation searching for path from float3(-14.33013f, 5.1f, 9.490867f) = int3(-15, 5, 9) to int3(-9, 5, 11)
ClientWorld player simulation set new target int3(-9, 5, 11)
ClientWorld player simulation reached target int3(-9, 5, 11)
Player simulation searching for path from float3(-8.662001f, 5.1f, 11.458f) = int3(-9, 5, 11) to int3(11, 5, 6)
ClientWorld player simulation set new target int3(11, 5, 6)
ClientWorld player simulation reached target int3(11, 5, 6)
Player simulation searching for path from float3(11.32185f, 5.1f, 6.364158f) = int3(11, 5, 6) to int3(-3, 5, -13)
ClientWorld player simulation set new target int3(-3, 5, -13)
ClientWorld player simulation reached target int3(-3, 5, -13)
Player simulation searching for path from float3(-2.309f, 5.1f, -12.53f) = int3(-3, 5, -13) to int3(13, 5, -11)
ClientWorld player simulation set new target int3(13, 5, -11)
ClientWorld player simulation reached target int3(13, 5, -11)
Player simulation searching for path from float3(13.36271f, 5.1f, -10.61771f) = int3(13, 5, -11) to int3(5, 5, 14)
ClientWorld player simulation set new target int3(5, 5, 14)
ClientWorld player simulation reached target int3(5, 5, 14)
Player simulation searching for path from float3(5.673843f, 5.1f, 14.43484f) = int3(5, 5, 14) to int3(-15, 5, 9)
ClientWorld player simulation set new target int3(-15, 5, 9)
ClientWorld player simulation reached target int3(-15, 5, 9)
Player simulation searching for path from float3(-14.34342f, 5.1f, 9.404578f) = int3(-15, 5, 9) to int3(-9, 5, 11)
ClientWorld player simulation set new target int3(-9, 5, 11)
ClientWorld player simulation reached target int3(-9, 5, 11)
Player simulation searching for path from float3(-8.459001f, 5.1f, 11.472f) = int3(-9, 5, 11) to int3(11, 5, 6)
ClientWorld player simulation set new target int3(11, 5, 6)
ClientWorld player simulation reached target int3(11, 5, 6)
Player simulation searching for path from float3(11.31985f, 5.1f, 6.672843f) = int3(11, 5, 6) to int3(-3, 5, -13)
ClientWorld player simulation set new target int3(-3, 5, -13)
ClientWorld player simulation reached target int3(-3, 5, -13)
Player simulation searching for path from float3(-2.341f, 5.1f, -12.672f) = int3(-3, 5, -13) to int3(13, 5, -11)
ClientWorld player simulation set new target int3(13, 5, -11)
ClientWorld player simulation reached target int3(13, 5, -11)
Player simulation searching for path from float3(13.31142f, 5.1f, -10.475f) = int3(13, 5, -11) to int3(5, 5, 14)
ClientWorld player simulation set new target int3(5, 5, 14)
ClientWorld player simulation reached target int3(5, 5, 14)
Player simulation searching for path from float3(5.510711f, 5.1f, 14.39413f) = int3(5, 5, 14) to int3(-15, 5, 9)
ClientWorld player simulation set new target int3(-15, 5, 9)
ClientWorld player simulation reached target int3(-15, 5, 9)
Player simulation searching for path from float3(-14.64485f, 5.1f, 9.461156f) = int3(-15, 5, 9) to int3(-9, 5, 11)
ClientWorld player simulation set new target int3(-9, 5, 11)
ClientWorld player simulation reached target int3(-9, 5, 11)
Player simulation searching for path from float3(-8.666f, 5.1f, 11.446f) = int3(-9, 5, 11) to int3(11, 5, 6)
ClientWorld player simulation set new target int3(11, 5, 6)
ClientWorld player simulation reached target int3(11, 5, 6)
Player simulation searching for path from float3(11.46385f, 5.1f, 6.675843f) = int3(11, 5, 6) to int3(-3, 5, -13)
ClientWorld player simulation set new target int3(-3, 5, -13)
ClientWorld player simulation reached target int3(-3, 5, -13)
Player simulation searching for path from float3(-2.313f, 5.1f, -12.658f) = int3(-3, 5, -13) to int3(13, 5, -11)
ClientWorld player simulation set new target int3(13, 5, -11)
ClientWorld player simulation reached target int3(13, 5, -11)
Player simulation searching for path from float3(13.33998f, 5.1f, -10.47371f) = int3(13, 5, -11) to int3(5, 5, 14)
ClientWorld player simulation set new target int3(5, 5, 14)
ClientWorld player simulation reached target int3(5, 5, 14)
Player simulation searching for path from float3(5.471f, 5.1f, 14.34442f) = int3(5, 5, 14) to int3(-15, 5, 9)
ClientWorld player simulation set new target int3(-15, 5, 9)
ClientWorld player simulation reached target int3(-15, 5, 9)
Player simulation searching for path from float3(-14.32111f, 5.1f, 9.577423f) = int3(-15, 5, 9) to int3(-9, 5, 11)
ClientWorld player simulation set new target int3(-9, 5, 11)
ClientWorld player simulation reached target int3(-9, 5, 11)
Player simulation searching for path from float3(-8.467f, 5.1f, 11.338f) = int3(-9, 5, 11) to int3(11, 5, 6)
ClientWorld player simulation set new target int3(11, 5, 6)
ClientWorld player simulation reached target int3(11, 5, 6)
Player simulation searching for path from float3(11.39927f, 5.1f, 6.567843f) = int3(11, 5, 6) to int3(-3, 5, -13)
ClientWorld player simulation set new target int3(-3, 5, -13)
ClientWorld player simulation reached target int3(-3, 5, -13)
Player simulation searching for path from float3(-2.414264f, 5.1f, -12.46442f) = int3(-3, 5, -13) to int3(13, 5, -11)
ClientWorld player simulation set new target int3(13, 5, -11)
[19:30:10.4241060]:[ClientWorld] Connection disconnected ID:88 Reason:ClosedByRemote
