[UnityMemory] Configuration Parameters - Can be set up in boot.config
    "memorysetup-bucket-allocator-granularity=16"
    "memorysetup-bucket-allocator-bucket-count=8"
    "memorysetup-bucket-allocator-block-size=4194304"
    "memorysetup-bucket-allocator-block-count=1"
    "memorysetup-main-allocator-block-size=16777216"
    "memorysetup-thread-allocator-block-size=16777216"
    "memorysetup-gfx-main-allocator-block-size=16777216"
    "memorysetup-gfx-thread-allocator-block-size=16777216"
    "memorysetup-cache-allocator-block-size=4194304"
    "memorysetup-typetree-allocator-block-size=2097152"
    "memorysetup-profiler-bucket-allocator-granularity=16"
    "memorysetup-profiler-bucket-allocator-bucket-count=8"
    "memorysetup-profiler-bucket-allocator-block-size=4194304"
    "memorysetup-profiler-bucket-allocator-block-count=1"
    "memorysetup-profiler-allocator-block-size=16777216"
    "memorysetup-profiler-editor-allocator-block-size=1048576"
    "memorysetup-temp-allocator-size-main=4194304"
    "memorysetup-job-temp-allocator-block-size=2097152"
    "memorysetup-job-temp-allocator-block-size-background=1048576"
    "memorysetup-job-temp-allocator-reduction-small-platforms=262144"
    "memorysetup-allocator-temp-initial-block-size-main=262144"
    "memorysetup-allocator-temp-initial-block-size-worker=262144"
    "memorysetup-temp-allocator-size-background-worker=32768"
    "memorysetup-temp-allocator-size-job-worker=262144"
    "memorysetup-temp-allocator-size-preload-manager=262144"
    "memorysetup-temp-allocator-size-nav-mesh-worker=65536"
    "memorysetup-temp-allocator-size-audio-worker=65536"
    "memorysetup-temp-allocator-size-cloud-worker=32768"
    "memorysetup-temp-allocator-size-gfx=262144"
Remaining time:29s
Found 2 interfaces on host : 0) 10.141.0.1 1) 10.149.0.1
Player connection [140386526871424] Multi-casting "[IP] 10.141.0.1 [Port] 55000 [Flags] 19 [Guid] 2308300381 [EditorId] 1679853332 [Version] 1048832 [Id] LinuxPlayer(13,10.141.0.1) [Debug] 0 [PackageName] LinuxPlayer [ProjectName] Opencraft" to [225.0.0.222:54997]...

Direct connection to host time out.
Stopping profiler. Profiler is not able to flush data to a file or socket and exceeded maximum allowed memory for buffering.
Please use Profiler.maxUsedMemory API or -profiler-maxusedmemory command line parameter to increase maximum allowed memory usage.
Using 134234112 bytes while Profiler.maxUsedMemory is 134217728 bytes.
Failed to initialize networking layer after 30 seconds, skipping waiting for connection before starting playback.
Preloaded 'lib_burst_generated.so'
Preloaded 'libwebrtc.so'
[Physics::Module] Initialized MultithreadedJobDispatcher with 47 workers.
Initialize engine version: 2022.3.16f1 (d2c21f0ef2f1)
[Subsystems] Discovering subsystems at path /var/scratch/zmr280/opencraft/opencraft_Data/UnitySubsystems
Forcing GfxDevice: Null
GfxDevice: creating device client; threaded=0; jobified=0
NullGfxDevice:
    Version:  NULL 1.0 [1.0]
    Renderer: Null Device
    Vendor:   Unity Technologies
ERROR: Shader Hidden/Universal Render Pipeline/Blit shader is not supported on this GPU (none of subshaders/fallbacks are suitable)
ERROR: Shader Hidden/Universal Render Pipeline/CopyDepth shader is not supported on this GPU (none of subshaders/fallbacks are suitable)
ERROR: Shader Hidden/Universal Render Pipeline/Sampling shader is not supported on this GPU (none of subshaders/fallbacks are suitable)
ERROR: Shader Hidden/Universal Render Pipeline/LutBuilderLdr shader is not supported on this GPU (none of subshaders/fallbacks are suitable)
ERROR: Shader Hidden/Universal Render Pipeline/LutBuilderHdr shader is not supported on this GPU (none of subshaders/fallbacks are suitable)
ERROR: Shader Hidden/Universal Render Pipeline/UberPost shader is not supported on this GPU (none of subshaders/fallbacks are suitable)
ERROR: Shader Hidden/Universal Render Pipeline/Debug/DebugReplacement shader is not supported on this GPU (none of subshaders/fallbacks are suitable)
ERROR: Shader Hidden/Universal/HDRDebugView shader is not supported on this GPU (none of subshaders/fallbacks are suitable)
WARNING: Shader Unsupported: 'Hidden/Universal Render Pipeline/FallbackError' - All subshaders removed
WARNING: Shader Did you use #pragma only_renderers and omit this platform?
WARNING: Shader If subshaders removal was intentional, you may have forgotten turning Fallback off?
ERROR: Shader Hidden/Universal Render Pipeline/FallbackError shader is not supported on this GPU (none of subshaders/fallbacks are suitable)
WARNING: Shader Unsupported: 'Hidden/Universal Render Pipeline/FallbackError' - All subshaders removed
WARNING: Shader Did you use #pragma only_renderers and omit this platform?
WARNING: Shader If subshaders removal was intentional, you may have forgotten turning Fallback off?
WARNING: Shader Unsupported: 'Hidden/Universal Render Pipeline/StencilDeferred' - All subshaders removed
WARNING: Shader Did you use #pragma only_renderers and omit this platform?
WARNING: Shader If subshaders removal was intentional, you may have forgotten turning Fallback off?
ERROR: Shader Hidden/Universal Render Pipeline/StencilDeferred shader is not supported on this GPU (none of subshaders/fallbacks are suitable)
WARNING: Shader Unsupported: 'Hidden/Universal Render Pipeline/StencilDeferred' - All subshaders removed
WARNING: Shader Did you use #pragma only_renderers and omit this platform?
WARNING: Shader If subshaders removal was intentional, you may have forgotten turning Fallback off?
ERROR: Shader Hidden/Universal Render Pipeline/CameraMotionVectors shader is not supported on this GPU (none of subshaders/fallbacks are suitable)
ERROR: Shader Hidden/Universal Render Pipeline/ObjectMotionVectors shader is not supported on this GPU (none of subshaders/fallbacks are suitable)
ERROR: Shader Hidden/Universal Render Pipeline/LensFlareDataDriven shader is not supported on this GPU (none of subshaders/fallbacks are suitable)
ERROR: Shader Hidden/Universal Render Pipeline/ScreenSpaceAmbientOcclusion shader is not supported on this GPU (none of subshaders/fallbacks are suitable)
ERROR: Shader Hidden/Universal Render Pipeline/Stop NaN shader is not supported on this GPU (none of subshaders/fallbacks are suitable)
ERROR: Shader Hidden/Universal Render Pipeline/SubpixelMorphologicalAntialiasing shader is not supported on this GPU (none of subshaders/fallbacks are suitable)
ERROR: Shader Hidden/Universal Render Pipeline/TemporalAA shader is not supported on this GPU (none of subshaders/fallbacks are suitable)
ERROR: Shader Hidden/Universal Render Pipeline/Scaling Setup shader is not supported on this GPU (none of subshaders/fallbacks are suitable)
ERROR: Shader Hidden/Universal Render Pipeline/Edge Adaptive Spatial Upsampling shader is not supported on this GPU (none of subshaders/fallbacks are suitable)
ERROR: Shader Hidden/Universal Render Pipeline/FinalPost shader is not supported on this GPU (none of subshaders/fallbacks are suitable)
ERROR: Shader Sprites/Default shader is not supported on this GPU (none of subshaders/fallbacks are suitable)
ERROR: Shader Sprites/Mask shader is not supported on this GPU (none of subshaders/fallbacks are suitable)
ERROR: Shader GUI/Text Shader shader is not supported on this GPU (none of subshaders/fallbacks are suitable)
UnloadTime: 0.853931 ms
Parsing args: /var/scratch/zmr280/opencraft/opencraft.x86_64, -batchmode, -nographics, -logStats, True, -terrainType, TerrainCircuitry, -statsFile, /var/scratch/zmr280/runs/players_TerrainCircuitry_50p_300s/opencraft_stats/server.csv, -activeLogic, -playType, Server
Setting up worlds with playType Server and streaming role Disabled
Connecting worlds with playType Server and streaming role Disabled
Created listen request for 0.0.0.0:7979
Creating statistics writer!
Initializing multiplay!
Found non-specified codec: VP8 Internal video/VP8 implementation_name=Internal
Found codec: VP9 Profile0
Found codec: VP9 Profile2
Found codec: VP9 Profile1
Found codec: VP9 Profile3
Found codec: AV1 Profile0
Found codec: AV1 Profile1
Could not find H264.High as streaming codec!
Adding terrain areas statistics recorders
Streamed scene with   33ms latency from /var/scratch/zmr280/opencraft/opencraft_Data/StreamingAssets/EntityScenes/bea83102298cfb741939cdba85abe535.0.entities
AutoLoading authoring scene in world ServerWorld
ERROR: Shader Custom/VoxelShader shader is not supported on this GPU (none of subshaders/fallbacks are suitable)
WARNING: Shader Unsupported: 'Hidden/Universal Render Pipeline/FallbackError' - All subshaders removed
WARNING: Shader Did you use #pragma only_renderers and omit this platform?
WARNING: Shader If subshaders removal was intentional, you may have forgotten turning Fallback off?
ERROR: Shader Hidden/Universal Render Pipeline/FallbackError shader is not supported on this GPU (none of subshaders/fallbacks are suitable)
WARNING: Shader Unsupported: 'Hidden/Universal Render Pipeline/FallbackError' - All subshaders removed
WARNING: Shader Did you use #pragma only_renderers and omit this platform?
WARNING: Shader If subshaders removal was intentional, you may have forgotten turning Fallback off?
WARNING: Shader Unsupported: 'Universal Render Pipeline/Lit' - All subshaders removed
WARNING: Shader Did you use #pragma only_renderers and omit this platform?
WARNING: Shader If subshaders removal was intentional, you may have forgotten turning Fallback off?
ERROR: Shader Universal Render Pipeline/Lit shader is not supported on this GPU (none of subshaders/fallbacks are suitable)
WARNING: Shader Unsupported: 'Universal Render Pipeline/Lit' - All subshaders removed
WARNING: Shader Did you use #pragma only_renderers and omit this platform?
WARNING: Shader If subshaders removal was intentional, you may have forgotten turning Fallback off?
WARNING: Shader Unsupported: 'Universal Render Pipeline/Unlit' - All subshaders removed
WARNING: Shader Did you use #pragma only_renderers and omit this platform?
WARNING: Shader If subshaders removal was intentional, you may have forgotten turning Fallback off?
ERROR: Shader Universal Render Pipeline/Unlit shader is not supported on this GPU (none of subshaders/fallbacks are suitable)
WARNING: Shader Unsupported: 'Universal Render Pipeline/Unlit' - All subshaders removed
WARNING: Shader Did you use #pragma only_renderers and omit this platform?
WARNING: Shader If subshaders removal was intentional, you may have forgotten turning Fallback off?
Streamed scene with   39ms latency from /var/scratch/zmr280/opencraft/opencraft_Data/StreamingAssets/EntityScenes/62561c7118c5bbb46929c6bf65331faa.0.entities
Setting player spawn to 0, 44, 0
TerrainLogicSystem Tick 1
[10:28:52.2652460]:[ServerWorld] New connection ID:1
Starting game stream on connection 1!
'Spawning a Ghost '' for user '1' on connection '1'!
[10:28:52.4164220]:[ServerWorld] Connection disconnected ID:0 Reason:ConnectionClose
TerrainLogicSystem Tick 2
[10:28:55.3650180]:[ServerWorld] New connection ID:2
Starting game stream on connection 2!
'Spawning a Ghost '' for user '2' on connection '2'!
[10:28:55.5001840]:[ServerWorld] Connection disconnected ID:0 Reason:ConnectionClose
[10:28:58.2146010]:[ServerWorld] New connection ID:3
Starting game stream on connection 3!
'Spawning a Ghost '' for user '3' on connection '3'!
[10:28:58.3168890]:[ServerWorld] Connection disconnected ID:0 Reason:ConnectionClose
TerrainLogicSystem Tick 3
[10:29:00.9166930]:[ServerWorld] New connection ID:4
Starting game stream on connection 4!
'Spawning a Ghost '' for user '4' on connection '4'!
[10:29:01.0172810]:[ServerWorld] Connection disconnected ID:0 Reason:ConnectionClose
[10:29:03.6506160]:[ServerWorld] New connection ID:5
Starting game stream on connection 5!
'Spawning a Ghost '' for user '5' on connection '5'!
[10:29:03.7838100]:[ServerWorld] Connection disconnected ID:0 Reason:ConnectionClose
TerrainLogicSystem Tick 4
[10:29:07.2324470]:[ServerWorld] New connection ID:6
Starting game stream on connection 6!
'Spawning a Ghost '' for user '6' on connection '6'!
[10:29:07.3523760]:[ServerWorld] Connection disconnected ID:0 Reason:ConnectionClose
TerrainLogicSystem Tick 5
[10:29:09.9846270]:[ServerWorld] New connection ID:7
Starting game stream on connection 7!
'Spawning a Ghost '' for user '7' on connection '7'!
[10:29:10.1369800]:[ServerWorld] Connection disconnected ID:0 Reason:ConnectionClose
[10:29:13.2868410]:[ServerWorld] New connection ID:8
Starting game stream on connection 8!
'Spawning a Ghost '' for user '8' on connection '8'!
[10:29:13.4350270]:[ServerWorld] Connection disconnected ID:0 Reason:ConnectionClose
TerrainLogicSystem Tick 6
[10:29:15.7989140]:[ServerWorld] New connection ID:9
Starting game stream on connection 9!
'Spawning a Ghost '' for user '9' on connection '9'!
[10:29:15.9001940]:[ServerWorld] Connection disconnected ID:0 Reason:ConnectionClose
TerrainLogicSystem Tick 7
[10:29:18.8343640]:[ServerWorld] New connection ID:10
Starting game stream on connection 10!
'Spawning a Ghost '' for user '10' on connection '10'!
[10:29:18.9345990]:[ServerWorld] Connection disconnected ID:0 Reason:ConnectionClose
TerrainLogicSystem Tick 8
[10:29:22.3194710]:[ServerWorld] New connection ID:11
Starting game stream on connection 11!
'Spawning a Ghost '' for user '11' on connection '11'!
[10:29:22.4661540]:[ServerWorld] Connection disconnected ID:0 Reason:ConnectionClose
[10:29:25.0162430]:[ServerWorld] New connection ID:12
Starting game stream on connection 12!
'Spawning a Ghost '' for user '12' on connection '12'!
[10:29:25.1176760]:[ServerWorld] Connection disconnected ID:0 Reason:ConnectionClose
TerrainLogicSystem Tick 9
[10:29:28.1482260]:[ServerWorld] New connection ID:13
Starting game stream on connection 13!
'Spawning a Ghost '' for user '13' on connection '13'!
[10:29:28.2692610]:[ServerWorld] Connection disconnected ID:0 Reason:ConnectionClose
TerrainLogicSystem Tick 10
[10:29:30.7982800]:[ServerWorld] New connection ID:14
Starting game stream on connection 14!
'Spawning a Ghost '' for user '14' on connection '14'!
[10:29:30.9162540]:[ServerWorld] Connection disconnected ID:0 Reason:ConnectionClose
[10:29:34.0663670]:[ServerWorld] New connection ID:15
TerrainLogicSystem Tick 11
Starting game stream on connection 15!
'Spawning a Ghost '' for user '15' on connection '15'!
[10:29:34.1930220]:[ServerWorld] Connection disconnected ID:0 Reason:ConnectionClose
[10:29:37.2506060]:[ServerWorld] New connection ID:16
Starting game stream on connection 16!
'Spawning a Ghost '' for user '16' on connection '16'!
[10:29:37.3675200]:[ServerWorld] Connection disconnected ID:0 Reason:ConnectionClose
TerrainLogicSystem Tick 12
[10:29:39.9659700]:[ServerWorld] New connection ID:17
Starting game stream on connection 17!
'Spawning a Ghost '' for user '17' on connection '17'!
[10:29:40.0648230]:[ServerWorld] Connection disconnected ID:0 Reason:ConnectionClose
TerrainLogicSystem Tick 13
[10:29:43.0486830]:[ServerWorld] New connection ID:18
Starting game stream on connection 18!
'Spawning a Ghost '' for user '18' on connection '18'!
[10:29:43.1649330]:[ServerWorld] Connection disconnected ID:0 Reason:ConnectionClose
TerrainLogicSystem Tick 14
[10:29:46.1834230]:[ServerWorld] New connection ID:19
Starting game stream on connection 19!
'Spawning a Ghost '' for user '19' on connection '19'!
[10:29:46.2831450]:[ServerWorld] Connection disconnected ID:0 Reason:ConnectionClose
[10:29:49.2686830]:[ServerWorld] New connection ID:20
Starting game stream on connection 20!
'Spawning a Ghost '' for user '20' on connection '20'!
[10:29:49.3843650]:[ServerWorld] Connection disconnected ID:0 Reason:ConnectionClose
TerrainLogicSystem Tick 15
[10:29:51.9832570]:[ServerWorld] New connection ID:21
Starting game stream on connection 21!
'Spawning a Ghost '' for user '21' on connection '21'!
[10:29:52.1341240]:[ServerWorld] Connection disconnected ID:0 Reason:ConnectionClose
TerrainLogicSystem Tick 16
[10:29:55.1435250]:[ServerWorld] New connection ID:22
Starting game stream on connection 22!
'Spawning a Ghost '' for user '22' on connection '22'!
[10:29:55.2829860]:[ServerWorld] Connection disconnected ID:0 Reason:ConnectionClose
TerrainLogicSystem Tick 17
[10:29:58.1510800]:[ServerWorld] New connection ID:23
Starting game stream on connection 23!
'Spawning a Ghost '' for user '23' on connection '23'!
[10:29:58.2663220]:[ServerWorld] Connection disconnected ID:0 Reason:ConnectionClose
TerrainLogicSystem Tick 18
[10:30:01.2869560]:[ServerWorld] New connection ID:24
Starting game stream on connection 24!
'Spawning a Ghost '' for user '24' on connection '24'!
[10:30:01.4374700]:[ServerWorld] Connection disconnected ID:0 Reason:ConnectionClose
TerrainLogicSystem Tick 19
[10:30:04.0825140]:[ServerWorld] New connection ID:25
Starting game stream on connection 25!
'Spawning a Ghost '' for user '25' on connection '25'!
[10:30:04.1835910]:[ServerWorld] Connection disconnected ID:0 Reason:ConnectionClose
TerrainLogicSystem Tick 20
[10:30:07.4019860]:[ServerWorld] New connection ID:26
Starting game stream on connection 26!
'Spawning a Ghost '' for user '26' on connection '26'!
[10:30:07.5169660]:[ServerWorld] Connection disconnected ID:0 Reason:ConnectionClose
TerrainLogicSystem Tick 21
[10:30:10.2373960]:[ServerWorld] New connection ID:27
Starting game stream on connection 27!
'Spawning a Ghost '' for user '27' on connection '27'!
[10:30:10.3320310]:[ServerWorld] Connection disconnected ID:0 Reason:ConnectionClose
[10:30:13.1002240]:[ServerWorld] New connection ID:28
TerrainLogicSystem Tick 22
Starting game stream on connection 28!
'Spawning a Ghost '' for user '28' on connection '28'!
[10:30:13.1907360]:[ServerWorld] Connection disconnected ID:0 Reason:ConnectionClose
TerrainLogicSystem Tick 23
[10:30:16.2531020]:[ServerWorld] New connection ID:29
Starting game stream on connection 29!
'Spawning a Ghost '' for user '29' on connection '29'!
[10:30:16.3853830]:[ServerWorld] Connection disconnected ID:0 Reason:ConnectionClose
[10:30:18.9012400]:[ServerWorld] New connection ID:30
Starting game stream on connection 30!
'Spawning a Ghost '' for user '30' on connection '30'!
[10:30:19.0161960]:[ServerWorld] Connection disconnected ID:0 Reason:ConnectionClose
TerrainLogicSystem Tick 24
TerrainLogicSystem Tick 25
[10:30:22.1340160]:[ServerWorld] New connection ID:31
Starting game stream on connection 31!
'Spawning a Ghost '' for user '31' on connection '31'!
[10:30:22.2672580]:[ServerWorld] Connection disconnected ID:0 Reason:ConnectionClose
TerrainLogicSystem Tick 26
[10:30:25.1588830]:[ServerWorld] New connection ID:32
Starting game stream on connection 32!
'Spawning a Ghost '' for user '32' on connection '32'!
[10:30:25.3028460]:[ServerWorld] Connection disconnected ID:0 Reason:ConnectionClose
TerrainLogicSystem Tick 27
[10:30:28.1668190]:[ServerWorld] New connection ID:33
Starting game stream on connection 33!
'Spawning a Ghost '' for user '33' on connection '33'!
[10:30:28.2709750]:[ServerWorld] Connection disconnected ID:0 Reason:ConnectionClose
TerrainLogicSystem Tick 28
[10:30:31.1015940]:[ServerWorld] New connection ID:34
Starting game stream on connection 34!
'Spawning a Ghost '' for user '34' on connection '34'!
[10:30:31.2687210]:[ServerWorld] Connection disconnected ID:0 Reason:ConnectionClose
TerrainLogicSystem Tick 29
[10:30:34.3211680]:[ServerWorld] New connection ID:35
Starting game stream on connection 35!
'Spawning a Ghost '' for user '35' on connection '35'!
[10:30:34.4207590]:[ServerWorld] Connection disconnected ID:0 Reason:ConnectionClose
TerrainLogicSystem Tick 30
[10:30:37.2690870]:[ServerWorld] New connection ID:36
Starting game stream on connection 36!
'Spawning a Ghost '' for user '36' on connection '36'!
[10:30:37.3661260]:[ServerWorld] Connection disconnected ID:0 Reason:ConnectionClose
TerrainLogicSystem Tick 31
[10:30:40.1510260]:[ServerWorld] New connection ID:37
Starting game stream on connection 37!
'Spawning a Ghost '' for user '37' on connection '37'!
[10:30:40.2483920]:[ServerWorld] Connection disconnected ID:0 Reason:ConnectionClose
TerrainLogicSystem Tick 32
TerrainLogicSystem Tick 33
[10:30:43.5958140]:[ServerWorld] New connection ID:38
Starting game stream on connection 38!
'Spawning a Ghost '' for user '38' on connection '38'!
[10:30:43.7188050]:[ServerWorld] Connection disconnected ID:0 Reason:ConnectionClose
TerrainLogicSystem Tick 34
[10:30:45.8849020]:[ServerWorld] New connection ID:39
Starting game stream on connection 39!
'Spawning a Ghost '' for user '39' on connection '39'!
[10:30:45.9854610]:[ServerWorld] Connection disconnected ID:0 Reason:ConnectionClose
TerrainLogicSystem Tick 35
[10:30:49.0029710]:[ServerWorld] New connection ID:40
Starting game stream on connection 40!
'Spawning a Ghost '' for user '40' on connection '40'!
[10:30:49.1025020]:[ServerWorld] Connection disconnected ID:0 Reason:ConnectionClose
TerrainLogicSystem Tick 36
[10:30:52.5808100]:[ServerWorld] New connection ID:41
TerrainLogicSystem Tick 37
Starting game stream on connection 41!
'Spawning a Ghost '' for user '41' on connection '41'!
[10:30:52.6756330]:[ServerWorld] Connection disconnected ID:0 Reason:ConnectionClose
[10:30:54.9683030]:[ServerWorld] New connection ID:42
Starting game stream on connection 42!
'Spawning a Ghost '' for user '42' on connection '42'!
[10:30:55.0693350]:[ServerWorld] Connection disconnected ID:0 Reason:ConnectionClose
TerrainLogicSystem Tick 38
TerrainLogicSystem Tick 39
[10:30:58.3344580]:[ServerWorld] New connection ID:43
Starting game stream on connection 43!
'Spawning a Ghost '' for user '43' on connection '43'!
[10:30:58.4493370]:[ServerWorld] Connection disconnected ID:0 Reason:ConnectionClose
TerrainLogicSystem Tick 40
[10:31:01.2992710]:[ServerWorld] New connection ID:44
Starting game stream on connection 44!
'Spawning a Ghost '' for user '44' on connection '44'!
[10:31:01.4002740]:[ServerWorld] Connection disconnected ID:0 Reason:ConnectionClose
TerrainLogicSystem Tick 41
[10:31:04.3000000]:[ServerWorld] New connection ID:45
Starting game stream on connection 45!
'Spawning a Ghost '' for user '45' on connection '45'!
[10:31:04.4025180]:[ServerWorld] Connection disconnected ID:0 Reason:ConnectionClose
TerrainLogicSystem Tick 42
TerrainLogicSystem Tick 43
[10:31:07.5654970]:[ServerWorld] New connection ID:46
Starting game stream on connection 46!
'Spawning a Ghost '' for user '46' on connection '46'!
[10:31:07.6540210]:[ServerWorld] Connection disconnected ID:0 Reason:ConnectionClose
TerrainLogicSystem Tick 44
[10:31:10.5335640]:[ServerWorld] New connection ID:47
Starting game stream on connection 47!
'Spawning a Ghost '' for user '47' on connection '47'!
[10:31:10.6695750]:[ServerWorld] Connection disconnected ID:0 Reason:ConnectionClose
TerrainLogicSystem Tick 45
[10:31:13.4527220]:[ServerWorld] New connection ID:48
Starting game stream on connection 48!
'Spawning a Ghost '' for user '48' on connection '48'!
[10:31:13.5844080]:[ServerWorld] Connection disconnected ID:0 Reason:ConnectionClose
TerrainLogicSystem Tick 46
[10:31:16.4026650]:[ServerWorld] New connection ID:49
Starting game stream on connection 49!
'Spawning a Ghost '' for user '49' on connection '49'!
[10:31:16.5187920]:[ServerWorld] Connection disconnected ID:0 Reason:ConnectionClose
TerrainLogicSystem Tick 47
TerrainLogicSystem Tick 48
[10:31:19.4194910]:[ServerWorld] New connection ID:50
Starting game stream on connection 50!
'Spawning a Ghost '' for user '50' on connection '50'!
[10:31:19.5568420]:[ServerWorld] Connection disconnected ID:0 Reason:ConnectionClose
TerrainLogicSystem Tick 49
TerrainLogicSystem Tick 50
TerrainLogicSystem Tick 51
TerrainLogicSystem Tick 52
TerrainLogicSystem Tick 53
TerrainLogicSystem Tick 54
TerrainLogicSystem Tick 55
TerrainLogicSystem Tick 56
TerrainLogicSystem Tick 57
TerrainLogicSystem Tick 58
TerrainLogicSystem Tick 59
TerrainLogicSystem Tick 60
TerrainLogicSystem Tick 61
TerrainLogicSystem Tick 62
TerrainLogicSystem Tick 63
TerrainLogicSystem Tick 64
TerrainLogicSystem Tick 65
TerrainLogicSystem Tick 66
TerrainLogicSystem Tick 67
TerrainLogicSystem Tick 68
TerrainLogicSystem Tick 69
TerrainLogicSystem Tick 70
TerrainLogicSystem Tick 71
TerrainLogicSystem Tick 72
TerrainLogicSystem Tick 73
TerrainLogicSystem Tick 74
TerrainLogicSystem Tick 75
TerrainLogicSystem Tick 76
TerrainLogicSystem Tick 77
TerrainLogicSystem Tick 78
TerrainLogicSystem Tick 79
TerrainLogicSystem Tick 80
TerrainLogicSystem Tick 81
TerrainLogicSystem Tick 82
TerrainLogicSystem Tick 83
TerrainLogicSystem Tick 84
TerrainLogicSystem Tick 85
TerrainLogicSystem Tick 86
TerrainLogicSystem Tick 87
TerrainLogicSystem Tick 88
TerrainLogicSystem Tick 89
TerrainLogicSystem Tick 90
TerrainLogicSystem Tick 91
TerrainLogicSystem Tick 92
TerrainLogicSystem Tick 93
TerrainLogicSystem Tick 94
TerrainLogicSystem Tick 95
TerrainLogicSystem Tick 96
TerrainLogicSystem Tick 97
TerrainLogicSystem Tick 98
TerrainLogicSystem Tick 99
TerrainLogicSystem Tick 100
TerrainLogicSystem Tick 101
TerrainLogicSystem Tick 102
TerrainLogicSystem Tick 103
TerrainLogicSystem Tick 104
TerrainLogicSystem Tick 105
TerrainLogicSystem Tick 106
TerrainLogicSystem Tick 107
TerrainLogicSystem Tick 108
TerrainLogicSystem Tick 109
TerrainLogicSystem Tick 110
TerrainLogicSystem Tick 111
TerrainLogicSystem Tick 112
TerrainLogicSystem Tick 113
TerrainLogicSystem Tick 114
TerrainLogicSystem Tick 115
TerrainLogicSystem Tick 116
TerrainLogicSystem Tick 117
TerrainLogicSystem Tick 118
TerrainLogicSystem Tick 119
TerrainLogicSystem Tick 120
TerrainLogicSystem Tick 121
TerrainLogicSystem Tick 122
TerrainLogicSystem Tick 123
TerrainLogicSystem Tick 124
TerrainLogicSystem Tick 125
TerrainLogicSystem Tick 126
TerrainLogicSystem Tick 127
TerrainLogicSystem Tick 128
TerrainLogicSystem Tick 129
TerrainLogicSystem Tick 130
TerrainLogicSystem Tick 131
TerrainLogicSystem Tick 132
TerrainLogicSystem Tick 133
TerrainLogicSystem Tick 134
TerrainLogicSystem Tick 135
TerrainLogicSystem Tick 136
TerrainLogicSystem Tick 137
TerrainLogicSystem Tick 138
TerrainLogicSystem Tick 139
TerrainLogicSystem Tick 140
TerrainLogicSystem Tick 141
TerrainLogicSystem Tick 142
TerrainLogicSystem Tick 143
TerrainLogicSystem Tick 144
TerrainLogicSystem Tick 145
TerrainLogicSystem Tick 146
TerrainLogicSystem Tick 147
TerrainLogicSystem Tick 148
TerrainLogicSystem Tick 149
TerrainLogicSystem Tick 150
TerrainLogicSystem Tick 151
TerrainLogicSystem Tick 152
TerrainLogicSystem Tick 153
TerrainLogicSystem Tick 154
TerrainLogicSystem Tick 155
TerrainLogicSystem Tick 156
TerrainLogicSystem Tick 157
TerrainLogicSystem Tick 158
TerrainLogicSystem Tick 159
TerrainLogicSystem Tick 160
TerrainLogicSystem Tick 161
TerrainLogicSystem Tick 162
TerrainLogicSystem Tick 163
TerrainLogicSystem Tick 164
TerrainLogicSystem Tick 165
TerrainLogicSystem Tick 166
TerrainLogicSystem Tick 167
TerrainLogicSystem Tick 168
TerrainLogicSystem Tick 169
TerrainLogicSystem Tick 170
Caught fatal signal - signo:15 code:0 errno:0 addr:0x15020002c6a8
Obtained 29 stack frames.
#0  0x007fae4785a9c9 in PlayerMain(int, char**)
#1  0x007fae4784f4b7 in (Unknown)
#2  0x007fae455b7c20 in funlockfile
#3  0x007fad6d17ba18 in HashMapHelper_1_TryRemove_mFE9D5B5819E0DE0007C677F7D2E026E7577DFD1F_gshared
#4  0x007fad6b88ae27 in NativeHashSet_1_Remove_mA59F1DB9C71F4E8666722534878F283DAE7D4BCA_gshared
#5  0x007fad69f9fc72 in TerrainToSpawn_OnUpdate_m1C01EDC0C11B3B9CA70D4780D309ED5EDF26E354
#6  0x007fad69f9f054 in TerrainToSpawn___codegen__OnUpdate_m0180EED27562F661C55BEB8CC91E8840068E3576
#7  0x007fad695dedfd in ReversePInvokeWrapper_TerrainToSpawn___codegen__OnUpdate_m0180EED27562F661C55BEB8CC91E8840068E3576
#8  0x007fade5641dc1 in Unity.Entities.WorldUnmanagedImpl+UnmanagedUpdate_00001534$BurstDirectCall, Unity.Entities, Version=0.0.0.0, Culture=neutral, PublicKeyToken=null.Invoke(System.Void*, mscorlib, Version=4.0.0.0, Culture=neutral, PublicKeyToken=b77a5c561934e089 pSystemState) -> System.Void, mscorlib, Version=4.0.0.0, Culture=neutral, PublicKeyToken=b77a5c561934e089_362f43fd44a9be961edc90136d9814c5 from Unity.Entities, Version=0.0.0.0, Culture=neutral, PublicKeyToken=null
#9  0x007fade5640c59 in 7bf3b3dc1c88cb657fd69b548232391d_avx2
#10 0x007fade5f310aa in 7bf3b3dc1c88cb657fd69b548232391d
#11 0x007fad6e1a0ae7 in UnmanagedUpdate_00001534U24BurstDirectCall_Invoke_m55B79C7CC8127CC26C857F8B7EF2D354EBB3ADBC
#12 0x007fad6e19d791 in WorldUnmanagedImpl_UnmanagedUpdate_m679FEB4A8B994B459B1A4ADF7BBC58B8187633B6
#13 0x007fad6e19d4f2 in WorldUnmanagedImpl_UpdateSystem_m542D9AE08601A66843934B06A609FDA778A0670B
#14 0x007fad6e094b53 in ComponentSystemGroup_UpdateAllSystems_m78B1AA9EAF07133497E9BA556B592AC93935441C
#15 0x007fad6e09494b in ComponentSystemGroup_OnUpdate_m83128938DF97469E0D1CB883E5C9000C0C2DA9A7
#16 0x007fad6e2f68af in SystemBase_Update_m795994EE60C054DFA78C313A60ED025B2668C9B4
#17 0x007fad6e2e4c46 in DummyDelegateWrapper_TriggerUpdate_m2C37F16899DE9C87FE35B065E0FF7E410E463FE7
#18 0x007fad6effb620 in UpdateFunction_Invoke_m9BCEE4E5BEE924EB804DA64314B78D0E831C179B
#19 0x007fad69e8b713 in il2cpp::vm::Runtime::InvokeWithThrow(MethodInfo const*, void*, void**)
#20 0x007fad69e8b67b in il2cpp::vm::Runtime::Invoke(MethodInfo const*, void*, void**, Il2CppException**)
#21 0x007fae47793f0b in (Unknown)
#22 0x007fae4779ecd7 in (Unknown)
#23 0x007fae472d22e8 in (Unknown)
#24 0x007fae472d2201 in (Unknown)
#25 0x007fae472d2570 in (Unknown)
#26 0x007fae47851077 in PlayerMain(int, char**)
#27 0x007fae45203493 in __libc_start_main
#28 0x00000000201029 in _start
Setting up 12 worker threads for Enlighten.
Writing stats to file
Calling DomainUnloadOrPlayModeChangeShutdown!
Caught fatal signal - signo:11 code:1 errno:0 addr:0x48
Obtained 25 stack frames.
#0  0x007fae4785a9c9 in PlayerMain(int, char**)
#1  0x007fae4784f4b7 in (Unknown)
#2  0x007fae455b7c20 in funlockfile
#3  0x007fae47212ff3 in (Unknown)
#4  0x007fae47213671 in (Unknown)
#5  0x007fae471f3e7a in (Unknown)
#6  0x007fae47bef42e in PlayerMain(int, char**)
#7  0x007fae46ba1426 in (Unknown)
#8  0x007fad6ef6d7a0 in ContentLoadInterface_ContentFile_UnloadAsync_Injected_mBD2F1D561285B0DE37DCDA4DEA75931201B5E680
#9  0x007fad6ef6cc0f in ContentLoadInterface_ContentFile_UnloadAsync_m197A3C60564D4E9F9049BAD57B46FB404A8F17BD
#10 0x007fad6ef6cab5 in ContentFile_UnloadAsync_mF35518E83FCF4C1701AF2C6CEBF7E507490481D6
#11 0x007fad6e1e49ea in RuntimeContentManager_ReleaseFile_m12EDB377B39EF4D01B3268E711303D79747A4F4C
#12 0x007fad6e1e28dc in RuntimeContentManager_ReleaseObjectImpl_m84E24B7727CAA367D95ABC97FC529A5594840414
#13 0x007fad6e1e0f68 in RuntimeContentManager_Cleanup_m6436DF58ED05204D0A7DFACFB212018BD6B813FD
#14 0x007fad6e1e23b8 in RuntimeContentManager_OnShutdown_m09B1F0AD37BE7168472DDB84F55C43F02CD40113
#15 0x007fad69ce1516 in EventHandler_Invoke_m9D3126CBE291A3E7E7C304094E1DA846832F9B96_Multicast(EventHandler_tC6323FD7E6163F965259C33D72612C0E5B9BAB82*, Il2CppObject*, EventArgs_t37273F03EAC87217701DD431B190FBD84AD7C377*, MethodInfo const*)
#16 0x007fad6d64fcd0 in EventHandler_Invoke_m9D3126CBE291A3E7E7C304094E1DA846832F9B96
#17 0x007fad69e8b713 in il2cpp::vm::Runtime::InvokeWithThrow(MethodInfo const*, void*, void**)
#18 0x007fad69e8b67b in il2cpp::vm::Runtime::Invoke(MethodInfo const*, void*, void**, Il2CppException**)
#19 0x007fad69e8b1bc in il2cpp::vm::Runtime::Shutdown()
#20 0x007fae477a8f56 in (Unknown)
#21 0x007fae472e4658 in (Unknown)
#22 0x007fae47850ee6 in PlayerMain(int, char**)
#23 0x007fae45203493 in __libc_start_main
#24 0x00000000201029 in _start
