[UnityMemory] Configuration Parameters - Can be set up in boot.config
    "memorysetup-bucket-allocator-granularity=16"
    "memorysetup-bucket-allocator-bucket-count=8"
    "memorysetup-bucket-allocator-block-size=4194304"
    "memorysetup-bucket-allocator-block-count=1"
    "memorysetup-main-allocator-block-size=16777216"
    "memorysetup-thread-allocator-block-size=16777216"
    "memorysetup-gfx-main-allocator-block-size=16777216"
    "memorysetup-gfx-thread-allocator-block-size=16777216"
    "memorysetup-cache-allocator-block-size=4194304"
    "memorysetup-typetree-allocator-block-size=2097152"
    "memorysetup-profiler-bucket-allocator-granularity=16"
    "memorysetup-profiler-bucket-allocator-bucket-count=8"
    "memorysetup-profiler-bucket-allocator-block-size=4194304"
    "memorysetup-profiler-bucket-allocator-block-count=1"
    "memorysetup-profiler-allocator-block-size=16777216"
    "memorysetup-profiler-editor-allocator-block-size=1048576"
    "memorysetup-temp-allocator-size-main=4194304"
    "memorysetup-job-temp-allocator-block-size=2097152"
    "memorysetup-job-temp-allocator-block-size-background=1048576"
    "memorysetup-job-temp-allocator-reduction-small-platforms=262144"
    "memorysetup-allocator-temp-initial-block-size-main=262144"
    "memorysetup-allocator-temp-initial-block-size-worker=262144"
    "memorysetup-temp-allocator-size-background-worker=32768"
    "memorysetup-temp-allocator-size-job-worker=262144"
    "memorysetup-temp-allocator-size-preload-manager=262144"
    "memorysetup-temp-allocator-size-nav-mesh-worker=65536"
    "memorysetup-temp-allocator-size-audio-worker=65536"
    "memorysetup-temp-allocator-size-cloud-worker=32768"
    "memorysetup-temp-allocator-size-gfx=262144"
Remaining time:29s
Found 2 interfaces on host : 0) 10.141.0.1 1) 10.149.0.1
Player connection [139715253784448] Multi-casting "[IP] 10.141.0.1 [Port] 55000 [Flags] 19 [Guid] 196216163 [EditorId] 1679853332 [Version] 1048832 [Id] LinuxPlayer(13,10.141.0.1) [Debug] 0 [PackageName] LinuxPlayer [ProjectName] Opencraft" to [225.0.0.222:54997]...

Direct connection to host time out.
Stopping profiler. Profiler is not able to flush data to a file or socket and exceeded maximum allowed memory for buffering.
Please use Profiler.maxUsedMemory API or -profiler-maxusedmemory command line parameter to increase maximum allowed memory usage.
Using 134234112 bytes while Profiler.maxUsedMemory is 134217728 bytes.
Failed to initialize networking layer after 30 seconds, skipping waiting for connection before starting playback.
Preloaded 'lib_burst_generated.so'
Preloaded 'libwebrtc.so'
[Physics::Module] Initialized MultithreadedJobDispatcher with 47 workers.
Initialize engine version: 2022.3.16f1 (d2c21f0ef2f1)
[Subsystems] Discovering subsystems at path /var/scratch/zmr280/opencraft/opencraft_Data/UnitySubsystems
Forcing GfxDevice: Null
GfxDevice: creating device client; threaded=0; jobified=0
NullGfxDevice:
    Version:  NULL 1.0 [1.0]
    Renderer: Null Device
    Vendor:   Unity Technologies
ERROR: Shader Hidden/Universal Render Pipeline/Blit shader is not supported on this GPU (none of subshaders/fallbacks are suitable)
ERROR: Shader Hidden/Universal Render Pipeline/CopyDepth shader is not supported on this GPU (none of subshaders/fallbacks are suitable)
ERROR: Shader Hidden/Universal Render Pipeline/Sampling shader is not supported on this GPU (none of subshaders/fallbacks are suitable)
ERROR: Shader Hidden/Universal Render Pipeline/LutBuilderLdr shader is not supported on this GPU (none of subshaders/fallbacks are suitable)
ERROR: Shader Hidden/Universal Render Pipeline/LutBuilderHdr shader is not supported on this GPU (none of subshaders/fallbacks are suitable)
ERROR: Shader Hidden/Universal Render Pipeline/UberPost shader is not supported on this GPU (none of subshaders/fallbacks are suitable)
ERROR: Shader Hidden/Universal Render Pipeline/Debug/DebugReplacement shader is not supported on this GPU (none of subshaders/fallbacks are suitable)
ERROR: Shader Hidden/Universal/HDRDebugView shader is not supported on this GPU (none of subshaders/fallbacks are suitable)
WARNING: Shader Unsupported: 'Hidden/Universal Render Pipeline/FallbackError' - All subshaders removed
WARNING: Shader Did you use #pragma only_renderers and omit this platform?
WARNING: Shader If subshaders removal was intentional, you may have forgotten turning Fallback off?
ERROR: Shader Hidden/Universal Render Pipeline/FallbackError shader is not supported on this GPU (none of subshaders/fallbacks are suitable)
WARNING: Shader Unsupported: 'Hidden/Universal Render Pipeline/FallbackError' - All subshaders removed
WARNING: Shader Did you use #pragma only_renderers and omit this platform?
WARNING: Shader If subshaders removal was intentional, you may have forgotten turning Fallback off?
WARNING: Shader Unsupported: 'Hidden/Universal Render Pipeline/StencilDeferred' - All subshaders removed
WARNING: Shader Did you use #pragma only_renderers and omit this platform?
WARNING: Shader If subshaders removal was intentional, you may have forgotten turning Fallback off?
ERROR: Shader Hidden/Universal Render Pipeline/StencilDeferred shader is not supported on this GPU (none of subshaders/fallbacks are suitable)
WARNING: Shader Unsupported: 'Hidden/Universal Render Pipeline/StencilDeferred' - All subshaders removed
WARNING: Shader Did you use #pragma only_renderers and omit this platform?
WARNING: Shader If subshaders removal was intentional, you may have forgotten turning Fallback off?
ERROR: Shader Hidden/Universal Render Pipeline/CameraMotionVectors shader is not supported on this GPU (none of subshaders/fallbacks are suitable)
ERROR: Shader Hidden/Universal Render Pipeline/ObjectMotionVectors shader is not supported on this GPU (none of subshaders/fallbacks are suitable)
ERROR: Shader Hidden/Universal Render Pipeline/LensFlareDataDriven shader is not supported on this GPU (none of subshaders/fallbacks are suitable)
ERROR: Shader Hidden/Universal Render Pipeline/ScreenSpaceAmbientOcclusion shader is not supported on this GPU (none of subshaders/fallbacks are suitable)
ERROR: Shader Hidden/Universal Render Pipeline/Stop NaN shader is not supported on this GPU (none of subshaders/fallbacks are suitable)
ERROR: Shader Hidden/Universal Render Pipeline/SubpixelMorphologicalAntialiasing shader is not supported on this GPU (none of subshaders/fallbacks are suitable)
ERROR: Shader Hidden/Universal Render Pipeline/TemporalAA shader is not supported on this GPU (none of subshaders/fallbacks are suitable)
ERROR: Shader Hidden/Universal Render Pipeline/Scaling Setup shader is not supported on this GPU (none of subshaders/fallbacks are suitable)
ERROR: Shader Hidden/Universal Render Pipeline/Edge Adaptive Spatial Upsampling shader is not supported on this GPU (none of subshaders/fallbacks are suitable)
ERROR: Shader Hidden/Universal Render Pipeline/FinalPost shader is not supported on this GPU (none of subshaders/fallbacks are suitable)
ERROR: Shader Sprites/Default shader is not supported on this GPU (none of subshaders/fallbacks are suitable)
ERROR: Shader Sprites/Mask shader is not supported on this GPU (none of subshaders/fallbacks are suitable)
ERROR: Shader GUI/Text Shader shader is not supported on this GPU (none of subshaders/fallbacks are suitable)
UnloadTime: 0.894788 ms
Parsing args: /var/scratch/zmr280/opencraft/opencraft.x86_64, -batchmode, -nographics, -logStats, True, -terrainType, TerrainCircuitry, -statsFile, /var/scratch/zmr280/runs/players_TerrainCircuitry_90p_300s/opencraft_stats/server.csv, -activeLogic, -playType, Server
Setting up worlds with playType Server and streaming role Disabled
Connecting worlds with playType Server and streaming role Disabled
Created listen request for 0.0.0.0:7979
Creating statistics writer!
Initializing multiplay!
Found non-specified codec: VP8 Internal video/VP8 implementation_name=Internal
Found codec: VP9 Profile0
Found codec: VP9 Profile2
Found codec: VP9 Profile1
Found codec: VP9 Profile3
Found codec: AV1 Profile0
Found codec: AV1 Profile1
Could not find H264.High as streaming codec!
Adding terrain areas statistics recorders
Streamed scene with   34ms latency from /var/scratch/zmr280/opencraft/opencraft_Data/StreamingAssets/EntityScenes/bea83102298cfb741939cdba85abe535.0.entities
AutoLoading authoring scene in world ServerWorld
ERROR: Shader Custom/VoxelShader shader is not supported on this GPU (none of subshaders/fallbacks are suitable)
WARNING: Shader Unsupported: 'Hidden/Universal Render Pipeline/FallbackError' - All subshaders removed
WARNING: Shader Did you use #pragma only_renderers and omit this platform?
WARNING: Shader If subshaders removal was intentional, you may have forgotten turning Fallback off?
ERROR: Shader Hidden/Universal Render Pipeline/FallbackError shader is not supported on this GPU (none of subshaders/fallbacks are suitable)
WARNING: Shader Unsupported: 'Hidden/Universal Render Pipeline/FallbackError' - All subshaders removed
WARNING: Shader Did you use #pragma only_renderers and omit this platform?
WARNING: Shader If subshaders removal was intentional, you may have forgotten turning Fallback off?
WARNING: Shader Unsupported: 'Universal Render Pipeline/Lit' - All subshaders removed
WARNING: Shader Did you use #pragma only_renderers and omit this platform?
WARNING: Shader If subshaders removal was intentional, you may have forgotten turning Fallback off?
ERROR: Shader Universal Render Pipeline/Lit shader is not supported on this GPU (none of subshaders/fallbacks are suitable)
WARNING: Shader Unsupported: 'Universal Render Pipeline/Lit' - All subshaders removed
WARNING: Shader Did you use #pragma only_renderers and omit this platform?
WARNING: Shader If subshaders removal was intentional, you may have forgotten turning Fallback off?
WARNING: Shader Unsupported: 'Universal Render Pipeline/Unlit' - All subshaders removed
WARNING: Shader Did you use #pragma only_renderers and omit this platform?
WARNING: Shader If subshaders removal was intentional, you may have forgotten turning Fallback off?
ERROR: Shader Universal Render Pipeline/Unlit shader is not supported on this GPU (none of subshaders/fallbacks are suitable)
WARNING: Shader Unsupported: 'Universal Render Pipeline/Unlit' - All subshaders removed
WARNING: Shader Did you use #pragma only_renderers and omit this platform?
WARNING: Shader If subshaders removal was intentional, you may have forgotten turning Fallback off?
Streamed scene with   46ms latency from /var/scratch/zmr280/opencraft/opencraft_Data/StreamingAssets/EntityScenes/62561c7118c5bbb46929c6bf65331faa.0.entities
Setting player spawn to 0, 44, 0
TerrainLogicSystem Tick 1
[11:08:10.3832360]:[ServerWorld] New connection ID:1
TerrainLogicSystem Tick 2
Starting game stream on connection 1!
'Spawning a Ghost '' for user '1' on connection '1'!
[11:08:10.5967370]:[ServerWorld] Connection disconnected ID:0 Reason:ConnectionClose
[11:08:13.2330660]:[ServerWorld] New connection ID:2
Starting game stream on connection 2!
'Spawning a Ghost '' for user '2' on connection '2'!
[11:08:13.4659310]:[ServerWorld] Connection disconnected ID:0 Reason:ConnectionClose
TerrainLogicSystem Tick 3
[11:08:16.0958020]:[ServerWorld] New connection ID:3
Starting game stream on connection 3!
'Spawning a Ghost '' for user '3' on connection '3'!
[11:08:16.2954780]:[ServerWorld] Connection disconnected ID:0 Reason:ConnectionClose
[11:08:20.4311140]:[ServerWorld] New connection ID:4
Starting game stream on connection 4!
'Spawning a Ghost '' for user '4' on connection '4'!
[11:08:20.6984710]:[ServerWorld] Connection disconnected ID:0 Reason:ConnectionClose
TerrainLogicSystem Tick 4
[11:08:23.6310140]:[ServerWorld] New connection ID:5
Starting game stream on connection 5!
'Spawning a Ghost '' for user '5' on connection '5'!
[11:08:23.9459670]:[ServerWorld] Connection disconnected ID:0 Reason:ConnectionClose
TerrainLogicSystem Tick 5
[11:08:26.2305890]:[ServerWorld] New connection ID:6
Starting game stream on connection 6!
'Spawning a Ghost '' for user '6' on connection '6'!
[11:08:26.4630410]:[ServerWorld] Connection disconnected ID:0 Reason:ConnectionClose
[11:08:30.1806960]:[ServerWorld] New connection ID:7
TerrainLogicSystem Tick 6
Starting game stream on connection 7!
'Spawning a Ghost '' for user '7' on connection '7'!
[11:08:30.4257850]:[ServerWorld] Connection disconnected ID:0 Reason:ConnectionClose
[11:08:32.6133630]:[ServerWorld] New connection ID:8
Starting game stream on connection 8!
'Spawning a Ghost '' for user '8' on connection '8'!
[11:08:32.8639180]:[ServerWorld] Connection disconnected ID:0 Reason:ConnectionClose
TerrainLogicSystem Tick 7
[11:08:35.0455380]:[ServerWorld] New connection ID:9
Starting game stream on connection 9!
'Spawning a Ghost '' for user '9' on connection '9'!
[11:08:35.3452720]:[ServerWorld] Connection disconnected ID:0 Reason:ConnectionClose
[11:08:37.7968920]:[ServerWorld] New connection ID:10
Starting game stream on connection 10!
'Spawning a Ghost '' for user '10' on connection '10'!
[11:08:38.0122210]:[ServerWorld] Connection disconnected ID:0 Reason:ConnectionClose
TerrainLogicSystem Tick 8
[11:08:40.5646350]:[ServerWorld] New connection ID:11
Starting game stream on connection 11!
'Spawning a Ghost '' for user '11' on connection '11'!
[11:08:40.8157550]:[ServerWorld] Connection disconnected ID:0 Reason:ConnectionClose
TerrainLogicSystem Tick 9
[11:08:43.7969260]:[ServerWorld] New connection ID:12
Starting game stream on connection 12!
'Spawning a Ghost '' for user '12' on connection '12'!
[11:08:43.9988830]:[ServerWorld] Connection disconnected ID:0 Reason:ConnectionClose
[11:08:46.5629730]:[ServerWorld] New connection ID:13
Starting game stream on connection 13!
'Spawning a Ghost '' for user '13' on connection '13'!
[11:08:46.8793570]:[ServerWorld] Connection disconnected ID:0 Reason:ConnectionClose
TerrainLogicSystem Tick 10
[11:08:50.3643730]:[ServerWorld] New connection ID:14
Starting game stream on connection 14!
'Spawning a Ghost '' for user '14' on connection '14'!
[11:08:50.6133710]:[ServerWorld] Connection disconnected ID:0 Reason:ConnectionClose
TerrainLogicSystem Tick 11
[11:08:53.2640960]:[ServerWorld] New connection ID:15
Starting game stream on connection 15!
'Spawning a Ghost '' for user '15' on connection '15'!
[11:08:53.4823780]:[ServerWorld] Connection disconnected ID:0 Reason:ConnectionClose
TerrainLogicSystem Tick 12
[11:08:56.0185090]:[ServerWorld] New connection ID:16
Starting game stream on connection 16!
'Spawning a Ghost '' for user '16' on connection '16'!
[11:08:56.1658210]:[ServerWorld] Connection disconnected ID:0 Reason:ConnectionClose
TerrainLogicSystem Tick 13
[11:08:59.7461900]:[ServerWorld] New connection ID:17
Starting game stream on connection 17!
'Spawning a Ghost '' for user '17' on connection '17'!
[11:09:00.0800910]:[ServerWorld] Connection disconnected ID:0 Reason:ConnectionClose
[11:09:02.2798970]:[ServerWorld] New connection ID:18
Starting game stream on connection 18!
'Spawning a Ghost '' for user '18' on connection '18'!
[11:09:02.5141740]:[ServerWorld] Connection disconnected ID:0 Reason:ConnectionClose
TerrainLogicSystem Tick 14
[11:09:03.8321900]:[ServerWorld] New connection ID:19
Starting game stream on connection 19!
'Spawning a Ghost '' for user '19' on connection '19'!
[11:09:04.0513990]:[ServerWorld] Connection disconnected ID:0 Reason:ConnectionClose
TerrainLogicSystem Tick 15
[11:09:07.8965970]:[ServerWorld] New connection ID:20
Starting game stream on connection 20!
'Spawning a Ghost '' for user '20' on connection '20'!
[11:09:08.1517430]:[ServerWorld] Connection disconnected ID:0 Reason:ConnectionClose
TerrainLogicSystem Tick 16
[11:09:10.3632870]:[ServerWorld] New connection ID:21
Starting game stream on connection 21!
'Spawning a Ghost '' for user '21' on connection '21'!
[11:09:10.5824050]:[ServerWorld] Connection disconnected ID:0 Reason:ConnectionClose
TerrainLogicSystem Tick 17
[11:09:14.4820150]:[ServerWorld] New connection ID:22
Starting game stream on connection 22!
'Spawning a Ghost '' for user '22' on connection '22'!
[11:09:14.8158940]:[ServerWorld] Connection disconnected ID:0 Reason:ConnectionClose
TerrainLogicSystem Tick 18
[11:09:17.4327130]:[ServerWorld] New connection ID:23
Starting game stream on connection 23!
'Spawning a Ghost '' for user '23' on connection '23'!
[11:09:17.6307110]:[ServerWorld] Connection disconnected ID:0 Reason:ConnectionClose
TerrainLogicSystem Tick 19
[11:09:20.2292230]:[ServerWorld] New connection ID:24
Starting game stream on connection 24!
'Spawning a Ghost '' for user '24' on connection '24'!
[11:09:20.4143680]:[ServerWorld] Connection disconnected ID:0 Reason:ConnectionClose
TerrainLogicSystem Tick 20
[11:09:24.7993400]:[ServerWorld] New connection ID:25
Starting game stream on connection 25!
'Spawning a Ghost '' for user '25' on connection '25'!
[11:09:25.0343810]:[ServerWorld] Connection disconnected ID:0 Reason:ConnectionClose
TerrainLogicSystem Tick 21
[11:09:26.6968210]:[ServerWorld] New connection ID:26
Starting game stream on connection 26!
'Spawning a Ghost '' for user '26' on connection '26'!
[11:09:26.8981390]:[ServerWorld] Connection disconnected ID:0 Reason:ConnectionClose
TerrainLogicSystem Tick 22
[11:09:29.8501270]:[ServerWorld] New connection ID:27
Starting game stream on connection 27!
'Spawning a Ghost '' for user '27' on connection '27'!
[11:09:30.1318360]:[ServerWorld] Connection disconnected ID:0 Reason:ConnectionClose
TerrainLogicSystem Tick 23
[11:09:32.0367340]:[ServerWorld] New connection ID:28
Starting game stream on connection 28!
'Spawning a Ghost '' for user '28' on connection '28'!
[11:09:32.2154670]:[ServerWorld] Connection disconnected ID:0 Reason:ConnectionClose
[11:09:34.9789210]:[ServerWorld] New connection ID:29
Starting game stream on connection 29!
'Spawning a Ghost '' for user '29' on connection '29'!
[11:09:35.2124580]:[ServerWorld] Connection disconnected ID:0 Reason:ConnectionClose
TerrainLogicSystem Tick 24
[11:09:38.3628480]:[ServerWorld] New connection ID:30
TerrainLogicSystem Tick 25
Starting game stream on connection 30!
'Spawning a Ghost '' for user '30' on connection '30'!
[11:09:38.6597670]:[ServerWorld] Connection disconnected ID:0 Reason:ConnectionClose
[11:09:40.6482090]:[ServerWorld] New connection ID:31
Starting game stream on connection 31!
'Spawning a Ghost '' for user '31' on connection '31'!
[11:09:40.8973010]:[ServerWorld] Connection disconnected ID:0 Reason:ConnectionClose
TerrainLogicSystem Tick 26
TerrainLogicSystem Tick 27
[11:09:44.1468600]:[ServerWorld] New connection ID:32
Starting game stream on connection 32!
'Spawning a Ghost '' for user '32' on connection '32'!
[11:09:44.3466460]:[ServerWorld] Connection disconnected ID:0 Reason:ConnectionClose
TerrainLogicSystem Tick 28
[11:09:47.1816720]:[ServerWorld] New connection ID:33
Starting game stream on connection 33!
'Spawning a Ghost '' for user '33' on connection '33'!
[11:09:47.4303380]:[ServerWorld] Connection disconnected ID:0 Reason:ConnectionClose
TerrainLogicSystem Tick 29
[11:09:51.5685480]:[ServerWorld] New connection ID:34
Starting game stream on connection 34!
'Spawning a Ghost '' for user '34' on connection '34'!
[11:09:51.7513880]:[ServerWorld] Connection disconnected ID:0 Reason:ConnectionClose
TerrainLogicSystem Tick 30
[11:09:53.9159960]:[ServerWorld] New connection ID:35
Starting game stream on connection 35!
'Spawning a Ghost '' for user '35' on connection '35'!
[11:09:54.1126410]:[ServerWorld] Connection disconnected ID:0 Reason:ConnectionClose
[11:09:56.0798510]:[ServerWorld] New connection ID:36
Starting game stream on connection 36!
'Spawning a Ghost '' for user '36' on connection '36'!
[11:09:56.2655030]:[ServerWorld] Connection disconnected ID:0 Reason:ConnectionClose
TerrainLogicSystem Tick 31
TerrainLogicSystem Tick 32
[11:09:59.0828310]:[ServerWorld] New connection ID:37
Starting game stream on connection 37!
'Spawning a Ghost '' for user '37' on connection '37'!
[11:09:59.2822690]:[ServerWorld] Connection disconnected ID:0 Reason:ConnectionClose
TerrainLogicSystem Tick 33
[11:10:01.7313350]:[ServerWorld] New connection ID:38
Starting game stream on connection 38!
'Spawning a Ghost '' for user '38' on connection '38'!
[11:10:01.9501470]:[ServerWorld] Connection disconnected ID:0 Reason:ConnectionClose
TerrainLogicSystem Tick 34
[11:10:05.2830130]:[ServerWorld] New connection ID:39
Starting game stream on connection 39!
'Spawning a Ghost '' for user '39' on connection '39'!
[11:10:05.5311030]:[ServerWorld] Connection disconnected ID:0 Reason:ConnectionClose
TerrainLogicSystem Tick 35
[11:10:07.5644640]:[ServerWorld] New connection ID:40
Starting game stream on connection 40!
'Spawning a Ghost '' for user '40' on connection '40'!
[11:10:07.7816430]:[ServerWorld] Connection disconnected ID:0 Reason:ConnectionClose
TerrainLogicSystem Tick 36
[11:10:10.7832950]:[ServerWorld] New connection ID:41
Starting game stream on connection 41!
'Spawning a Ghost '' for user '41' on connection '41'!
[11:10:10.9802810]:[ServerWorld] Connection disconnected ID:0 Reason:ConnectionClose
TerrainLogicSystem Tick 37
TerrainLogicSystem Tick 38
[11:10:15.3624980]:[ServerWorld] New connection ID:42
Starting game stream on connection 42!
'Spawning a Ghost '' for user '42' on connection '42'!
[11:10:15.6922100]:[ServerWorld] Connection disconnected ID:0 Reason:ConnectionClose
TerrainLogicSystem Tick 39
[11:10:17.4000460]:[ServerWorld] New connection ID:43
Starting game stream on connection 43!
'Spawning a Ghost '' for user '43' on connection '43'!
[11:10:17.5989390]:[ServerWorld] Connection disconnected ID:0 Reason:ConnectionClose
TerrainLogicSystem Tick 40
[11:10:21.0658240]:[ServerWorld] New connection ID:44
Starting game stream on connection 44!
'Spawning a Ghost '' for user '44' on connection '44'!
[11:10:21.3159880]:[ServerWorld] Connection disconnected ID:0 Reason:ConnectionClose
TerrainLogicSystem Tick 41
TerrainLogicSystem Tick 42
[11:10:25.1833470]:[ServerWorld] New connection ID:45
Starting game stream on connection 45!
'Spawning a Ghost '' for user '45' on connection '45'!
[11:10:25.4998680]:[ServerWorld] Connection disconnected ID:0 Reason:ConnectionClose
TerrainLogicSystem Tick 43
[11:10:26.0109920]:[ServerWorld] New connection ID:46
Starting game stream on connection 46!
'Spawning a Ghost '' for user '46' on connection '46'!
[11:10:26.2642170]:[ServerWorld] Connection disconnected ID:0 Reason:ConnectionClose
TerrainLogicSystem Tick 44
[11:10:28.4959070]:[ServerWorld] New connection ID:47
Starting game stream on connection 47!
'Spawning a Ghost '' for user '47' on connection '47'!
[11:10:28.7175930]:[ServerWorld] Connection disconnected ID:0 Reason:ConnectionClose
TerrainLogicSystem Tick 45
TerrainLogicSystem Tick 46
[11:10:31.4219810]:[ServerWorld] New connection ID:48
Starting game stream on connection 48!
'Spawning a Ghost '' for user '48' on connection '48'!
[11:10:31.5336840]:[ServerWorld] Connection disconnected ID:0 Reason:ConnectionClose
TerrainLogicSystem Tick 47
TerrainLogicSystem Tick 48
[11:10:35.3651340]:[ServerWorld] New connection ID:49
Starting game stream on connection 49!
'Spawning a Ghost '' for user '49' on connection '49'!
[11:10:35.6304820]:[ServerWorld] Connection disconnected ID:0 Reason:ConnectionClose
TerrainLogicSystem Tick 49
[11:10:38.6835130]:[ServerWorld] New connection ID:50
Starting game stream on connection 50!
'Spawning a Ghost '' for user '50' on connection '50'!
[11:10:38.8973520]:[ServerWorld] Connection disconnected ID:0 Reason:ConnectionClose
TerrainLogicSystem Tick 50
[11:10:40.9351520]:[ServerWorld] New connection ID:51
Starting game stream on connection 51!
'Spawning a Ghost '' for user '51' on connection '51'!
[11:10:41.1308180]:[ServerWorld] Connection disconnected ID:0 Reason:ConnectionClose
TerrainLogicSystem Tick 51
TerrainLogicSystem Tick 52
[11:10:44.7830890]:[ServerWorld] New connection ID:52
Starting game stream on connection 52!
'Spawning a Ghost '' for user '52' on connection '52'!
[11:10:45.0320070]:[ServerWorld] Connection disconnected ID:0 Reason:ConnectionClose
TerrainLogicSystem Tick 53
TerrainLogicSystem Tick 54
[11:10:47.9687610]:[ServerWorld] New connection ID:53
Starting game stream on connection 53!
'Spawning a Ghost '' for user '53' on connection '53'!
[11:10:48.2346300]:[ServerWorld] Connection disconnected ID:0 Reason:ConnectionClose
TerrainLogicSystem Tick 55
TerrainLogicSystem Tick 56
[11:10:50.7017120]:[ServerWorld] New connection ID:54
Starting game stream on connection 54!
'Spawning a Ghost '' for user '54' on connection '54'!
[11:10:50.8745670]:[ServerWorld] Connection disconnected ID:0 Reason:ConnectionClose
TerrainLogicSystem Tick 57
[11:10:53.2308590]:[ServerWorld] New connection ID:55
TerrainLogicSystem Tick 58
Starting game stream on connection 55!
'Spawning a Ghost '' for user '55' on connection '55'!
[11:10:53.6810790]:[ServerWorld] Connection disconnected ID:0 Reason:ConnectionClose
TerrainLogicSystem Tick 59
[11:10:55.5970970]:[ServerWorld] New connection ID:56
Starting game stream on connection 56!
'Spawning a Ghost '' for user '56' on connection '56'!
[11:10:55.8206410]:[ServerWorld] Connection disconnected ID:0 Reason:ConnectionClose
TerrainLogicSystem Tick 60
TerrainLogicSystem Tick 61
[11:10:58.0155410]:[ServerWorld] New connection ID:57
Starting game stream on connection 57!
'Spawning a Ghost '' for user '57' on connection '57'!
[11:10:58.2675100]:[ServerWorld] Connection disconnected ID:0 Reason:ConnectionClose
TerrainLogicSystem Tick 62
TerrainLogicSystem Tick 63
[11:11:01.4154900]:[ServerWorld] New connection ID:58
TerrainLogicSystem Tick 64
Starting game stream on connection 58!
'Spawning a Ghost '' for user '58' on connection '58'!
[11:11:01.7259390]:[ServerWorld] Connection disconnected ID:0 Reason:ConnectionClose
TerrainLogicSystem Tick 65
TerrainLogicSystem Tick 66
[11:11:05.4337120]:[ServerWorld] New connection ID:59
Starting game stream on connection 59!
'Spawning a Ghost '' for user '59' on connection '59'!
[11:11:05.6143750]:[ServerWorld] Connection disconnected ID:0 Reason:ConnectionClose
TerrainLogicSystem Tick 67
TerrainLogicSystem Tick 68
[11:11:08.7653980]:[ServerWorld] New connection ID:60
Starting game stream on connection 60!
TerrainLogicSystem Tick 69
'Spawning a Ghost '' for user '60' on connection '60'!
[11:11:09.1410310]:[ServerWorld] Connection disconnected ID:0 Reason:ConnectionClose
TerrainLogicSystem Tick 70
TerrainLogicSystem Tick 71
[11:11:12.0851820]:[ServerWorld] New connection ID:61
Starting game stream on connection 61!
'Spawning a Ghost '' for user '61' on connection '61'!
[11:11:12.3472600]:[ServerWorld] Connection disconnected ID:0 Reason:ConnectionClose
TerrainLogicSystem Tick 72
[11:11:14.5188450]:[ServerWorld] New connection ID:62
TerrainLogicSystem Tick 73
Starting game stream on connection 62!
'Spawning a Ghost '' for user '62' on connection '62'!
[11:11:14.8243910]:[ServerWorld] Connection disconnected ID:0 Reason:ConnectionClose
TerrainLogicSystem Tick 74
TerrainLogicSystem Tick 75
TerrainLogicSystem Tick 76
TerrainLogicSystem Tick 77
TerrainLogicSystem Tick 78
TerrainLogicSystem Tick 79
[11:11:18.3476870]:[ServerWorld] New connection ID:63
Starting game stream on connection 63!
'Spawning a Ghost '' for user '63' on connection '63'!
[11:11:18.5647990]:[ServerWorld] Connection disconnected ID:0 Reason:ConnectionClose
TerrainLogicSystem Tick 80
[11:11:19.5649130]:[ServerWorld] New connection ID:64
Starting game stream on connection 64!
'Spawning a Ghost '' for user '64' on connection '64'!
[11:11:19.7406670]:[ServerWorld] Connection disconnected ID:0 Reason:ConnectionClose
TerrainLogicSystem Tick 81
TerrainLogicSystem Tick 82
TerrainLogicSystem Tick 83
[11:11:22.4031150]:[ServerWorld] New connection ID:65
Starting game stream on connection 65!
'Spawning a Ghost '' for user '65' on connection '65'!
[11:11:22.5484900]:[ServerWorld] Connection disconnected ID:0 Reason:ConnectionClose
TerrainLogicSystem Tick 84
TerrainLogicSystem Tick 85
[11:11:25.5997990]:[ServerWorld] New connection ID:66
Starting game stream on connection 66!
'Spawning a Ghost '' for user '66' on connection '66'!
[11:11:25.7667820]:[ServerWorld] Connection disconnected ID:0 Reason:ConnectionClose
TerrainLogicSystem Tick 86
TerrainLogicSystem Tick 87
TerrainLogicSystem Tick 88
TerrainLogicSystem Tick 89
[11:11:29.3468130]:[ServerWorld] New connection ID:67
Starting game stream on connection 67!
'Spawning a Ghost '' for user '67' on connection '67'!
[11:11:29.6348310]:[ServerWorld] Connection disconnected ID:0 Reason:ConnectionClose
TerrainLogicSystem Tick 90
TerrainLogicSystem Tick 91
[11:11:30.8177070]:[ServerWorld] New connection ID:68
Starting game stream on connection 68!
'Spawning a Ghost '' for user '68' on connection '68'!
[11:11:30.9675570]:[ServerWorld] Connection disconnected ID:0 Reason:ConnectionClose
TerrainLogicSystem Tick 92
TerrainLogicSystem Tick 93
TerrainLogicSystem Tick 94
[11:11:35.0182050]:[ServerWorld] New connection ID:69
TerrainLogicSystem Tick 95
Starting game stream on connection 69!
'Spawning a Ghost '' for user '69' on connection '69'!
[11:11:35.3150130]:[ServerWorld] Connection disconnected ID:0 Reason:ConnectionClose
TerrainLogicSystem Tick 96
TerrainLogicSystem Tick 97
TerrainLogicSystem Tick 98
[11:11:38.2138360]:[ServerWorld] New connection ID:70
Starting game stream on connection 70!
'Spawning a Ghost '' for user '70' on connection '70'!
[11:11:38.4467930]:[ServerWorld] Connection disconnected ID:0 Reason:ConnectionClose
TerrainLogicSystem Tick 99
TerrainLogicSystem Tick 100
TerrainLogicSystem Tick 101
TerrainLogicSystem Tick 102
[11:11:42.7368370]:[ServerWorld] New connection ID:71
Starting game stream on connection 71!
'Spawning a Ghost '' for user '71' on connection '71'!
[11:11:42.9531030]:[ServerWorld] Connection disconnected ID:0 Reason:ConnectionClose
TerrainLogicSystem Tick 103
TerrainLogicSystem Tick 104
[11:11:45.3475220]:[ServerWorld] New connection ID:72
Starting game stream on connection 72!
'Spawning a Ghost '' for user '72' on connection '72'!
[11:11:45.5530900]:[ServerWorld] Connection disconnected ID:0 Reason:ConnectionClose
TerrainLogicSystem Tick 105
[11:11:46.5686010]:[ServerWorld] New connection ID:73
TerrainLogicSystem Tick 106
Starting game stream on connection 73!
'Spawning a Ghost '' for user '73' on connection '73'!
[11:11:46.8346580]:[ServerWorld] Connection disconnected ID:0 Reason:ConnectionClose
TerrainLogicSystem Tick 107
TerrainLogicSystem Tick 108
[11:11:49.1504150]:[ServerWorld] New connection ID:74
Starting game stream on connection 74!
'Spawning a Ghost '' for user '74' on connection '74'!
[11:11:49.3472390]:[ServerWorld] Connection disconnected ID:0 Reason:ConnectionClose
TerrainLogicSystem Tick 109
TerrainLogicSystem Tick 110
TerrainLogicSystem Tick 111
TerrainLogicSystem Tick 112
[11:11:53.3160670]:[ServerWorld] New connection ID:75
TerrainLogicSystem Tick 113
Starting game stream on connection 75!
'Spawning a Ghost '' for user '75' on connection '75'!
[11:11:53.6025850]:[ServerWorld] Connection disconnected ID:0 Reason:ConnectionClose
TerrainLogicSystem Tick 114
TerrainLogicSystem Tick 115
[11:11:55.7840460]:[ServerWorld] New connection ID:76
Starting game stream on connection 76!
'Spawning a Ghost '' for user '76' on connection '76'!
[11:11:55.9800260]:[ServerWorld] Connection disconnected ID:0 Reason:ConnectionClose
TerrainLogicSystem Tick 116
TerrainLogicSystem Tick 117
TerrainLogicSystem Tick 118
TerrainLogicSystem Tick 119
TerrainLogicSystem Tick 120
[11:11:59.8666190]:[ServerWorld] New connection ID:77
Starting game stream on connection 77!
'Spawning a Ghost '' for user '77' on connection '77'!
[11:11:59.9476370]:[ServerWorld] Connection disconnected ID:0 Reason:ConnectionClose
TerrainLogicSystem Tick 121
TerrainLogicSystem Tick 122
TerrainLogicSystem Tick 123
[11:12:02.7200210]:[ServerWorld] New connection ID:78
Starting game stream on connection 78!
TerrainLogicSystem Tick 124
'Spawning a Ghost '' for user '78' on connection '78'!
[11:12:02.9973110]:[ServerWorld] Connection disconnected ID:0 Reason:ConnectionClose
TerrainLogicSystem Tick 125
[11:12:04.0895270]:[ServerWorld] New connection ID:79
Starting game stream on connection 79!
TerrainLogicSystem Tick 126
'Spawning a Ghost '' for user '79' on connection '79'!
[11:12:04.4190290]:[ServerWorld] Connection disconnected ID:0 Reason:ConnectionClose
TerrainLogicSystem Tick 127
TerrainLogicSystem Tick 128
TerrainLogicSystem Tick 129
TerrainLogicSystem Tick 130
TerrainLogicSystem Tick 131
[11:12:09.1971300]:[ServerWorld] New connection ID:80
Starting game stream on connection 80!
'Spawning a Ghost '' for user '80' on connection '80'!
[11:12:09.4696330]:[ServerWorld] Connection disconnected ID:0 Reason:ConnectionClose
TerrainLogicSystem Tick 132
TerrainLogicSystem Tick 133
TerrainLogicSystem Tick 134
[11:12:11.7981550]:[ServerWorld] New connection ID:81
Starting game stream on connection 81!
'Spawning a Ghost '' for user '81' on connection '81'!
[11:12:12.0174310]:[ServerWorld] Connection disconnected ID:0 Reason:ConnectionClose
TerrainLogicSystem Tick 135
[11:12:13.1492710]:[ServerWorld] New connection ID:82
Starting game stream on connection 82!
'Spawning a Ghost '' for user '82' on connection '82'!
[11:12:13.2995410]:[ServerWorld] Connection disconnected ID:0 Reason:ConnectionClose
TerrainLogicSystem Tick 136
TerrainLogicSystem Tick 137
TerrainLogicSystem Tick 138
TerrainLogicSystem Tick 139
[11:12:16.9641130]:[ServerWorld] New connection ID:83
Starting game stream on connection 83!
'Spawning a Ghost '' for user '83' on connection '83'!
[11:12:17.1820480]:[ServerWorld] Connection disconnected ID:0 Reason:ConnectionClose
TerrainLogicSystem Tick 140
TerrainLogicSystem Tick 141
TerrainLogicSystem Tick 142
TerrainLogicSystem Tick 143
[11:12:20.6852970]:[ServerWorld] New connection ID:84
TerrainLogicSystem Tick 144
Starting game stream on connection 84!
'Spawning a Ghost '' for user '84' on connection '84'!
[11:12:20.8698040]:[ServerWorld] Connection disconnected ID:0 Reason:ConnectionClose
CompleteSend failed with the following error code: -5
UnityEngine.DebugLogHandler:Internal_Log(LogType, LogOption, String, Object)
UnityEngine.DebugLogHandler:LogFormat(LogType, Object, String, Object[])
UnityEngine.Logger:Log(LogType, Object)
UnityEngine.Debug:LogWarning(Object)
Unity.Logging.Sinks.ManagedUnityEngineDebugLogWrapper:WriteFunc(LogLevel, Byte*, Int32)

An error occurred during EndSend. ErrorCode: -5
UnityEngine.DebugLogHandler:Internal_Log(LogType, LogOption, String, Object)
UnityEngine.DebugLogHandler:LogFormat(LogType, Object, String, Object[])
UnityEngine.Logger:Log(LogType, Object)
UnityEngine.Debug:LogWarning(Object)
Unity.Logging.Sinks.ManagedUnityEngineDebugLogWrapper:WriteFunc(LogLevel, Byte*, Int32)

CompleteSend failed with the following error code: -5
UnityEngine.DebugLogHandler:Internal_Log(LogType, LogOption, String, Object)
UnityEngine.DebugLogHandler:LogFormat(LogType, Object, String, Object[])
UnityEngine.Logger:Log(LogType, Object)
UnityEngine.Debug:LogWarning(Object)
Unity.Logging.Sinks.ManagedUnityEngineDebugLogWrapper:WriteFunc(LogLevel, Byte*, Int32)

An error occurred during EndSend. ErrorCode: -5
UnityEngine.DebugLogHandler:Internal_Log(LogType, LogOption, String, Object)
UnityEngine.DebugLogHandler:LogFormat(LogType, Object, String, Object[])
UnityEngine.Logger:Log(LogType, Object)
UnityEngine.Debug:LogWarning(Object)
Unity.Logging.Sinks.ManagedUnityEngineDebugLogWrapper:WriteFunc(LogLevel, Byte*, Int32)

TerrainLogicSystem Tick 145
TerrainLogicSystem Tick 146
TerrainLogicSystem Tick 147
TerrainLogicSystem Tick 148
TerrainLogicSystem Tick 149
TerrainLogicSystem Tick 150
TerrainLogicSystem Tick 151
TerrainLogicSystem Tick 152
TerrainLogicSystem Tick 153
[11:12:24.4176470]:[ServerWorld] New connection ID:85
Starting game stream on connection 85!
TerrainLogicSystem Tick 154
'Spawning a Ghost '' for user '85' on connection '85'!
[11:12:24.6382500]:[ServerWorld] Connection disconnected ID:0 Reason:ConnectionClose
TerrainLogicSystem Tick 155
TerrainLogicSystem Tick 156
[11:12:25.9999990]:[ServerWorld] New connection ID:86
Starting game stream on connection 86!
'Spawning a Ghost '' for user '86' on connection '86'!
[11:12:26.0251730]:[ServerWorld] Connection disconnected ID:0 Reason:ConnectionClose
TerrainLogicSystem Tick 157
TerrainLogicSystem Tick 158
TerrainLogicSystem Tick 159
TerrainLogicSystem Tick 160
TerrainLogicSystem Tick 161
TerrainLogicSystem Tick 162
[11:12:30.2310510]:[ServerWorld] New connection ID:87
Starting game stream on connection 87!
'Spawning a Ghost '' for user '87' on connection '87'!
[11:12:30.4316620]:[ServerWorld] Connection disconnected ID:0 Reason:ConnectionClose
TerrainLogicSystem Tick 163
TerrainLogicSystem Tick 164
TerrainLogicSystem Tick 165
TerrainLogicSystem Tick 166
[11:12:33.2172150]:[ServerWorld] New connection ID:88
TerrainLogicSystem Tick 167
Starting game stream on connection 88!
'Spawning a Ghost '' for user '88' on connection '88'!
[11:12:33.5472980]:[ServerWorld] Connection disconnected ID:0 Reason:ConnectionClose
TerrainLogicSystem Tick 168
TerrainLogicSystem Tick 169
TerrainLogicSystem Tick 170
[11:12:36.3849400]:[ServerWorld] New connection ID:89
Starting game stream on connection 89!
'Spawning a Ghost '' for user '89' on connection '89'!
[11:12:36.5844350]:[ServerWorld] Connection disconnected ID:0 Reason:ConnectionClose
TerrainLogicSystem Tick 171
TerrainLogicSystem Tick 172
TerrainLogicSystem Tick 173
TerrainLogicSystem Tick 174
TerrainLogicSystem Tick 175
[11:12:39.4494740]:[ServerWorld] New connection ID:90
Starting game stream on connection 90!
'Spawning a Ghost '' for user '90' on connection '90'!
[11:12:39.7195300]:[ServerWorld] Connection disconnected ID:0 Reason:ConnectionClose
TerrainLogicSystem Tick 176
TerrainLogicSystem Tick 177
TerrainLogicSystem Tick 178
TerrainLogicSystem Tick 179
TerrainLogicSystem Tick 180
TerrainLogicSystem Tick 181
TerrainLogicSystem Tick 182
TerrainLogicSystem Tick 183
TerrainLogicSystem Tick 184
TerrainLogicSystem Tick 185
TerrainLogicSystem Tick 186
TerrainLogicSystem Tick 187
TerrainLogicSystem Tick 188
TerrainLogicSystem Tick 189
TerrainLogicSystem Tick 190
TerrainLogicSystem Tick 191
TerrainLogicSystem Tick 192
TerrainLogicSystem Tick 193
TerrainLogicSystem Tick 194
TerrainLogicSystem Tick 195
TerrainLogicSystem Tick 196
TerrainLogicSystem Tick 197
TerrainLogicSystem Tick 198
TerrainLogicSystem Tick 199
TerrainLogicSystem Tick 200
TerrainLogicSystem Tick 201
TerrainLogicSystem Tick 202
TerrainLogicSystem Tick 203
TerrainLogicSystem Tick 204
TerrainLogicSystem Tick 205
TerrainLogicSystem Tick 206
TerrainLogicSystem Tick 207
TerrainLogicSystem Tick 208
TerrainLogicSystem Tick 209
TerrainLogicSystem Tick 210
TerrainLogicSystem Tick 211
TerrainLogicSystem Tick 212
TerrainLogicSystem Tick 213
TerrainLogicSystem Tick 214
TerrainLogicSystem Tick 215
TerrainLogicSystem Tick 216
TerrainLogicSystem Tick 217
TerrainLogicSystem Tick 218
TerrainLogicSystem Tick 219
TerrainLogicSystem Tick 220
TerrainLogicSystem Tick 221
TerrainLogicSystem Tick 222
TerrainLogicSystem Tick 223
TerrainLogicSystem Tick 224
TerrainLogicSystem Tick 225
TerrainLogicSystem Tick 226
TerrainLogicSystem Tick 227
TerrainLogicSystem Tick 228
TerrainLogicSystem Tick 229
TerrainLogicSystem Tick 230
TerrainLogicSystem Tick 231
TerrainLogicSystem Tick 232
TerrainLogicSystem Tick 233
TerrainLogicSystem Tick 234
TerrainLogicSystem Tick 235
TerrainLogicSystem Tick 236
TerrainLogicSystem Tick 237
TerrainLogicSystem Tick 238
TerrainLogicSystem Tick 239
TerrainLogicSystem Tick 240
TerrainLogicSystem Tick 241
TerrainLogicSystem Tick 242
TerrainLogicSystem Tick 243
TerrainLogicSystem Tick 244
TerrainLogicSystem Tick 245
TerrainLogicSystem Tick 246
TerrainLogicSystem Tick 247
TerrainLogicSystem Tick 248
TerrainLogicSystem Tick 249
TerrainLogicSystem Tick 250
TerrainLogicSystem Tick 251
TerrainLogicSystem Tick 252
TerrainLogicSystem Tick 253
TerrainLogicSystem Tick 254
TerrainLogicSystem Tick 255
TerrainLogicSystem Tick 256
TerrainLogicSystem Tick 257
TerrainLogicSystem Tick 258
TerrainLogicSystem Tick 259
TerrainLogicSystem Tick 260
TerrainLogicSystem Tick 261
TerrainLogicSystem Tick 262
TerrainLogicSystem Tick 263
TerrainLogicSystem Tick 264
TerrainLogicSystem Tick 265
TerrainLogicSystem Tick 266
TerrainLogicSystem Tick 267
TerrainLogicSystem Tick 268
TerrainLogicSystem Tick 269
TerrainLogicSystem Tick 270
TerrainLogicSystem Tick 271
TerrainLogicSystem Tick 272
TerrainLogicSystem Tick 273
TerrainLogicSystem Tick 274
TerrainLogicSystem Tick 275
TerrainLogicSystem Tick 276
TerrainLogicSystem Tick 277
TerrainLogicSystem Tick 278
TerrainLogicSystem Tick 279
TerrainLogicSystem Tick 280
TerrainLogicSystem Tick 281
TerrainLogicSystem Tick 282
TerrainLogicSystem Tick 283
TerrainLogicSystem Tick 284
TerrainLogicSystem Tick 285
TerrainLogicSystem Tick 286
TerrainLogicSystem Tick 287
TerrainLogicSystem Tick 288
TerrainLogicSystem Tick 289
TerrainLogicSystem Tick 290
TerrainLogicSystem Tick 291
TerrainLogicSystem Tick 292
TerrainLogicSystem Tick 293
TerrainLogicSystem Tick 294
TerrainLogicSystem Tick 295
TerrainLogicSystem Tick 296
TerrainLogicSystem Tick 297
TerrainLogicSystem Tick 298
TerrainLogicSystem Tick 299
TerrainLogicSystem Tick 300
TerrainLogicSystem Tick 301
TerrainLogicSystem Tick 302
TerrainLogicSystem Tick 303
TerrainLogicSystem Tick 304
TerrainLogicSystem Tick 305
TerrainLogicSystem Tick 306
TerrainLogicSystem Tick 307
TerrainLogicSystem Tick 308
TerrainLogicSystem Tick 309
TerrainLogicSystem Tick 310
TerrainLogicSystem Tick 311
TerrainLogicSystem Tick 312
TerrainLogicSystem Tick 313
TerrainLogicSystem Tick 314
TerrainLogicSystem Tick 315
TerrainLogicSystem Tick 316
TerrainLogicSystem Tick 317
TerrainLogicSystem Tick 318
TerrainLogicSystem Tick 319
TerrainLogicSystem Tick 320
TerrainLogicSystem Tick 321
TerrainLogicSystem Tick 322
TerrainLogicSystem Tick 323
TerrainLogicSystem Tick 324
TerrainLogicSystem Tick 325
TerrainLogicSystem Tick 326
TerrainLogicSystem Tick 327
TerrainLogicSystem Tick 328
TerrainLogicSystem Tick 329
TerrainLogicSystem Tick 330
TerrainLogicSystem Tick 331
TerrainLogicSystem Tick 332
TerrainLogicSystem Tick 333
TerrainLogicSystem Tick 334
TerrainLogicSystem Tick 335
TerrainLogicSystem Tick 336
TerrainLogicSystem Tick 337
TerrainLogicSystem Tick 338
TerrainLogicSystem Tick 339
TerrainLogicSystem Tick 340
TerrainLogicSystem Tick 341
TerrainLogicSystem Tick 342
TerrainLogicSystem Tick 343
TerrainLogicSystem Tick 344
TerrainLogicSystem Tick 345
TerrainLogicSystem Tick 346
TerrainLogicSystem Tick 347
TerrainLogicSystem Tick 348
TerrainLogicSystem Tick 349
TerrainLogicSystem Tick 350
TerrainLogicSystem Tick 351
TerrainLogicSystem Tick 352
TerrainLogicSystem Tick 353
TerrainLogicSystem Tick 354
TerrainLogicSystem Tick 355
TerrainLogicSystem Tick 356
TerrainLogicSystem Tick 357
TerrainLogicSystem Tick 358
TerrainLogicSystem Tick 359
TerrainLogicSystem Tick 360
TerrainLogicSystem Tick 361
TerrainLogicSystem Tick 362
TerrainLogicSystem Tick 363
TerrainLogicSystem Tick 364
TerrainLogicSystem Tick 365
TerrainLogicSystem Tick 366
TerrainLogicSystem Tick 367
TerrainLogicSystem Tick 368
TerrainLogicSystem Tick 369
TerrainLogicSystem Tick 370
TerrainLogicSystem Tick 371
TerrainLogicSystem Tick 372
TerrainLogicSystem Tick 373
TerrainLogicSystem Tick 374
TerrainLogicSystem Tick 375
TerrainLogicSystem Tick 376
TerrainLogicSystem Tick 377
TerrainLogicSystem Tick 378
TerrainLogicSystem Tick 379
TerrainLogicSystem Tick 380
TerrainLogicSystem Tick 381
TerrainLogicSystem Tick 382
TerrainLogicSystem Tick 383
TerrainLogicSystem Tick 384
TerrainLogicSystem Tick 385
TerrainLogicSystem Tick 386
TerrainLogicSystem Tick 387
TerrainLogicSystem Tick 388
TerrainLogicSystem Tick 389
TerrainLogicSystem Tick 390
TerrainLogicSystem Tick 391
TerrainLogicSystem Tick 392
TerrainLogicSystem Tick 393
TerrainLogicSystem Tick 394
TerrainLogicSystem Tick 395
TerrainLogicSystem Tick 396
TerrainLogicSystem Tick 397
TerrainLogicSystem Tick 398
TerrainLogicSystem Tick 399
TerrainLogicSystem Tick 400
TerrainLogicSystem Tick 401
TerrainLogicSystem Tick 402
TerrainLogicSystem Tick 403
TerrainLogicSystem Tick 404
TerrainLogicSystem Tick 405
TerrainLogicSystem Tick 406
TerrainLogicSystem Tick 407
TerrainLogicSystem Tick 408
TerrainLogicSystem Tick 409
TerrainLogicSystem Tick 410
TerrainLogicSystem Tick 411
TerrainLogicSystem Tick 412
TerrainLogicSystem Tick 413
TerrainLogicSystem Tick 414
TerrainLogicSystem Tick 415
TerrainLogicSystem Tick 416
TerrainLogicSystem Tick 417
TerrainLogicSystem Tick 418
TerrainLogicSystem Tick 419
TerrainLogicSystem Tick 420
TerrainLogicSystem Tick 421
TerrainLogicSystem Tick 422
TerrainLogicSystem Tick 423
TerrainLogicSystem Tick 424
TerrainLogicSystem Tick 425
TerrainLogicSystem Tick 426
TerrainLogicSystem Tick 427
TerrainLogicSystem Tick 428
TerrainLogicSystem Tick 429
TerrainLogicSystem Tick 430
TerrainLogicSystem Tick 431
TerrainLogicSystem Tick 432
TerrainLogicSystem Tick 433
Caught fatal signal - signo:15 code:0 errno:0 addr:0x15020002cf96
Obtained 30 stack frames.
#0  0x007f11fc8739c9 in PlayerMain(int, char**)
#1  0x007f11fc8684b7 in (Unknown)
#2  0x007f11fa5d0c20 in funlockfile
#3  0x007f1197cc3d47 in GC_push_marked
#4  0x007f1197cc27bc in GC_push_next_marked_dirty
#5  0x007f1197cbc985 in GC_mark_some
#6  0x007f1197cbbb6d in GC_stopped_mark
#7  0x007f1197cbb1cc in GC_maybe_gc
#8  0x007f1197cbc7b7 in GC_collect_a_little_inner
#9  0x007f1197cbe721 in GC_allocobj
#10 0x007f1197cb724d in GC_generic_malloc_inner
#11 0x007f1197cb70a2 in GC_gcj_malloc
#12 0x007f1197c903ed in il2cpp::vm::Object::NewAllocSpecific(Il2CppClass*)
#13 0x007f119ccc5e26 in ExecutableUnitySynchronizationContext_ExecuteAndAppendNextExecute_m5A66859E918F62A284DB4DCEE3E749D1C623C9DE
#14 0x007f119ccc4e2f in ExecutableUnitySynchronizationContext_SendOrPostCallback_mDF463B05D415B412854A7C4C2EEA7C0529BB8D27
#15 0x007f119cd8a6b0 in WorkRequest_Invoke_mBFEC6A3799BAFDE7ED840A0523D3D56160C03921
#16 0x007f119cd8a584 in UnitySynchronizationContext_Exec_m7E6352CBA70E4AB14F7D50A919C3F8C22F2E977A
#17 0x007f119cd8a929 in UnitySynchronizationContext_ExecuteTasks_m3034D59292339809C6D7FA5932ACC365892B8CA1
#18 0x007f1197c35713 in il2cpp::vm::Runtime::InvokeWithThrow(MethodInfo const*, void*, void**)
#19 0x007f1197c3567b in il2cpp::vm::Runtime::Invoke(MethodInfo const*, void*, void**, Il2CppException**)
#20 0x007f11fc7acf0b in (Unknown)
#21 0x007f11fc7b7cd7 in (Unknown)
#22 0x007f11fc8a10de in PlayerMain(int, char**)
#23 0x007f11fc2ffa56 in (Unknown)
#24 0x007f11fc2eb247 in (Unknown)
#25 0x007f11fc2eb201 in (Unknown)
#26 0x007f11fc2eb570 in (Unknown)
#27 0x007f11fc86a077 in PlayerMain(int, char**)
#28 0x007f11fa21c493 in __libc_start_main
#29 0x00000000201029 in _start
Setting up 12 worker threads for Enlighten.
Calling DomainUnloadOrPlayModeChangeShutdown!
Writing stats to file
Caught fatal signal - signo:11 code:1 errno:0 addr:0x48
Obtained 25 stack frames.
#0  0x007f11fc8739c9 in PlayerMain(int, char**)
#1  0x007f11fc8684b7 in (Unknown)
#2  0x007f11fa5d0c20 in funlockfile
#3  0x007f11fc22bff3 in (Unknown)
#4  0x007f11fc22c671 in (Unknown)
#5  0x007f11fc20ce7a in (Unknown)
#6  0x007f11fcc0842e in PlayerMain(int, char**)
#7  0x007f11fbbba426 in (Unknown)
#8  0x007f119cd177a0 in ContentLoadInterface_ContentFile_UnloadAsync_Injected_mBD2F1D561285B0DE37DCDA4DEA75931201B5E680
#9  0x007f119cd16c0f in ContentLoadInterface_ContentFile_UnloadAsync_m197A3C60564D4E9F9049BAD57B46FB404A8F17BD
#10 0x007f119cd16ab5 in ContentFile_UnloadAsync_mF35518E83FCF4C1701AF2C6CEBF7E507490481D6
#11 0x007f119bf8e9ea in RuntimeContentManager_ReleaseFile_m12EDB377B39EF4D01B3268E711303D79747A4F4C
#12 0x007f119bf8c8dc in RuntimeContentManager_ReleaseObjectImpl_m84E24B7727CAA367D95ABC97FC529A5594840414
#13 0x007f119bf8af68 in RuntimeContentManager_Cleanup_m6436DF58ED05204D0A7DFACFB212018BD6B813FD
#14 0x007f119bf8c3b8 in RuntimeContentManager_OnShutdown_m09B1F0AD37BE7168472DDB84F55C43F02CD40113
#15 0x007f1197a8b516 in EventHandler_Invoke_m9D3126CBE291A3E7E7C304094E1DA846832F9B96_Multicast(EventHandler_tC6323FD7E6163F965259C33D72612C0E5B9BAB82*, Il2CppObject*, EventArgs_t37273F03EAC87217701DD431B190FBD84AD7C377*, MethodInfo const*)
#16 0x007f119b3f9cd0 in EventHandler_Invoke_m9D3126CBE291A3E7E7C304094E1DA846832F9B96
#17 0x007f1197c35713 in il2cpp::vm::Runtime::InvokeWithThrow(MethodInfo const*, void*, void**)
#18 0x007f1197c3567b in il2cpp::vm::Runtime::Invoke(MethodInfo const*, void*, void**, Il2CppException**)
#19 0x007f1197c351bc in il2cpp::vm::Runtime::Shutdown()
#20 0x007f11fc7c1f56 in (Unknown)
#21 0x007f11fc2fd658 in (Unknown)
#22 0x007f11fc869ee6 in PlayerMain(int, char**)
#23 0x007f11fa21c493 in __libc_start_main
#24 0x00000000201029 in _start
